[ 2015-04-16T21:30:14+08:00 ] 127.0.0.1 /1001hotel/
INFO: [ app_init ] --START--
INFO: Run Behavior\BuildLiteBehavior [ RunTime:0.000037s ]
INFO: [ app_init ] --END-- [ RunTime:0.027291s ]
INFO: [ app_begin ] --START--
INFO: Run Behavior\ReadHtmlCacheBehavior [ RunTime:0.012286s ]
INFO: [ app_begin ] --END-- [ RunTime:0.012468s ]
INFO: [ view_parse ] --START--
INFO: [ template_filter ] --START--
INFO: Run Behavior\ContentReplaceBehavior [ RunTime:0.000117s ]
INFO: [ template_filter ] --END-- [ RunTime:0.000265s ]
INFO: Run Behavior\ParseTemplateBehavior [ RunTime:0.157168s ]
INFO: [ view_parse ] --END-- [ RunTime:0.157338s ]
INFO: [ view_filter ] --START--
INFO: Run Behavior\WriteHtmlCacheBehavior [ RunTime:0.005631s ]
INFO: [ view_filter ] --END-- [ RunTime:0.005767s ]
INFO: [ app_end ] --START--
INFO: Run Behavior\ShowPageTraceBehavior [ RunTime:0.017370s ]
INFO: [ app_end ] --END-- [ RunTime:0.017531s ]

[ 2015-04-16T21:31:48+08:00 ] 127.0.0.1 /1001hotel/index.php/Home/Index/about
INFO: [ app_init ] --START--
INFO: Run Behavior\BuildLiteBehavior [ RunTime:0.000036s ]
INFO: [ app_init ] --END-- [ RunTime:0.001820s ]
INFO: [ app_begin ] --START--
INFO: Run Behavior\ReadHtmlCacheBehavior [ RunTime:0.002610s ]
INFO: [ app_begin ] --END-- [ RunTime:0.002786s ]
INFO: [ view_parse ] --START--
INFO: [ template_filter ] --START--
INFO: Run Behavior\ContentReplaceBehavior [ RunTime:0.000318s ]
INFO: [ template_filter ] --END-- [ RunTime:0.000496s ]
INFO: Run Behavior\ParseTemplateBehavior [ RunTime:0.066935s ]
INFO: [ view_parse ] --END-- [ RunTime:0.067206s ]
INFO: [ view_filter ] --START--
INFO: Run Behavior\WriteHtmlCacheBehavior [ RunTime:0.001896s ]
INFO: [ view_filter ] --END-- [ RunTime:0.002024s ]
INFO: [ app_end ] --START--
INFO: Run Behavior\ShowPageTraceBehavior [ RunTime:0.006263s ]
INFO: [ app_end ] --END-- [ RunTime:0.006432s ]

[ 2015-04-16T21:32:15+08:00 ] 127.0.0.1 /1001hotel/index.php/Home/Index/index
INFO: [ app_init ] --START--
INFO: Run Behavior\BuildLiteBehavior [ RunTime:0.000037s ]
INFO: [ app_init ] --END-- [ RunTime:0.001814s ]
INFO: [ app_begin ] --START--
INFO: Run Behavior\ReadHtmlCacheBehavior [ RunTime:0.002754s ]
INFO: [ app_begin ] --END-- [ RunTime:0.002921s ]
INFO: [ view_parse ] --START--
INFO: [ template_filter ] --START--
INFO: Run Behavior\ContentReplaceBehavior [ RunTime:0.000133s ]
INFO: [ template_filter ] --END-- [ RunTime:0.000296s ]
INFO: Run Behavior\ParseTemplateBehavior [ RunTime:0.035216s ]
INFO: [ view_parse ] --END-- [ RunTime:0.035455s ]
INFO: [ view_filter ] --START--
INFO: Run Behavior\WriteHtmlCacheBehavior [ RunTime:0.002810s ]
INFO: [ view_filter ] --END-- [ RunTime:0.002944s ]
INFO: [ app_end ] --START--
INFO: Run Behavior\ShowPageTraceBehavior [ RunTime:0.002518s ]
INFO: [ app_end ] --END-- [ RunTime:0.002665s ]

[ 2015-04-16T22:28:14+08:00 ] 127.0.0.1 /1001hotel/index.php/Home/Index/index
INFO: [ app_init ] --START--
INFO: Run Behavior\BuildLiteBehavior [ RunTime:0.000034s ]
INFO: [ app_init ] --END-- [ RunTime:0.002064s ]
INFO: [ app_begin ] --START--
INFO: Run Behavior\ReadHtmlCacheBehavior [ RunTime:0.004788s ]
INFO: [ app_begin ] --END-- [ RunTime:0.004963s ]
SQL: SHOW COLUMNS FROM `atype_info` [ RunTime:0.0530s ]
SQL: SELECT * FROM `atype_info` WHERE ( type_id = 102 )  [ RunTime:0.0048s ]
INFO: [ view_parse ] --START--
INFO: [ template_filter ] --START--
INFO: Run Behavior\ContentReplaceBehavior [ RunTime:0.000114s ]
INFO: [ template_filter ] --END-- [ RunTime:0.000268s ]
INFO: Run Behavior\ParseTemplateBehavior [ RunTime:0.115131s ]
INFO: [ view_parse ] --END-- [ RunTime:0.115302s ]
INFO: [ view_filter ] --START--
INFO: Run Behavior\WriteHtmlCacheBehavior [ RunTime:0.011207s ]
INFO: [ view_filter ] --END-- [ RunTime:0.011338s ]
INFO: [ app_end ] --START--
INFO: Run Behavior\ShowPageTraceBehavior [ RunTime:0.012586s ]
INFO: [ app_end ] --END-- [ RunTime:0.013284s ]

[ 2015-04-16T22:53:17+08:00 ] 127.0.0.1 /1001hotel/index.php/Home/Index/index
INFO: [ app_init ] --START--
INFO: Run Behavior\BuildLiteBehavior [ RunTime:0.000038s ]
INFO: [ app_init ] --END-- [ RunTime:0.002776s ]
INFO: [ app_begin ] --START--
INFO: Run Behavior\ReadHtmlCacheBehavior [ RunTime:0.010056s ]
INFO: [ app_begin ] --END-- [ RunTime:0.010288s ]
SQL: SHOW COLUMNS FROM `atype_info` [ RunTime:0.0316s ]
SQL: SELECT * FROM `atype_info` WHERE ( type_id = 102 ) ORDER BY num desc  [ RunTime:0.0050s ]
SQL: SELECT * FROM `atype_info` WHERE ( type_id = 104 ) ORDER BY num desc  [ RunTime:0.0036s ]
INFO: [ view_parse ] --START--
INFO: [ template_filter ] --START--
INFO: Run Behavior\ContentReplaceBehavior [ RunTime:0.000103s ]
INFO: [ template_filter ] --END-- [ RunTime:0.000243s ]
INFO: Run Behavior\ParseTemplateBehavior [ RunTime:0.105358s ]
INFO: [ view_parse ] --END-- [ RunTime:0.105535s ]
INFO: [ view_filter ] --START--
INFO: Run Behavior\WriteHtmlCacheBehavior [ RunTime:0.022820s ]
INFO: [ view_filter ] --END-- [ RunTime:0.022968s ]
INFO: [ app_end ] --START--
INFO: Run Behavior\ShowPageTraceBehavior [ RunTime:0.007102s ]
INFO: [ app_end ] --END-- [ RunTime:0.008953s ]

[ 2015-04-16T22:54:42+08:00 ] 127.0.0.1 /1001hotel/index.php/Home/Index/index
INFO: [ app_init ] --START--
INFO: Run Behavior\BuildLiteBehavior [ RunTime:0.000035s ]
INFO: [ app_init ] --END-- [ RunTime:0.002971s ]
INFO: [ app_begin ] --START--
INFO: Run Behavior\ReadHtmlCacheBehavior [ RunTime:0.007505s ]
INFO: [ app_begin ] --END-- [ RunTime:0.007678s ]
ERR: SQLSTATE[HY000]: General error: 1 Can't create/write to file 'C:\Windows\TEMP\#sql_254_0.MYI' (Errcode: 13)

[ 2015-04-16T22:55:05+08:00 ] 127.0.0.1 /1001hotel/index.php/Home/Index/about
INFO: [ app_init ] --START--
INFO: Run Behavior\BuildLiteBehavior [ RunTime:0.000035s ]
INFO: [ app_init ] --END-- [ RunTime:0.001906s ]
INFO: [ app_begin ] --START--
INFO: Run Behavior\ReadHtmlCacheBehavior [ RunTime:0.008943s ]
INFO: [ app_begin ] --END-- [ RunTime:0.009117s ]
INFO: [ view_parse ] --START--
INFO: [ template_filter ] --START--
INFO: Run Behavior\ContentReplaceBehavior [ RunTime:0.000214s ]
INFO: [ template_filter ] --END-- [ RunTime:0.000363s ]
INFO: Run Behavior\ParseTemplateBehavior [ RunTime:0.070678s ]
INFO: [ view_parse ] --END-- [ RunTime:0.070839s ]
INFO: [ view_filter ] --START--
INFO: Run Behavior\WriteHtmlCacheBehavior [ RunTime:0.006352s ]
INFO: [ view_filter ] --END-- [ RunTime:0.006480s ]
INFO: [ app_end ] --START--
INFO: Run Behavior\ShowPageTraceBehavior [ RunTime:0.008810s ]
INFO: [ app_end ] --END-- [ RunTime:0.008978s ]

[ 2015-04-16T22:55:25+08:00 ] 127.0.0.1 /1001hotel/index.php/Home/Index/index
INFO: [ app_init ] --START--
INFO: Run Behavior\BuildLiteBehavior [ RunTime:0.000036s ]
INFO: [ app_init ] --END-- [ RunTime:0.004281s ]
INFO: [ app_begin ] --START--
INFO: Run Behavior\ReadHtmlCacheBehavior [ RunTime:0.005701s ]
INFO: [ app_begin ] --END-- [ RunTime:0.005870s ]
SQL: SHOW COLUMNS FROM `atype_info` [ RunTime:0.0308s ]
SQL: SELECT * FROM `atype_info` WHERE ( type_id = 102 ) ORDER BY num desc  [ RunTime:0.0034s ]
SQL: SELECT * FROM `atype_info` WHERE ( type_id = 104 ) ORDER BY num desc  [ RunTime:0.0020s ]
INFO: [ view_parse ] --START--
INFO: [ template_filter ] --START--
INFO: Run Behavior\ContentReplaceBehavior [ RunTime:0.000163s ]
INFO: [ template_filter ] --END-- [ RunTime:0.000370s ]
INFO: Run Behavior\ParseTemplateBehavior [ RunTime:0.046123s ]
INFO: [ view_parse ] --END-- [ RunTime:0.046308s ]
INFO: [ view_filter ] --START--
INFO: Run Behavior\WriteHtmlCacheBehavior [ RunTime:0.004123s ]
INFO: [ view_filter ] --END-- [ RunTime:0.004277s ]
INFO: [ app_end ] --START--
INFO: Run Behavior\ShowPageTraceBehavior [ RunTime:0.008754s ]
INFO: [ app_end ] --END-- [ RunTime:0.008891s ]

[ 2015-04-16T22:55:33+08:00 ] 127.0.0.1 /1001hotel/index.php/Home/Index/about.html
INFO: [ app_init ] --START--
INFO: Run Behavior\BuildLiteBehavior [ RunTime:0.000036s ]
INFO: [ app_init ] --END-- [ RunTime:0.002025s ]
INFO: [ app_begin ] --START--
INFO: Run Behavior\ReadHtmlCacheBehavior [ RunTime:0.005473s ]
INFO: [ app_begin ] --END-- [ RunTime:0.005866s ]
INFO: [ view_parse ] --START--
INFO: [ template_filter ] --START--
INFO: Run Behavior\ContentReplaceBehavior [ RunTime:0.000207s ]
INFO: [ template_filter ] --END-- [ RunTime:0.000370s ]
INFO: Run Behavior\ParseTemplateBehavior [ RunTime:0.056231s ]
INFO: [ view_parse ] --END-- [ RunTime:0.056410s ]
INFO: [ view_filter ] --START--
INFO: Run Behavior\WriteHtmlCacheBehavior [ RunTime:0.007923s ]
INFO: [ view_filter ] --END-- [ RunTime:0.011226s ]
INFO: [ app_end ] --START--
INFO: Run Behavior\ShowPageTraceBehavior [ RunTime:0.008973s ]
INFO: [ app_end ] --END-- [ RunTime:0.017818s ]

[ 2015-04-16T22:56:46+08:00 ] 127.0.0.1 /1001hotel/index.php/Home/Index/index
INFO: [ app_init ] --START--
INFO: Run Behavior\BuildLiteBehavior [ RunTime:0.000039s ]
INFO: [ app_init ] --END-- [ RunTime:0.003025s ]
INFO: [ app_begin ] --START--
INFO: Run Behavior\ReadHtmlCacheBehavior [ RunTime:0.010461s ]
INFO: [ app_begin ] --END-- [ RunTime:0.010644s ]
SQL: SHOW COLUMNS FROM `atype_info` [ RunTime:0.0336s ]
SQL: SELECT * FROM `atype_info` WHERE ( type_id = 102 ) ORDER BY num desc  [ RunTime:0.0069s ]
SQL: SELECT * FROM `atype_info` WHERE ( type_id = 104 ) ORDER BY num desc  [ RunTime:0.0041s ]
INFO: [ view_parse ] --START--
INFO: [ template_filter ] --START--
INFO: Run Behavior\ContentReplaceBehavior [ RunTime:0.000102s ]
INFO: [ template_filter ] --END-- [ RunTime:0.000238s ]
INFO: Run Behavior\ParseTemplateBehavior [ RunTime:0.061705s ]
INFO: [ view_parse ] --END-- [ RunTime:0.061871s ]
INFO: [ view_filter ] --START--
INFO: Run Behavior\WriteHtmlCacheBehavior [ RunTime:0.003735s ]
INFO: [ view_filter ] --END-- [ RunTime:0.003867s ]
INFO: [ app_end ] --START--
INFO: Run Behavior\ShowPageTraceBehavior [ RunTime:0.003126s ]
INFO: [ app_end ] --END-- [ RunTime:0.003258s ]

[ 2015-04-16T22:56:52+08:00 ] 127.0.0.1 /1001hotel/index.php/Home/Index/index.html
INFO: [ app_init ] --START--
INFO: Run Behavior\BuildLiteBehavior [ RunTime:0.000034s ]
INFO: [ app_init ] --END-- [ RunTime:0.001602s ]
INFO: [ app_begin ] --START--
INFO: Run Behavior\ReadHtmlCacheBehavior [ RunTime:0.003182s ]
INFO: [ app_begin ] --END-- [ RunTime:0.003688s ]
SQL: SHOW COLUMNS FROM `atype_info` [ RunTime:0.0339s ]
SQL: SELECT * FROM `atype_info` WHERE ( type_id = 102 ) ORDER BY num desc  [ RunTime:0.0052s ]
SQL: SELECT * FROM `atype_info` WHERE ( type_id = 104 ) ORDER BY num desc  [ RunTime:0.0042s ]
INFO: [ view_parse ] --START--
INFO: [ template_filter ] --START--
INFO: Run Behavior\ContentReplaceBehavior [ RunTime:0.000104s ]
INFO: [ template_filter ] --END-- [ RunTime:0.000244s ]
INFO: Run Behavior\ParseTemplateBehavior [ RunTime:0.038155s ]
INFO: [ view_parse ] --END-- [ RunTime:0.038324s ]
INFO: [ view_filter ] --START--
INFO: Run Behavior\WriteHtmlCacheBehavior [ RunTime:0.003219s ]
INFO: [ view_filter ] --END-- [ RunTime:0.003360s ]
INFO: [ app_end ] --START--
INFO: Run Behavior\ShowPageTraceBehavior [ RunTime:0.005780s ]
INFO: [ app_end ] --END-- [ RunTime:0.005980s ]

[ 2015-04-16T23:13:32+08:00 ] 127.0.0.1 /1001hotel/index.php/Home/Index/index.html
INFO: [ app_init ] --START--
INFO: Run Behavior\BuildLiteBehavior [ RunTime:0.000034s ]
INFO: [ app_init ] --END-- [ RunTime:0.002226s ]
INFO: [ app_begin ] --START--
INFO: Run Behavior\ReadHtmlCacheBehavior [ RunTime:0.013795s ]
INFO: [ app_begin ] --END-- [ RunTime:0.013959s ]
SQL: SHOW COLUMNS FROM `atype_info` [ RunTime:0.0307s ]
SQL: SELECT * FROM `atype_info` WHERE ( type_id = 102 ) ORDER BY num desc  [ RunTime:0.0024s ]
SQL: SELECT * FROM `atype_info` WHERE ( type_id = 104 ) ORDER BY num desc  [ RunTime:0.0037s ]
INFO: [ view_parse ] --START--
INFO: [ template_filter ] --START--
INFO: Run Behavior\ContentReplaceBehavior [ RunTime:0.001176s ]
INFO: [ template_filter ] --END-- [ RunTime:0.001376s ]
NOTIC: [8] Undefined variable: list F:\APMServ5.2.6\www\htdocs\1001hotel\Application\Runtime\Cache\Home\2a94b8bda04ff446dcedd42276fc99ee.php 第 29 行.
INFO: Run Behavior\ParseTemplateBehavior [ RunTime:0.218095s ]
INFO: [ view_parse ] --END-- [ RunTime:0.218240s ]
INFO: [ view_filter ] --START--
INFO: Run Behavior\WriteHtmlCacheBehavior [ RunTime:0.005333s ]
INFO: [ view_filter ] --END-- [ RunTime:0.005801s ]
INFO: [ app_end ] --START--
INFO: Run Behavior\ShowPageTraceBehavior [ RunTime:0.004738s ]
INFO: [ app_end ] --END-- [ RunTime:0.004889s ]

[ 2015-04-16T23:15:08+08:00 ] 127.0.0.1 /1001hotel/index.php/Home/Index/index.html
INFO: [ app_init ] --START--
INFO: Run Behavior\BuildLiteBehavior [ RunTime:0.000051s ]
INFO: [ app_init ] --END-- [ RunTime:0.006088s ]
INFO: [ app_begin ] --START--
INFO: Run Behavior\ReadHtmlCacheBehavior [ RunTime:0.004831s ]
INFO: [ app_begin ] --END-- [ RunTime:0.005045s ]
SQL: SHOW COLUMNS FROM `atype_info` [ RunTime:0.0329s ]
SQL: SELECT * FROM `atype_info` WHERE ( type_id = 102 ) ORDER BY num desc  [ RunTime:0.0046s ]
SQL: SELECT * FROM `atype_info` WHERE ( type_id = 104 ) ORDER BY num desc  [ RunTime:0.0048s ]
INFO: [ view_parse ] --START--
INFO: [ template_filter ] --START--
INFO: Run Behavior\ContentReplaceBehavior [ RunTime:0.000112s ]
INFO: [ template_filter ] --END-- [ RunTime:0.000273s ]
NOTIC: [8] Undefined variable: list F:\APMServ5.2.6\www\htdocs\1001hotel\Application\Runtime\Cache\Home\2a94b8bda04ff446dcedd42276fc99ee.php 第 29 行.
INFO: Run Behavior\ParseTemplateBehavior [ RunTime:0.052587s ]
INFO: [ view_parse ] --END-- [ RunTime:0.052735s ]
INFO: [ view_filter ] --START--
INFO: Run Behavior\WriteHtmlCacheBehavior [ RunTime:0.007645s ]
INFO: [ view_filter ] --END-- [ RunTime:0.007778s ]
INFO: [ app_end ] --START--
INFO: Run Behavior\ShowPageTraceBehavior [ RunTime:0.003989s ]
INFO: [ app_end ] --END-- [ RunTime:0.004125s ]

[ 2015-04-16T23:16:13+08:00 ] 127.0.0.1 /1001hotel/index.php/Home/Index/index.html
INFO: [ app_init ] --START--
INFO: Run Behavior\BuildLiteBehavior [ RunTime:0.000038s ]
INFO: [ app_init ] --END-- [ RunTime:0.001868s ]
INFO: [ app_begin ] --START--
INFO: Run Behavior\ReadHtmlCacheBehavior [ RunTime:0.005073s ]
INFO: [ app_begin ] --END-- [ RunTime:0.005251s ]
ERR: SQLSTATE[HY000]: General error: 1 Can't create/write to file 'C:\Windows\TEMP\#sql_254_0.MYI' (Errcode: 13)

[ 2015-04-16T23:17:04+08:00 ] 127.0.0.1 /1001hotel/index.php/Home/Index/index.html
INFO: [ app_init ] --START--
INFO: Run Behavior\BuildLiteBehavior [ RunTime:0.000034s ]
INFO: [ app_init ] --END-- [ RunTime:0.001935s ]
INFO: [ app_begin ] --START--
INFO: Run Behavior\ReadHtmlCacheBehavior [ RunTime:0.004242s ]
INFO: [ app_begin ] --END-- [ RunTime:0.004494s ]
ERR: SQLSTATE[HY000]: General error: 1 Can't create/write to file 'C:\Windows\TEMP\#sql_254_0.MYI' (Errcode: 13)

[ 2015-04-16T23:17:09+08:00 ] 127.0.0.1 /1001hotel/index.php/Home/Index/index.html
INFO: [ app_init ] --START--
INFO: Run Behavior\BuildLiteBehavior [ RunTime:0.000037s ]
INFO: [ app_init ] --END-- [ RunTime:0.001681s ]
INFO: [ app_begin ] --START--
INFO: Run Behavior\ReadHtmlCacheBehavior [ RunTime:0.011230s ]
INFO: [ app_begin ] --END-- [ RunTime:0.011428s ]
SQL: SHOW COLUMNS FROM `atype_info` [ RunTime:0.0405s ]
SQL: SELECT * FROM `atype_info` WHERE ( type_id = 102 ) ORDER BY num desc  [ RunTime:0.0032s ]
SQL: SELECT * FROM `atype_info` WHERE ( type_id = 104 ) ORDER BY num desc  [ RunTime:0.0057s ]
INFO: [ view_parse ] --START--
INFO: [ template_filter ] --START--
INFO: Run Behavior\ContentReplaceBehavior [ RunTime:0.000199s ]
INFO: [ template_filter ] --END-- [ RunTime:0.000457s ]
NOTIC: [8] Undefined variable: list F:\APMServ5.2.6\www\htdocs\1001hotel\Application\Runtime\Cache\Home\2a94b8bda04ff446dcedd42276fc99ee.php 第 29 行.
INFO: Run Behavior\ParseTemplateBehavior [ RunTime:0.064298s ]
INFO: [ view_parse ] --END-- [ RunTime:0.064451s ]
INFO: [ view_filter ] --START--
INFO: Run Behavior\WriteHtmlCacheBehavior [ RunTime:0.003657s ]
INFO: [ view_filter ] --END-- [ RunTime:0.003790s ]
INFO: [ app_end ] --START--
INFO: Run Behavior\ShowPageTraceBehavior [ RunTime:0.005647s ]
INFO: [ app_end ] --END-- [ RunTime:0.005836s ]

