[ 2015-04-29T09:24:18+08:00 ] ::1 /1001hotel/
INFO: [ app_init ] --START--
INFO: Run Behavior\BuildLiteBehavior [ RunTime:0.000017s ]
INFO: [ app_init ] --END-- [ RunTime:0.006020s ]
INFO: [ app_begin ] --START--
INFO: Run Behavior\ReadHtmlCacheBehavior [ RunTime:0.005660s ]
INFO: [ app_begin ] --END-- [ RunTime:0.005721s ]
SQL: SHOW COLUMNS FROM `atype_info` [ RunTime:0.1139s ]
SQL: SELECT * FROM `atype_info` WHERE ( id = 10 ) LIMIT 1   [ RunTime:0.0007s ]
SQL: SELECT * FROM `atype_info` WHERE ( type_id = 104 ) ORDER BY num desc  [ RunTime:0.0008s ]
SQL: SELECT * FROM `atype_info` WHERE ( type_id = 102 ) ORDER BY num desc  [ RunTime:0.0007s ]
SQL: SELECT * FROM `atype_info` WHERE ( id = 98 ) LIMIT 1   [ RunTime:0.0003s ]
INFO: [ view_parse ] --START--
INFO: [ template_filter ] --START--
INFO: Run Behavior\ContentReplaceBehavior [ RunTime:0.000055s ]
INFO: [ template_filter ] --END-- [ RunTime:0.000099s ]
INFO: Run Behavior\ParseTemplateBehavior [ RunTime:0.049129s ]
INFO: [ view_parse ] --END-- [ RunTime:0.049182s ]
INFO: [ view_filter ] --START--
INFO: Run Behavior\WriteHtmlCacheBehavior [ RunTime:0.014026s ]
INFO: [ view_filter ] --END-- [ RunTime:0.014073s ]
INFO: [ app_end ] --START--
INFO: Run Behavior\ShowPageTraceBehavior [ RunTime:0.003746s ]
INFO: [ app_end ] --END-- [ RunTime:0.003795s ]

[ 2015-04-29T09:39:31+08:00 ] ::1 /1001hotel/
INFO: [ app_init ] --START--
INFO: Run Behavior\BuildLiteBehavior [ RunTime:0.000012s ]
INFO: [ app_init ] --END-- [ RunTime:0.000406s ]
INFO: [ app_begin ] --START--
INFO: Run Behavior\ReadHtmlCacheBehavior [ RunTime:0.000612s ]
INFO: [ app_begin ] --END-- [ RunTime:0.000659s ]
SQL: SHOW COLUMNS FROM `atype_info` [ RunTime:0.0435s ]
SQL: SELECT * FROM `atype_info` WHERE ( id = 10 ) LIMIT 1   [ RunTime:0.0006s ]
SQL: SELECT * FROM `atype_info` WHERE ( type_id = 104 ) ORDER BY num desc  [ RunTime:0.0011s ]
SQL: SELECT * FROM `atype_info` WHERE ( type_id = 102 ) ORDER BY num desc  [ RunTime:0.0008s ]
SQL: SELECT * FROM `atype_info` WHERE ( id = 98 ) LIMIT 1   [ RunTime:0.0005s ]
INFO: [ view_parse ] --START--
INFO: [ template_filter ] --START--
INFO: Run Behavior\ContentReplaceBehavior [ RunTime:0.000057s ]
INFO: [ template_filter ] --END-- [ RunTime:0.000103s ]
INFO: Run Behavior\ParseTemplateBehavior [ RunTime:0.017060s ]
INFO: [ view_parse ] --END-- [ RunTime:0.017133s ]
INFO: [ view_filter ] --START--
INFO: Run Behavior\WriteHtmlCacheBehavior [ RunTime:0.000424s ]
INFO: [ view_filter ] --END-- [ RunTime:0.000459s ]
INFO: [ app_end ] --START--
INFO: Run Behavior\ShowPageTraceBehavior [ RunTime:0.000710s ]
INFO: [ app_end ] --END-- [ RunTime:0.000749s ]

[ 2015-04-29T09:39:33+08:00 ] ::1 /1001hotel/index.php/Home/System/index.html
INFO: [ app_init ] --START--
INFO: Run Behavior\BuildLiteBehavior [ RunTime:0.000013s ]
INFO: [ app_init ] --END-- [ RunTime:0.000376s ]
INFO: [ app_begin ] --START--
INFO: Run Behavior\ReadHtmlCacheBehavior [ RunTime:0.000527s ]
INFO: [ app_begin ] --END-- [ RunTime:0.000568s ]
SQL: SHOW COLUMNS FROM `atype_info` [ RunTime:0.0469s ]
SQL: SELECT * FROM `atype_info` WHERE ( id = 10 ) LIMIT 1   [ RunTime:0.0006s ]
SQL: SELECT * FROM `atype_info` WHERE ( type_id = 104 ) ORDER BY num desc  [ RunTime:0.0008s ]
SQL: SELECT * FROM `atype_info` WHERE ( type_id = 94 ) ORDER BY num desc  [ RunTime:0.0006s ]
SQL: SELECT * FROM `atype_info` WHERE ( type_id = 96 ) ORDER BY num desc  [ RunTime:0.0007s ]
SQL: SELECT * FROM `atype_info` WHERE ( id = 37 ) LIMIT 1   [ RunTime:0.0004s ]
SQL: SELECT * FROM `atype_info` WHERE ( id = 36 ) LIMIT 1   [ RunTime:0.0004s ]
SQL: SELECT * FROM `atype_info` WHERE ( id = 35 ) LIMIT 1   [ RunTime:0.0003s ]
SQL: SELECT * FROM `atype_info` WHERE ( id = 34 ) LIMIT 1   [ RunTime:0.0003s ]
SQL: SELECT * FROM `atype_info` WHERE ( type_id = 100 ) ORDER BY num desc  [ RunTime:0.0005s ]
SQL: SELECT * FROM `atype_info` WHERE ( type_id = 107 ) ORDER BY num desc  [ RunTime:0.0005s ]
SQL: SELECT * FROM `atype_info` WHERE ( type_id = 109 ) ORDER BY num desc  [ RunTime:0.0005s ]
SQL: SELECT * FROM `atype_info` WHERE ( id = 75 ) LIMIT 1   [ RunTime:0.0003s ]
SQL: SELECT * FROM `atype_info` WHERE ( id = 97 ) LIMIT 1   [ RunTime:0.0003s ]
INFO: [ view_parse ] --START--
INFO: [ template_filter ] --START--
INFO: Run Behavior\ContentReplaceBehavior [ RunTime:0.000111s ]
INFO: [ template_filter ] --END-- [ RunTime:0.000155s ]
INFO: Run Behavior\ParseTemplateBehavior [ RunTime:0.031207s ]
INFO: [ view_parse ] --END-- [ RunTime:0.031263s ]
INFO: [ view_filter ] --START--
INFO: Run Behavior\WriteHtmlCacheBehavior [ RunTime:0.000395s ]
INFO: [ view_filter ] --END-- [ RunTime:0.000428s ]
INFO: [ app_end ] --START--
INFO: Run Behavior\ShowPageTraceBehavior [ RunTime:0.000783s ]
INFO: [ app_end ] --END-- [ RunTime:0.000835s ]

