[ 2015-04-15T20:57:57+08:00 ] 127.0.0.1 /1001hotel/
INFO: [ app_init ] --START--
INFO: Run Behavior\BuildLiteBehavior [ RunTime:0.000048s ]
INFO: [ app_init ] --END-- [ RunTime:0.049033s ]
INFO: [ app_begin ] --START--
INFO: Run Behavior\ReadHtmlCacheBehavior [ RunTime:0.004593s ]
INFO: [ app_begin ] --END-- [ RunTime:0.004770s ]
INFO: [ view_parse ] --START--
INFO: [ template_filter ] --START--
INFO: Run Behavior\ContentReplaceBehavior [ RunTime:0.000077s ]
INFO: [ template_filter ] --END-- [ RunTime:0.000218s ]
INFO: Run Behavior\ParseTemplateBehavior [ RunTime:0.135250s ]
INFO: [ view_parse ] --END-- [ RunTime:0.135439s ]
INFO: [ view_filter ] --START--
INFO: Run Behavior\WriteHtmlCacheBehavior [ RunTime:0.018712s ]
INFO: [ view_filter ] --END-- [ RunTime:0.018854s ]
INFO: [ app_end ] --START--
INFO: Run Behavior\ShowPageTraceBehavior [ RunTime:0.057149s ]
INFO: [ app_end ] --END-- [ RunTime:0.057294s ]

[ 2015-04-15T21:00:59+08:00 ] 127.0.0.1 /1001hotel/
INFO: [ app_init ] --START--
INFO: Run Behavior\BuildLiteBehavior [ RunTime:0.000037s ]
INFO: [ app_init ] --END-- [ RunTime:0.002990s ]
INFO: [ app_begin ] --START--
INFO: Run Behavior\ReadHtmlCacheBehavior [ RunTime:0.003518s ]
INFO: [ app_begin ] --END-- [ RunTime:0.003695s ]
ERR: 模板不存在:./Application/Home/View/Index/index.html

[ 2015-04-15T21:13:00+08:00 ] 127.0.0.1 /1001hotel/
INFO: [ app_init ] --START--
INFO: Run Behavior\BuildLiteBehavior [ RunTime:0.000793s ]
INFO: [ app_init ] --END-- [ RunTime:0.003246s ]
INFO: [ app_begin ] --START--
INFO: Run Behavior\ReadHtmlCacheBehavior [ RunTime:0.003884s ]
INFO: [ app_begin ] --END-- [ RunTime:0.004061s ]
INFO: [ view_parse ] --START--
INFO: [ template_filter ] --START--
INFO: Run Behavior\ContentReplaceBehavior [ RunTime:0.000108s ]
INFO: [ template_filter ] --END-- [ RunTime:0.000256s ]
INFO: Run Behavior\ParseTemplateBehavior [ RunTime:0.061617s ]
INFO: [ view_parse ] --END-- [ RunTime:0.061789s ]
INFO: [ view_filter ] --START--
INFO: Run Behavior\WriteHtmlCacheBehavior [ RunTime:0.019346s ]
INFO: [ view_filter ] --END-- [ RunTime:0.019566s ]
INFO: [ app_end ] --START--
INFO: Run Behavior\ShowPageTraceBehavior [ RunTime:0.003470s ]
INFO: [ app_end ] --END-- [ RunTime:0.003624s ]

[ 2015-04-15T21:17:49+08:00 ] 127.0.0.1 /1001hotel/
INFO: [ app_init ] --START--
INFO: Run Behavior\BuildLiteBehavior [ RunTime:0.000041s ]
INFO: [ app_init ] --END-- [ RunTime:0.004225s ]
INFO: [ app_begin ] --START--
INFO: Run Behavior\ReadHtmlCacheBehavior [ RunTime:0.002737s ]
INFO: [ app_begin ] --END-- [ RunTime:0.002913s ]
INFO: [ view_parse ] --START--
INFO: [ template_filter ] --START--
INFO: Run Behavior\ContentReplaceBehavior [ RunTime:0.000127s ]
INFO: [ template_filter ] --END-- [ RunTime:0.000394s ]
INFO: Run Behavior\ParseTemplateBehavior [ RunTime:0.037336s ]
INFO: [ view_parse ] --END-- [ RunTime:0.037513s ]
INFO: [ view_filter ] --START--
INFO: Run Behavior\WriteHtmlCacheBehavior [ RunTime:0.002747s ]
INFO: [ view_filter ] --END-- [ RunTime:0.002956s ]
INFO: [ app_end ] --START--
INFO: Run Behavior\ShowPageTraceBehavior [ RunTime:0.002630s ]
INFO: [ app_end ] --END-- [ RunTime:0.002807s ]

[ 2015-04-15T21:19:59+08:00 ] 127.0.0.1 /1001hotel/
INFO: [ app_init ] --START--
INFO: Run Behavior\BuildLiteBehavior [ RunTime:0.000039s ]
INFO: [ app_init ] --END-- [ RunTime:0.003336s ]
INFO: [ app_begin ] --START--
INFO: Run Behavior\ReadHtmlCacheBehavior [ RunTime:0.006143s ]
INFO: [ app_begin ] --END-- [ RunTime:0.006323s ]
INFO: [ view_parse ] --START--
INFO: [ template_filter ] --START--
INFO: Run Behavior\ContentReplaceBehavior [ RunTime:0.000107s ]
INFO: [ template_filter ] --END-- [ RunTime:0.000253s ]
INFO: Run Behavior\ParseTemplateBehavior [ RunTime:0.030546s ]
INFO: [ view_parse ] --END-- [ RunTime:0.030725s ]
INFO: [ view_filter ] --START--
INFO: Run Behavior\WriteHtmlCacheBehavior [ RunTime:0.002073s ]
INFO: [ view_filter ] --END-- [ RunTime:0.002255s ]
INFO: [ app_end ] --START--
INFO: Run Behavior\ShowPageTraceBehavior [ RunTime:0.002508s ]
INFO: [ app_end ] --END-- [ RunTime:0.003162s ]

[ 2015-04-15T21:21:23+08:00 ] 127.0.0.1 /1001hotel/index.php/Home/Index
INFO: [ app_init ] --START--
INFO: Run Behavior\BuildLiteBehavior [ RunTime:0.000037s ]
INFO: [ app_init ] --END-- [ RunTime:0.001598s ]
INFO: [ app_begin ] --START--
INFO: Run Behavior\ReadHtmlCacheBehavior [ RunTime:0.003477s ]
INFO: [ app_begin ] --END-- [ RunTime:0.003647s ]
INFO: [ view_parse ] --START--
INFO: [ template_filter ] --START--
INFO: Run Behavior\ContentReplaceBehavior [ RunTime:0.000121s ]
INFO: [ template_filter ] --END-- [ RunTime:0.000281s ]
INFO: Run Behavior\ParseTemplateBehavior [ RunTime:0.025411s ]
INFO: [ view_parse ] --END-- [ RunTime:0.025590s ]
INFO: [ view_filter ] --START--
INFO: Run Behavior\WriteHtmlCacheBehavior [ RunTime:0.002701s ]
INFO: [ view_filter ] --END-- [ RunTime:0.002856s ]
INFO: [ app_end ] --START--
INFO: Run Behavior\ShowPageTraceBehavior [ RunTime:0.002701s ]
INFO: [ app_end ] --END-- [ RunTime:0.002852s ]

[ 2015-04-15T21:21:35+08:00 ] 127.0.0.1 /1001hotel/index.php/Home/About
INFO: [ app_init ] --START--
INFO: Run Behavior\BuildLiteBehavior [ RunTime:0.000036s ]
INFO: [ app_init ] --END-- [ RunTime:0.002718s ]
INFO: [ app_begin ] --START--
INFO: Run Behavior\ReadHtmlCacheBehavior [ RunTime:0.003368s ]
INFO: [ app_begin ] --END-- [ RunTime:0.003554s ]
ERR: 无法加载控制器:About

[ 2015-04-15T21:23:40+08:00 ] 127.0.0.1 /1001hotel/index.php/Home/About
INFO: [ app_init ] --START--
INFO: Run Behavior\BuildLiteBehavior [ RunTime:0.000036s ]
INFO: [ app_init ] --END-- [ RunTime:0.001729s ]
INFO: [ app_begin ] --START--
INFO: Run Behavior\ReadHtmlCacheBehavior [ RunTime:0.003769s ]
INFO: [ app_begin ] --END-- [ RunTime:0.003949s ]
ERR: 无法加载控制器:About

[ 2015-04-15T21:24:31+08:00 ] 127.0.0.1 /1001hotel/index.php/Home/About
INFO: [ app_init ] --START--
INFO: Run Behavior\BuildLiteBehavior [ RunTime:0.000048s ]
INFO: [ app_init ] --END-- [ RunTime:0.001741s ]
INFO: [ app_begin ] --START--
INFO: Run Behavior\ReadHtmlCacheBehavior [ RunTime:0.002812s ]
INFO: [ app_begin ] --END-- [ RunTime:0.002990s ]
ERR: 无法加载控制器:About

[ 2015-04-15T21:31:33+08:00 ] 127.0.0.1 /1001hotel/index.php/Home/
INFO: [ app_init ] --START--
INFO: Run Behavior\BuildLiteBehavior [ RunTime:0.000038s ]
INFO: [ app_init ] --END-- [ RunTime:0.001725s ]
INFO: [ app_begin ] --START--
INFO: Run Behavior\ReadHtmlCacheBehavior [ RunTime:0.002805s ]
INFO: [ app_begin ] --END-- [ RunTime:0.002984s ]
INFO: [ view_parse ] --START--
INFO: [ template_filter ] --START--
INFO: Run Behavior\ContentReplaceBehavior [ RunTime:0.000118s ]
INFO: [ template_filter ] --END-- [ RunTime:0.000270s ]
INFO: Run Behavior\ParseTemplateBehavior [ RunTime:0.038764s ]
INFO: [ view_parse ] --END-- [ RunTime:0.038954s ]
INFO: [ view_filter ] --START--
INFO: Run Behavior\WriteHtmlCacheBehavior [ RunTime:0.003059s ]
INFO: [ view_filter ] --END-- [ RunTime:0.003199s ]
INFO: [ app_end ] --START--
INFO: Run Behavior\ShowPageTraceBehavior [ RunTime:0.002439s ]
INFO: [ app_end ] --END-- [ RunTime:0.002598s ]

[ 2015-04-15T21:32:28+08:00 ] 127.0.0.1 /1001hotel/index.php/Home/Index/about
INFO: [ app_init ] --START--
INFO: Run Behavior\BuildLiteBehavior [ RunTime:0.000040s ]
INFO: [ app_init ] --END-- [ RunTime:0.002394s ]
INFO: [ app_begin ] --START--
INFO: Run Behavior\ReadHtmlCacheBehavior [ RunTime:0.003173s ]
INFO: [ app_begin ] --END-- [ RunTime:0.003352s ]
INFO: [ view_parse ] --START--
INFO: [ template_filter ] --START--
INFO: Run Behavior\ContentReplaceBehavior [ RunTime:0.000177s ]
INFO: [ template_filter ] --END-- [ RunTime:0.000338s ]
INFO: Run Behavior\ParseTemplateBehavior [ RunTime:0.067079s ]
INFO: [ view_parse ] --END-- [ RunTime:0.067255s ]
INFO: [ view_filter ] --START--
INFO: Run Behavior\WriteHtmlCacheBehavior [ RunTime:0.001841s ]
INFO: [ view_filter ] --END-- [ RunTime:0.001977s ]
INFO: [ app_end ] --START--
INFO: Run Behavior\ShowPageTraceBehavior [ RunTime:0.008149s ]
INFO: [ app_end ] --END-- [ RunTime:0.008324s ]

[ 2015-04-15T21:32:28+08:00 ] 127.0.0.1 /1001hotel/index.php/Home/media/style/css/normalize.css
INFO: [ app_init ] --START--
INFO: Run Behavior\BuildLiteBehavior [ RunTime:0.000040s ]
INFO: [ app_init ] --END-- [ RunTime:0.001398s ]
INFO: [ app_begin ] --START--
INFO: Run Behavior\ReadHtmlCacheBehavior [ RunTime:0.018417s ]
INFO: [ app_begin ] --END-- [ RunTime:0.018598s ]
ERR: 无法加载控制器:Media

[ 2015-04-15T21:32:28+08:00 ] 127.0.0.1 /1001hotel/index.php/Home/media/images/about_banner.jpg
INFO: [ app_init ] --START--
INFO: Run Behavior\BuildLiteBehavior [ RunTime:0.000040s ]
INFO: [ app_init ] --END-- [ RunTime:0.001410s ]

[ 2015-04-15T21:32:28+08:00 ] 127.0.0.1 /1001hotel/index.php/Home/media/js/jquery-1.9.1.min.js
INFO: [ app_init ] --START--
INFO: Run Behavior\BuildLiteBehavior [ RunTime:0.000038s ]
INFO: [ app_init ] --END-- [ RunTime:0.002295s ]
INFO: [ app_begin ] --START--
INFO: Run Behavior\ReadHtmlCacheBehavior [ RunTime:0.003161s ]
INFO: [ app_begin ] --END-- [ RunTime:0.003339s ]
ERR: 无法加载控制器:Media

[ 2015-04-15T21:32:28+08:00 ] 127.0.0.1 /1001hotel/index.php/Home/media/images/overview2.jpg
INFO: [ app_init ] --START--
INFO: Run Behavior\BuildLiteBehavior [ RunTime:0.000036s ]
INFO: [ app_init ] --END-- [ RunTime:0.001297s ]

[ 2015-04-15T21:32:28+08:00 ] 127.0.0.1 /1001hotel/index.php/Home/media/images/overview1.jpg
INFO: [ app_init ] --START--
INFO: Run Behavior\BuildLiteBehavior [ RunTime:0.000045s ]
INFO: [ app_init ] --END-- [ RunTime:0.001793s ]

[ 2015-04-15T21:32:28+08:00 ] 127.0.0.1 /1001hotel/index.php/Home/media/js/about.js
INFO: [ app_init ] --START--
INFO: Run Behavior\BuildLiteBehavior [ RunTime:0.000044s ]
INFO: [ app_init ] --END-- [ RunTime:0.002140s ]
INFO: [ app_begin ] --START--
INFO: Run Behavior\ReadHtmlCacheBehavior [ RunTime:0.002616s ]
INFO: [ app_begin ] --END-- [ RunTime:0.002907s ]
ERR: 无法加载控制器:Media

[ 2015-04-15T21:32:28+08:00 ] 127.0.0.1 /1001hotel/index.php/Home/media/style/css/style.css
INFO: [ app_init ] --START--
INFO: Run Behavior\BuildLiteBehavior [ RunTime:0.000036s ]
INFO: [ app_init ] --END-- [ RunTime:0.089986s ]
INFO: [ app_begin ] --START--
INFO: Run Behavior\ReadHtmlCacheBehavior [ RunTime:0.002982s ]
INFO: [ app_begin ] --END-- [ RunTime:0.003159s ]
ERR: 无法加载控制器:Media

[ 2015-04-15T21:32:28+08:00 ] 127.0.0.1 /1001hotel/index.php/Home/media/images/story1.jpg
INFO: [ app_init ] --START--
INFO: Run Behavior\BuildLiteBehavior [ RunTime:0.000038s ]
INFO: [ app_init ] --END-- [ RunTime:0.005192s ]

[ 2015-04-15T21:32:28+08:00 ] 127.0.0.1 /1001hotel/index.php/Home/media/images/story-big1.jpg
INFO: [ app_init ] --START--
INFO: Run Behavior\BuildLiteBehavior [ RunTime:0.000036s ]
INFO: [ app_init ] --END-- [ RunTime:0.001608s ]

[ 2015-04-15T21:32:28+08:00 ] 127.0.0.1 /1001hotel/index.php/Home/media/images/story3.jpg
INFO: [ app_init ] --START--
INFO: Run Behavior\BuildLiteBehavior [ RunTime:0.000049s ]
INFO: [ app_init ] --END-- [ RunTime:0.001448s ]

[ 2015-04-15T21:32:28+08:00 ] 127.0.0.1 /1001hotel/index.php/Home/media/images/story-big3.jpg
INFO: [ app_init ] --START--
INFO: Run Behavior\BuildLiteBehavior [ RunTime:0.000038s ]
INFO: [ app_init ] --END-- [ RunTime:0.001349s ]

[ 2015-04-15T21:32:29+08:00 ] 127.0.0.1 /1001hotel/index.php/Home/media/images/story2.jpg
INFO: [ app_init ] --START--
INFO: Run Behavior\BuildLiteBehavior [ RunTime:0.000034s ]
INFO: [ app_init ] --END-- [ RunTime:0.001587s ]

[ 2015-04-15T21:32:29+08:00 ] 127.0.0.1 /1001hotel/index.php/Home/media/images/story-big2.jpg
INFO: [ app_init ] --START--
INFO: Run Behavior\BuildLiteBehavior [ RunTime:0.000039s ]
INFO: [ app_init ] --END-- [ RunTime:0.001379s ]

[ 2015-04-15T21:32:29+08:00 ] 127.0.0.1 /1001hotel/index.php/Home/media/images/story4.jpg
INFO: [ app_init ] --START--
INFO: Run Behavior\BuildLiteBehavior [ RunTime:0.000036s ]
INFO: [ app_init ] --END-- [ RunTime:0.001305s ]

[ 2015-04-15T21:32:29+08:00 ] 127.0.0.1 /1001hotel/index.php/Home/media/images/story-big4.jpg
INFO: [ app_init ] --START--
INFO: Run Behavior\BuildLiteBehavior [ RunTime:0.000038s ]
INFO: [ app_init ] --END-- [ RunTime:0.001407s ]

[ 2015-04-15T21:32:29+08:00 ] 127.0.0.1 /1001hotel/index.php/Home/media/images/overview4.jpg
INFO: [ app_init ] --START--
INFO: Run Behavior\BuildLiteBehavior [ RunTime:0.000038s ]
INFO: [ app_init ] --END-- [ RunTime:0.002698s ]

[ 2015-04-15T21:32:29+08:00 ] 127.0.0.1 /1001hotel/index.php/Home/media/images/story-big5.jpg
INFO: [ app_init ] --START--
INFO: Run Behavior\BuildLiteBehavior [ RunTime:0.000037s ]
INFO: [ app_init ] --END-- [ RunTime:0.001315s ]

[ 2015-04-15T21:32:29+08:00 ] 127.0.0.1 /1001hotel/index.php/Home/media/images/story5.jpg
INFO: [ app_init ] --START--
INFO: Run Behavior\BuildLiteBehavior [ RunTime:0.000041s ]
INFO: [ app_init ] --END-- [ RunTime:0.001398s ]

[ 2015-04-15T21:32:29+08:00 ] 127.0.0.1 /1001hotel/index.php/Home/media/images/overview3.jpg
INFO: [ app_init ] --START--
INFO: Run Behavior\BuildLiteBehavior [ RunTime:0.000036s ]
INFO: [ app_init ] --END-- [ RunTime:0.001469s ]

[ 2015-04-15T21:32:29+08:00 ] 127.0.0.1 /1001hotel/index.php/Home/media/images/adward1.jpg
INFO: [ app_init ] --START--
INFO: Run Behavior\BuildLiteBehavior [ RunTime:0.000040s ]
INFO: [ app_init ] --END-- [ RunTime:0.017564s ]

[ 2015-04-15T21:32:29+08:00 ] 127.0.0.1 /1001hotel/index.php/Home/media/images/adward3.jpg
INFO: [ app_init ] --START--
INFO: Run Behavior\BuildLiteBehavior [ RunTime:0.000039s ]
INFO: [ app_init ] --END-- [ RunTime:0.001654s ]

[ 2015-04-15T21:32:29+08:00 ] 127.0.0.1 /1001hotel/index.php/Home/media/images/adward2.jpg
INFO: [ app_init ] --START--
INFO: Run Behavior\BuildLiteBehavior [ RunTime:0.000042s ]
INFO: [ app_init ] --END-- [ RunTime:0.001333s ]

[ 2015-04-15T21:34:18+08:00 ] 127.0.0.1 /1001hotel/index.php/Home/Index/about
INFO: [ app_init ] --START--
INFO: Run Behavior\BuildLiteBehavior [ RunTime:0.000039s ]
INFO: [ app_init ] --END-- [ RunTime:0.001340s ]
INFO: [ app_begin ] --START--
INFO: Run Behavior\ReadHtmlCacheBehavior [ RunTime:0.002890s ]
INFO: [ app_begin ] --END-- [ RunTime:0.003065s ]
INFO: [ view_parse ] --START--
INFO: [ template_filter ] --START--
INFO: Run Behavior\ContentReplaceBehavior [ RunTime:0.000226s ]
INFO: [ template_filter ] --END-- [ RunTime:0.000376s ]
INFO: Run Behavior\ParseTemplateBehavior [ RunTime:0.044027s ]
INFO: [ view_parse ] --END-- [ RunTime:0.044202s ]
INFO: [ view_filter ] --START--
INFO: Run Behavior\WriteHtmlCacheBehavior [ RunTime:0.001911s ]
INFO: [ view_filter ] --END-- [ RunTime:0.002050s ]
INFO: [ app_end ] --START--
INFO: Run Behavior\ShowPageTraceBehavior [ RunTime:0.006577s ]
INFO: [ app_end ] --END-- [ RunTime:0.006805s ]

[ 2015-04-15T22:31:04+08:00 ] 127.0.0.1 /1001hotel/index.php/Home/Index/index
INFO: [ app_init ] --START--
INFO: Run Behavior\BuildLiteBehavior [ RunTime:0.000036s ]
INFO: [ app_init ] --END-- [ RunTime:0.002335s ]
INFO: [ app_begin ] --START--
INFO: Run Behavior\ReadHtmlCacheBehavior [ RunTime:0.003106s ]
INFO: [ app_begin ] --END-- [ RunTime:0.003278s ]
INFO: [ view_parse ] --START--
INFO: [ template_filter ] --START--
INFO: Run Behavior\ContentReplaceBehavior [ RunTime:0.000211s ]
INFO: [ template_filter ] --END-- [ RunTime:0.000435s ]
INFO: Run Behavior\ParseTemplateBehavior [ RunTime:0.047826s ]
INFO: [ view_parse ] --END-- [ RunTime:0.048022s ]
INFO: [ view_filter ] --START--
INFO: Run Behavior\WriteHtmlCacheBehavior [ RunTime:0.014694s ]
INFO: [ view_filter ] --END-- [ RunTime:0.014835s ]
INFO: [ app_end ] --START--
INFO: Run Behavior\ShowPageTraceBehavior [ RunTime:0.002865s ]
INFO: [ app_end ] --END-- [ RunTime:0.003014s ]

