[ 2015-04-26T17:31:30+08:00 ] 127.0.0.1 /1001hotel/
INFO: [ app_init ] --START--
INFO: Run Behavior\BuildLiteBehavior [ RunTime:0.000034s ]
INFO: [ app_init ] --END-- [ RunTime:0.023482s ]
INFO: [ app_begin ] --START--
INFO: Run Behavior\ReadHtmlCacheBehavior [ RunTime:0.034951s ]
INFO: [ app_begin ] --END-- [ RunTime:0.035153s ]
SQL: SHOW COLUMNS FROM `atype_info` [ RunTime:0.0525s ]
SQL: SELECT * FROM `atype_info` WHERE ( id = 10 ) LIMIT 1   [ RunTime:0.0032s ]
SQL: SELECT * FROM `atype_info` WHERE ( type_id = 104 ) ORDER BY num desc  [ RunTime:0.0035s ]
SQL: SELECT * FROM `atype_info` WHERE ( type_id = 102 ) ORDER BY num desc  [ RunTime:0.0036s ]
SQL: SHOW COLUMNS FROM `videos` [ RunTime:0.0316s ]
SQL: SELECT * FROM `videos` WHERE ( id = 1  ) LIMIT 1   [ RunTime:0.0036s ]
INFO: [ view_parse ] --START--
INFO: [ template_filter ] --START--
INFO: Run Behavior\ContentReplaceBehavior [ RunTime:0.000157s ]
INFO: [ template_filter ] --END-- [ RunTime:0.000310s ]
INFO: Run Behavior\ParseTemplateBehavior [ RunTime:0.205343s ]
INFO: [ view_parse ] --END-- [ RunTime:0.205533s ]
INFO: [ view_filter ] --START--
INFO: Run Behavior\WriteHtmlCacheBehavior [ RunTime:0.026193s ]
INFO: [ view_filter ] --END-- [ RunTime:0.026327s ]
INFO: [ app_end ] --START--
INFO: Run Behavior\ShowPageTraceBehavior [ RunTime:0.011026s ]
INFO: [ app_end ] --END-- [ RunTime:0.011173s ]

[ 2015-04-26T17:31:44+08:00 ] 127.0.0.1 /1001hotel/index.php/Home/System/index.html
INFO: [ app_init ] --START--
INFO: Run Behavior\BuildLiteBehavior [ RunTime:0.000037s ]
INFO: [ app_init ] --END-- [ RunTime:0.002440s ]
INFO: [ app_begin ] --START--
INFO: Run Behavior\ReadHtmlCacheBehavior [ RunTime:0.006846s ]
INFO: [ app_begin ] --END-- [ RunTime:0.007033s ]
SQL: SHOW COLUMNS FROM `atype_info` [ RunTime:0.0344s ]
SQL: SELECT * FROM `atype_info` WHERE ( id = 10 ) LIMIT 1   [ RunTime:0.0028s ]
SQL: SELECT * FROM `atype_info` WHERE ( type_id = 104 ) ORDER BY num desc  [ RunTime:0.0041s ]
SQL: SELECT * FROM `atype_info` WHERE ( type_id = 94 ) ORDER BY num desc  [ RunTime:0.0031s ]
SQL: SELECT * FROM `atype_info` WHERE ( type_id = 96 ) ORDER BY num desc  [ RunTime:0.0035s ]
SQL: SELECT * FROM `atype_info` WHERE ( id = 37 ) LIMIT 1   [ RunTime:0.0024s ]
SQL: SELECT * FROM `atype_info` WHERE ( id = 36 ) LIMIT 1   [ RunTime:0.0028s ]
SQL: SELECT * FROM `atype_info` WHERE ( id = 35 ) LIMIT 1   [ RunTime:0.0024s ]
SQL: SELECT * FROM `atype_info` WHERE ( id = 34 ) LIMIT 1   [ RunTime:0.0024s ]
SQL: SELECT * FROM `atype_info` WHERE ( type_id = 100 ) ORDER BY num desc  [ RunTime:0.0040s ]
SQL: SELECT * FROM `atype_info` WHERE ( type_id = 107 ) ORDER BY num desc  [ RunTime:0.0045s ]
SQL: SELECT * FROM `atype_info` WHERE ( type_id = 109 ) ORDER BY num desc  [ RunTime:0.0046s ]
SQL: SELECT * FROM `atype_info` WHERE ( id = 75 ) LIMIT 1   [ RunTime:0.0029s ]
INFO: [ view_parse ] --START--
INFO: [ template_filter ] --START--
INFO: Run Behavior\ContentReplaceBehavior [ RunTime:0.000263s ]
INFO: [ template_filter ] --END-- [ RunTime:0.000428s ]
INFO: Run Behavior\ParseTemplateBehavior [ RunTime:0.072619s ]
INFO: [ view_parse ] --END-- [ RunTime:0.072781s ]
INFO: [ view_filter ] --START--
INFO: Run Behavior\WriteHtmlCacheBehavior [ RunTime:0.002867s ]
INFO: [ view_filter ] --END-- [ RunTime:0.002997s ]
INFO: [ app_end ] --START--
INFO: Run Behavior\ShowPageTraceBehavior [ RunTime:0.004606s ]
INFO: [ app_end ] --END-- [ RunTime:0.004767s ]

[ 2015-04-26T17:33:38+08:00 ] 127.0.0.1 /1001hotel/index.php/Home/Union/index.html
INFO: [ app_init ] --START--
INFO: Run Behavior\BuildLiteBehavior [ RunTime:0.000036s ]
INFO: [ app_init ] --END-- [ RunTime:0.002110s ]
INFO: [ app_begin ] --START--
INFO: Run Behavior\ReadHtmlCacheBehavior [ RunTime:0.005905s ]
INFO: [ app_begin ] --END-- [ RunTime:0.006098s ]
ERR: SQLSTATE[HY000]: General error: 1 Can't create/write to file 'C:\Windows\TEMP\#sql_16c_0.MYI' (Errcode: 13)

[ 2015-04-26T17:33:47+08:00 ] 127.0.0.1 /1001hotel/index.php/Home/Union/index.html
INFO: [ app_init ] --START--
INFO: Run Behavior\BuildLiteBehavior [ RunTime:0.000046s ]
INFO: [ app_init ] --END-- [ RunTime:0.001824s ]
INFO: [ app_begin ] --START--
INFO: Run Behavior\ReadHtmlCacheBehavior [ RunTime:0.003622s ]
INFO: [ app_begin ] --END-- [ RunTime:0.003904s ]
SQL: SHOW COLUMNS FROM `atype_info` [ RunTime:0.0451s ]
SQL: SELECT * FROM `atype_info` WHERE ( id = 10 ) LIMIT 1   [ RunTime:0.0031s ]
SQL: SELECT * FROM `atype_info` WHERE ( type_id = 104 ) ORDER BY num desc  [ RunTime:0.0029s ]
SQL: SELECT * FROM `atype_info` WHERE ( id = 78  ) LIMIT 1   [ RunTime:0.0039s ]
SQL: SELECT * FROM `atype_info` WHERE ( id = 77  ) LIMIT 1   [ RunTime:0.0032s ]
SQL: SELECT * FROM `atype_info` WHERE ( id = 76  ) LIMIT 1   [ RunTime:0.0033s ]
INFO: [ view_parse ] --START--
INFO: [ template_filter ] --START--
INFO: Run Behavior\ContentReplaceBehavior [ RunTime:0.000232s ]
INFO: [ template_filter ] --END-- [ RunTime:0.000539s ]
INFO: Run Behavior\ParseTemplateBehavior [ RunTime:0.059549s ]
INFO: [ view_parse ] --END-- [ RunTime:0.059740s ]
INFO: [ view_filter ] --START--
INFO: Run Behavior\WriteHtmlCacheBehavior [ RunTime:0.004185s ]
INFO: [ view_filter ] --END-- [ RunTime:0.004330s ]
INFO: [ app_end ] --START--
INFO: Run Behavior\ShowPageTraceBehavior [ RunTime:0.003976s ]
INFO: [ app_end ] --END-- [ RunTime:0.004162s ]

[ 2015-04-26T17:34:59+08:00 ] 127.0.0.1 /1001hotel/index.php/Home/Union/index.html
INFO: [ app_init ] --START--
INFO: Run Behavior\BuildLiteBehavior [ RunTime:0.000035s ]
INFO: [ app_init ] --END-- [ RunTime:0.002948s ]
INFO: [ app_begin ] --START--
INFO: Run Behavior\ReadHtmlCacheBehavior [ RunTime:0.006003s ]
INFO: [ app_begin ] --END-- [ RunTime:0.006172s ]
SQL: SHOW COLUMNS FROM `atype_info` [ RunTime:0.0314s ]
SQL: SELECT * FROM `atype_info` WHERE ( id = 10 ) LIMIT 1   [ RunTime:0.0039s ]
SQL: SELECT * FROM `atype_info` WHERE ( type_id = 104 ) ORDER BY num desc  [ RunTime:0.0040s ]
SQL: SELECT * FROM `atype_info` WHERE ( id = 78  ) LIMIT 1   [ RunTime:0.0041s ]
SQL: SELECT * FROM `atype_info` WHERE ( id = 77  ) LIMIT 1   [ RunTime:0.0029s ]
SQL: SELECT * FROM `atype_info` WHERE ( id = 76  ) LIMIT 1   [ RunTime:0.0034s ]
INFO: [ view_parse ] --START--
INFO: [ template_filter ] --START--
INFO: Run Behavior\ContentReplaceBehavior [ RunTime:0.000165s ]
INFO: [ template_filter ] --END-- [ RunTime:0.000310s ]
INFO: Run Behavior\ParseTemplateBehavior [ RunTime:0.049515s ]
INFO: [ view_parse ] --END-- [ RunTime:0.049704s ]
INFO: [ view_filter ] --START--
INFO: Run Behavior\WriteHtmlCacheBehavior [ RunTime:0.003732s ]
INFO: [ view_filter ] --END-- [ RunTime:0.003859s ]
INFO: [ app_end ] --START--
INFO: Run Behavior\ShowPageTraceBehavior [ RunTime:0.008380s ]
INFO: [ app_end ] --END-- [ RunTime:0.008576s ]

[ 2015-04-26T17:35:03+08:00 ] 127.0.0.1 /1001hotel/index.php/Home/Info/index.html
INFO: [ app_init ] --START--
INFO: Run Behavior\BuildLiteBehavior [ RunTime:0.000037s ]
INFO: [ app_init ] --END-- [ RunTime:0.001739s ]
INFO: [ app_begin ] --START--
INFO: Run Behavior\ReadHtmlCacheBehavior [ RunTime:0.004168s ]
INFO: [ app_begin ] --END-- [ RunTime:0.004355s ]
SQL: SHOW COLUMNS FROM `atype_info` [ RunTime:0.0290s ]
SQL: SELECT * FROM `atype_info` WHERE ( id = 10 ) LIMIT 1   [ RunTime:0.0042s ]
SQL: SELECT * FROM `atype_info` WHERE ( type_id = 104 ) ORDER BY num desc  [ RunTime:0.0032s ]
NOTIC: [8] Undefined index: type_id F:\APMServ5.2.6\www\htdocs\1001hotel\Application\Home\Controller\InfoController.class.php 第 12 行.
SQL: SELECT * FROM `atype_info` WHERE `type_id` IN (115,116,117,118,119) ORDER BY num desc LIMIT 20   [ RunTime:0.0269s ]
INFO: [ view_parse ] --START--
INFO: [ template_filter ] --START--
INFO: Run Behavior\ContentReplaceBehavior [ RunTime:0.000198s ]
INFO: [ template_filter ] --END-- [ RunTime:0.000354s ]
NOTIC: [8] Undefined index: type_id F:\APMServ5.2.6\www\htdocs\1001hotel\Application\Runtime\Cache\Home\3f36e03cb4a38b2ed27bc75332298af5.php 第 37 行.
NOTIC: [8] Undefined index: type_id F:\APMServ5.2.6\www\htdocs\1001hotel\Application\Runtime\Cache\Home\3f36e03cb4a38b2ed27bc75332298af5.php 第 38 行.
NOTIC: [8] Undefined index: type_id F:\APMServ5.2.6\www\htdocs\1001hotel\Application\Runtime\Cache\Home\3f36e03cb4a38b2ed27bc75332298af5.php 第 39 行.
NOTIC: [8] Undefined index: type_id F:\APMServ5.2.6\www\htdocs\1001hotel\Application\Runtime\Cache\Home\3f36e03cb4a38b2ed27bc75332298af5.php 第 40 行.
NOTIC: [8] Undefined index: type_id F:\APMServ5.2.6\www\htdocs\1001hotel\Application\Runtime\Cache\Home\3f36e03cb4a38b2ed27bc75332298af5.php 第 41 行.
NOTIC: [8] Undefined variable: keyword F:\APMServ5.2.6\www\htdocs\1001hotel\Application\Runtime\Cache\Home\3f36e03cb4a38b2ed27bc75332298af5.php 第 45 行.
NOTIC: [8] Undefined index: type_id F:\APMServ5.2.6\www\htdocs\1001hotel\Application\Runtime\Cache\Home\3f36e03cb4a38b2ed27bc75332298af5.php 第 87 行.
INFO: Run Behavior\ParseTemplateBehavior [ RunTime:0.058953s ]
INFO: [ view_parse ] --END-- [ RunTime:0.059561s ]
INFO: [ view_filter ] --START--
INFO: Run Behavior\WriteHtmlCacheBehavior [ RunTime:0.004767s ]
INFO: [ view_filter ] --END-- [ RunTime:0.004917s ]
INFO: [ app_end ] --START--
INFO: Run Behavior\ShowPageTraceBehavior [ RunTime:0.005933s ]
INFO: [ app_end ] --END-- [ RunTime:0.006105s ]

[ 2015-04-26T17:38:50+08:00 ] 127.0.0.1 /1001hotel/index.php/Home/Union/index.html
INFO: [ app_init ] --START--
INFO: Run Behavior\BuildLiteBehavior [ RunTime:0.000035s ]
INFO: [ app_init ] --END-- [ RunTime:0.001746s ]
INFO: [ app_begin ] --START--
INFO: Run Behavior\ReadHtmlCacheBehavior [ RunTime:0.005030s ]
INFO: [ app_begin ] --END-- [ RunTime:0.005224s ]
SQL: SHOW COLUMNS FROM `atype_info` [ RunTime:0.0322s ]
SQL: SELECT * FROM `atype_info` WHERE ( id = 10 ) LIMIT 1   [ RunTime:0.0034s ]
SQL: SELECT * FROM `atype_info` WHERE ( type_id = 104 ) ORDER BY num desc  [ RunTime:0.0034s ]
SQL: SELECT * FROM `atype_info` WHERE ( id = 78  ) LIMIT 1   [ RunTime:0.0054s ]
SQL: SELECT * FROM `atype_info` WHERE ( id = 77  ) LIMIT 1   [ RunTime:0.0031s ]
SQL: SELECT * FROM `atype_info` WHERE ( id = 76  ) LIMIT 1   [ RunTime:0.0032s ]
INFO: [ view_parse ] --START--
INFO: [ template_filter ] --START--
INFO: Run Behavior\ContentReplaceBehavior [ RunTime:0.000168s ]
INFO: [ template_filter ] --END-- [ RunTime:0.000303s ]
INFO: Run Behavior\ParseTemplateBehavior [ RunTime:0.040625s ]
INFO: [ view_parse ] --END-- [ RunTime:0.040924s ]
INFO: [ view_filter ] --START--
INFO: Run Behavior\WriteHtmlCacheBehavior [ RunTime:0.002929s ]
INFO: [ view_filter ] --END-- [ RunTime:0.003069s ]
INFO: [ app_end ] --START--
INFO: Run Behavior\ShowPageTraceBehavior [ RunTime:0.004958s ]
INFO: [ app_end ] --END-- [ RunTime:0.005128s ]

[ 2015-04-26T17:39:09+08:00 ] 127.0.0.1 /1001hotel/index.php/Home/Union/index.html
INFO: [ app_init ] --START--
INFO: Run Behavior\BuildLiteBehavior [ RunTime:0.000034s ]
INFO: [ app_init ] --END-- [ RunTime:0.002754s ]
INFO: [ app_begin ] --START--
INFO: Run Behavior\ReadHtmlCacheBehavior [ RunTime:0.006333s ]
INFO: [ app_begin ] --END-- [ RunTime:0.006601s ]
SQL: SHOW COLUMNS FROM `atype_info` [ RunTime:0.0310s ]
SQL: SELECT * FROM `atype_info` WHERE ( id = 10 ) LIMIT 1   [ RunTime:0.0025s ]
SQL: SELECT * FROM `atype_info` WHERE ( type_id = 104 ) ORDER BY num desc  [ RunTime:0.0033s ]
SQL: SELECT * FROM `atype_info` WHERE ( id = 78  ) LIMIT 1   [ RunTime:0.0037s ]
SQL: SELECT * FROM `atype_info` WHERE ( id = 77  ) LIMIT 1   [ RunTime:0.0037s ]
SQL: SELECT * FROM `atype_info` WHERE ( id = 76  ) LIMIT 1   [ RunTime:0.0027s ]
INFO: [ view_parse ] --START--
INFO: [ template_filter ] --START--
INFO: Run Behavior\ContentReplaceBehavior [ RunTime:0.000154s ]
INFO: [ template_filter ] --END-- [ RunTime:0.000281s ]
INFO: Run Behavior\ParseTemplateBehavior [ RunTime:0.050955s ]
INFO: [ view_parse ] --END-- [ RunTime:0.051161s ]
INFO: [ view_filter ] --START--
INFO: Run Behavior\WriteHtmlCacheBehavior [ RunTime:0.004135s ]
INFO: [ view_filter ] --END-- [ RunTime:0.004263s ]
INFO: [ app_end ] --START--
INFO: Run Behavior\ShowPageTraceBehavior [ RunTime:0.008266s ]
INFO: [ app_end ] --END-- [ RunTime:0.008471s ]

[ 2015-04-26T17:39:17+08:00 ] 127.0.0.1 /1001hotel/index.php/Home/Buiding/index.html
INFO: [ app_init ] --START--
INFO: Run Behavior\BuildLiteBehavior [ RunTime:0.000033s ]
INFO: [ app_init ] --END-- [ RunTime:0.001676s ]
INFO: [ app_begin ] --START--
INFO: Run Behavior\ReadHtmlCacheBehavior [ RunTime:0.003909s ]
INFO: [ app_begin ] --END-- [ RunTime:0.004099s ]
SQL: SHOW COLUMNS FROM `atype_info` [ RunTime:0.0290s ]
SQL: SELECT * FROM `atype_info` WHERE ( id = 10 ) LIMIT 1   [ RunTime:0.0019s ]
SQL: SELECT * FROM `atype_info` WHERE ( type_id = 104 ) ORDER BY num desc  [ RunTime:0.0020s ]
ERR: 模板不存在:./Application/Home/View/Buiding/index.html

[ 2015-04-26T17:42:55+08:00 ] 127.0.0.1 /1001hotel/index.php/Home/Buiding/index.html
INFO: [ app_init ] --START--
INFO: Run Behavior\BuildLiteBehavior [ RunTime:0.000036s ]
INFO: [ app_init ] --END-- [ RunTime:0.003352s ]
INFO: [ app_begin ] --START--
INFO: Run Behavior\ReadHtmlCacheBehavior [ RunTime:0.008041s ]
INFO: [ app_begin ] --END-- [ RunTime:0.008303s ]
SQL: SHOW COLUMNS FROM `atype_info` [ RunTime:0.0482s ]
SQL: SELECT * FROM `atype_info` WHERE ( id = 10 ) LIMIT 1   [ RunTime:0.0031s ]
SQL: SELECT * FROM `atype_info` WHERE ( type_id = 104 ) ORDER BY num desc  [ RunTime:0.0075s ]
INFO: [ view_parse ] --START--
INFO: [ template_filter ] --START--
INFO: Run Behavior\ContentReplaceBehavior [ RunTime:0.000204s ]
INFO: [ template_filter ] --END-- [ RunTime:0.000472s ]
INFO: Run Behavior\ParseTemplateBehavior [ RunTime:0.035319s ]
INFO: [ view_parse ] --END-- [ RunTime:0.035505s ]
INFO: [ view_filter ] --START--
INFO: Run Behavior\WriteHtmlCacheBehavior [ RunTime:0.002986s ]
INFO: [ view_filter ] --END-- [ RunTime:0.003121s ]
INFO: [ app_end ] --START--
INFO: Run Behavior\ShowPageTraceBehavior [ RunTime:0.003341s ]
INFO: [ app_end ] --END-- [ RunTime:0.003497s ]

[ 2015-04-26T17:46:02+08:00 ] 127.0.0.1 /1001hotel/index.php/Home/Buiding/index.html
INFO: [ app_init ] --START--
INFO: Run Behavior\BuildLiteBehavior [ RunTime:0.000036s ]
INFO: [ app_init ] --END-- [ RunTime:0.001773s ]
INFO: [ app_begin ] --START--
INFO: Run Behavior\ReadHtmlCacheBehavior [ RunTime:0.004259s ]
INFO: [ app_begin ] --END-- [ RunTime:0.004456s ]
SQL: SHOW COLUMNS FROM `atype_info` [ RunTime:0.0286s ]
SQL: SELECT * FROM `atype_info` WHERE ( id = 10 ) LIMIT 1   [ RunTime:0.0030s ]
SQL: SELECT * FROM `atype_info` WHERE ( type_id = 104 ) ORDER BY num desc  [ RunTime:0.0028s ]
INFO: [ view_parse ] --START--
INFO: [ template_filter ] --START--
INFO: Run Behavior\ContentReplaceBehavior [ RunTime:0.000156s ]
INFO: [ template_filter ] --END-- [ RunTime:0.000302s ]
INFO: Run Behavior\ParseTemplateBehavior [ RunTime:0.038191s ]
INFO: [ view_parse ] --END-- [ RunTime:0.038483s ]
INFO: [ view_filter ] --START--
INFO: Run Behavior\WriteHtmlCacheBehavior [ RunTime:0.006242s ]
INFO: [ view_filter ] --END-- [ RunTime:0.006381s ]
INFO: [ app_end ] --START--
INFO: Run Behavior\ShowPageTraceBehavior [ RunTime:0.003243s ]
INFO: [ app_end ] --END-- [ RunTime:0.003392s ]

[ 2015-04-26T18:12:15+08:00 ] 127.0.0.1 /1001hotel/index.php/Home/Buiding/index.html
INFO: [ app_init ] --START--
INFO: Run Behavior\BuildLiteBehavior [ RunTime:0.000034s ]
INFO: [ app_init ] --END-- [ RunTime:0.001648s ]
INFO: [ app_begin ] --START--
INFO: Run Behavior\ReadHtmlCacheBehavior [ RunTime:0.003708s ]
INFO: [ app_begin ] --END-- [ RunTime:0.003886s ]
ERR: SQLSTATE[HY000]: General error: 1 Can't create/write to file 'C:\Windows\TEMP\#sql_16c_0.MYI' (Errcode: 13)

[ 2015-04-26T18:12:21+08:00 ] 127.0.0.1 /1001hotel/index.php/Home/Buiding/index.html
INFO: [ app_init ] --START--
INFO: Run Behavior\BuildLiteBehavior [ RunTime:0.000034s ]
INFO: [ app_init ] --END-- [ RunTime:0.001682s ]
INFO: [ app_begin ] --START--
INFO: Run Behavior\ReadHtmlCacheBehavior [ RunTime:0.002001s ]
INFO: [ app_begin ] --END-- [ RunTime:0.002188s ]
SQL: SHOW COLUMNS FROM `atype_info` [ RunTime:0.0453s ]
SQL: SELECT * FROM `atype_info` WHERE ( id = 10 ) LIMIT 1   [ RunTime:0.0040s ]
SQL: SELECT * FROM `atype_info` WHERE ( type_id = 104 ) ORDER BY num desc  [ RunTime:0.0044s ]
SQL: SELECT * FROM `atype_info` WHERE ( type_id = 121 ) ORDER BY num desc  [ RunTime:0.0040s ]
INFO: [ view_parse ] --START--
INFO: [ template_filter ] --START--
INFO: Run Behavior\ContentReplaceBehavior [ RunTime:0.000162s ]
INFO: [ template_filter ] --END-- [ RunTime:0.000441s ]
INFO: Run Behavior\ParseTemplateBehavior [ RunTime:0.040038s ]
INFO: [ view_parse ] --END-- [ RunTime:0.040237s ]
INFO: [ view_filter ] --START--
INFO: Run Behavior\WriteHtmlCacheBehavior [ RunTime:0.002521s ]
INFO: [ view_filter ] --END-- [ RunTime:0.002648s ]
INFO: [ app_end ] --START--
INFO: Run Behavior\ShowPageTraceBehavior [ RunTime:0.003446s ]
INFO: [ app_end ] --END-- [ RunTime:0.003575s ]

[ 2015-04-26T18:13:08+08:00 ] 127.0.0.1 /1001hotel/index.php/Home/Buiding/index.html
INFO: [ app_init ] --START--
INFO: Run Behavior\BuildLiteBehavior [ RunTime:0.000034s ]
INFO: [ app_init ] --END-- [ RunTime:0.001594s ]
INFO: [ app_begin ] --START--
INFO: Run Behavior\ReadHtmlCacheBehavior [ RunTime:0.003932s ]
INFO: [ app_begin ] --END-- [ RunTime:0.004133s ]
SQL: SHOW COLUMNS FROM `atype_info` [ RunTime:0.0286s ]
SQL: SELECT * FROM `atype_info` WHERE ( id = 10 ) LIMIT 1   [ RunTime:0.0027s ]
SQL: SELECT * FROM `atype_info` WHERE ( type_id = 104 ) ORDER BY num desc  [ RunTime:0.0032s ]
SQL: SELECT * FROM `atype_info` WHERE ( type_id = 121 ) ORDER BY num desc  [ RunTime:0.0052s ]
INFO: [ view_parse ] --START--
INFO: [ template_filter ] --START--
INFO: Run Behavior\ContentReplaceBehavior [ RunTime:0.000169s ]
INFO: [ template_filter ] --END-- [ RunTime:0.000423s ]
NOTIC: [8] Undefined variable: 1 F:\APMServ5.2.6\www\htdocs\1001hotel\Application\Runtime\Cache\Home\7867907f23e20aa0bae6d8cd657b25d5.php 第 38 行.
NOTIC: [8] Undefined variable: 2 F:\APMServ5.2.6\www\htdocs\1001hotel\Application\Runtime\Cache\Home\7867907f23e20aa0bae6d8cd657b25d5.php 第 38 行.
NOTIC: [8] Undefined variable: 3 F:\APMServ5.2.6\www\htdocs\1001hotel\Application\Runtime\Cache\Home\7867907f23e20aa0bae6d8cd657b25d5.php 第 38 行.
NOTIC: [8] Undefined variable: 4 F:\APMServ5.2.6\www\htdocs\1001hotel\Application\Runtime\Cache\Home\7867907f23e20aa0bae6d8cd657b25d5.php 第 38 行.
NOTIC: [8] Undefined variable: 5 F:\APMServ5.2.6\www\htdocs\1001hotel\Application\Runtime\Cache\Home\7867907f23e20aa0bae6d8cd657b25d5.php 第 38 行.
NOTIC: [8] Undefined variable: 6 F:\APMServ5.2.6\www\htdocs\1001hotel\Application\Runtime\Cache\Home\7867907f23e20aa0bae6d8cd657b25d5.php 第 38 行.
INFO: Run Behavior\ParseTemplateBehavior [ RunTime:0.050981s ]
INFO: [ view_parse ] --END-- [ RunTime:0.051124s ]
INFO: [ view_filter ] --START--
INFO: Run Behavior\WriteHtmlCacheBehavior [ RunTime:0.002624s ]
INFO: [ view_filter ] --END-- [ RunTime:0.002751s ]
INFO: [ app_end ] --START--
INFO: Run Behavior\ShowPageTraceBehavior [ RunTime:0.003907s ]
INFO: [ app_end ] --END-- [ RunTime:0.004039s ]

[ 2015-04-26T18:13:13+08:00 ] 127.0.0.1 /1001hotel/index.php/Home/Buiding/index.html
INFO: [ app_init ] --START--
INFO: Run Behavior\BuildLiteBehavior [ RunTime:0.000037s ]
INFO: [ app_init ] --END-- [ RunTime:0.001870s ]
INFO: [ app_begin ] --START--
INFO: Run Behavior\ReadHtmlCacheBehavior [ RunTime:0.002110s ]
INFO: [ app_begin ] --END-- [ RunTime:0.002380s ]
SQL: SHOW COLUMNS FROM `atype_info` [ RunTime:0.0281s ]
SQL: SELECT * FROM `atype_info` WHERE ( id = 10 ) LIMIT 1   [ RunTime:0.0019s ]
SQL: SELECT * FROM `atype_info` WHERE ( type_id = 104 ) ORDER BY num desc  [ RunTime:0.0020s ]
SQL: SELECT * FROM `atype_info` WHERE ( type_id = 121 ) ORDER BY num desc  [ RunTime:0.0017s ]
INFO: [ view_parse ] --START--
INFO: [ template_filter ] --START--
INFO: Run Behavior\ContentReplaceBehavior [ RunTime:0.000138s ]
INFO: [ template_filter ] --END-- [ RunTime:0.000272s ]
NOTIC: [8] Undefined variable: 1 F:\APMServ5.2.6\www\htdocs\1001hotel\Application\Runtime\Cache\Home\7867907f23e20aa0bae6d8cd657b25d5.php 第 38 行.
NOTIC: [8] Undefined variable: 2 F:\APMServ5.2.6\www\htdocs\1001hotel\Application\Runtime\Cache\Home\7867907f23e20aa0bae6d8cd657b25d5.php 第 38 行.
NOTIC: [8] Undefined variable: 3 F:\APMServ5.2.6\www\htdocs\1001hotel\Application\Runtime\Cache\Home\7867907f23e20aa0bae6d8cd657b25d5.php 第 38 行.
NOTIC: [8] Undefined variable: 4 F:\APMServ5.2.6\www\htdocs\1001hotel\Application\Runtime\Cache\Home\7867907f23e20aa0bae6d8cd657b25d5.php 第 38 行.
NOTIC: [8] Undefined variable: 5 F:\APMServ5.2.6\www\htdocs\1001hotel\Application\Runtime\Cache\Home\7867907f23e20aa0bae6d8cd657b25d5.php 第 38 行.
NOTIC: [8] Undefined variable: 6 F:\APMServ5.2.6\www\htdocs\1001hotel\Application\Runtime\Cache\Home\7867907f23e20aa0bae6d8cd657b25d5.php 第 38 行.
INFO: Run Behavior\ParseTemplateBehavior [ RunTime:0.040387s ]
INFO: [ view_parse ] --END-- [ RunTime:0.040528s ]
INFO: [ view_filter ] --START--
INFO: Run Behavior\WriteHtmlCacheBehavior [ RunTime:0.002938s ]
INFO: [ view_filter ] --END-- [ RunTime:0.003071s ]
INFO: [ app_end ] --START--
INFO: Run Behavior\ShowPageTraceBehavior [ RunTime:0.003397s ]
INFO: [ app_end ] --END-- [ RunTime:0.003535s ]

[ 2015-04-26T18:15:09+08:00 ] 127.0.0.1 /1001hotel/index.php/Home/System/index.html
INFO: [ app_init ] --START--
INFO: Run Behavior\BuildLiteBehavior [ RunTime:0.000263s ]
INFO: [ app_init ] --END-- [ RunTime:0.002071s ]
INFO: [ app_begin ] --START--
INFO: Run Behavior\ReadHtmlCacheBehavior [ RunTime:0.004133s ]
INFO: [ app_begin ] --END-- [ RunTime:0.004384s ]
SQL: SHOW COLUMNS FROM `atype_info` [ RunTime:0.0299s ]
SQL: SELECT * FROM `atype_info` WHERE ( id = 10 ) LIMIT 1   [ RunTime:0.0017s ]
SQL: SELECT * FROM `atype_info` WHERE ( type_id = 104 ) ORDER BY num desc  [ RunTime:0.0021s ]
SQL: SELECT * FROM `atype_info` WHERE ( type_id = 94 ) ORDER BY num desc  [ RunTime:0.0020s ]
SQL: SELECT * FROM `atype_info` WHERE ( type_id = 96 ) ORDER BY num desc  [ RunTime:0.0020s ]
SQL: SELECT * FROM `atype_info` WHERE ( id = 37 ) LIMIT 1   [ RunTime:0.0017s ]
SQL: SELECT * FROM `atype_info` WHERE ( id = 36 ) LIMIT 1   [ RunTime:0.0033s ]
SQL: SELECT * FROM `atype_info` WHERE ( id = 35 ) LIMIT 1   [ RunTime:0.0022s ]
SQL: SELECT * FROM `atype_info` WHERE ( id = 34 ) LIMIT 1   [ RunTime:0.0024s ]
SQL: SELECT * FROM `atype_info` WHERE ( type_id = 100 ) ORDER BY num desc  [ RunTime:0.0048s ]
SQL: SELECT * FROM `atype_info` WHERE ( type_id = 107 ) ORDER BY num desc  [ RunTime:0.0024s ]
SQL: SELECT * FROM `atype_info` WHERE ( type_id = 109 ) ORDER BY num desc  [ RunTime:0.0023s ]
SQL: SELECT * FROM `atype_info` WHERE ( id = 75 ) LIMIT 1   [ RunTime:0.0016s ]
INFO: [ view_parse ] --START--
INFO: [ template_filter ] --START--
INFO: Run Behavior\ContentReplaceBehavior [ RunTime:0.000265s ]
INFO: [ template_filter ] --END-- [ RunTime:0.000426s ]
INFO: Run Behavior\ParseTemplateBehavior [ RunTime:0.063901s ]
INFO: [ view_parse ] --END-- [ RunTime:0.064151s ]
INFO: [ view_filter ] --START--
INFO: Run Behavior\WriteHtmlCacheBehavior [ RunTime:0.003768s ]
INFO: [ view_filter ] --END-- [ RunTime:0.003912s ]
INFO: [ app_end ] --START--
INFO: Run Behavior\ShowPageTraceBehavior [ RunTime:0.003822s ]
INFO: [ app_end ] --END-- [ RunTime:0.004061s ]

[ 2015-04-26T18:15:32+08:00 ] 127.0.0.1 /1001hotel/index.php/Home/Info/index.html
INFO: [ app_init ] --START--
INFO: Run Behavior\BuildLiteBehavior [ RunTime:0.000135s ]
INFO: [ app_init ] --END-- [ RunTime:0.001981s ]
INFO: [ app_begin ] --START--
INFO: Run Behavior\ReadHtmlCacheBehavior [ RunTime:0.006106s ]
INFO: [ app_begin ] --END-- [ RunTime:0.006342s ]
SQL: SHOW COLUMNS FROM `atype_info` [ RunTime:0.0294s ]
SQL: SELECT * FROM `atype_info` WHERE ( id = 10 ) LIMIT 1   [ RunTime:0.0021s ]
SQL: SELECT * FROM `atype_info` WHERE ( type_id = 104 ) ORDER BY num desc  [ RunTime:0.0019s ]
NOTIC: [8] Undefined index: type_id F:\APMServ5.2.6\www\htdocs\1001hotel\Application\Home\Controller\InfoController.class.php 第 12 行.
SQL: SELECT * FROM `atype_info` WHERE `type_id` IN (115,116,117,118,119) ORDER BY num desc LIMIT 20   [ RunTime:0.0024s ]
INFO: [ view_parse ] --START--
INFO: [ template_filter ] --START--
INFO: Run Behavior\ContentReplaceBehavior [ RunTime:0.000196s ]
INFO: [ template_filter ] --END-- [ RunTime:0.000354s ]
NOTIC: [8] Undefined index: type_id F:\APMServ5.2.6\www\htdocs\1001hotel\Application\Runtime\Cache\Home\3f36e03cb4a38b2ed27bc75332298af5.php 第 37 行.
NOTIC: [8] Undefined index: type_id F:\APMServ5.2.6\www\htdocs\1001hotel\Application\Runtime\Cache\Home\3f36e03cb4a38b2ed27bc75332298af5.php 第 38 行.
NOTIC: [8] Undefined index: type_id F:\APMServ5.2.6\www\htdocs\1001hotel\Application\Runtime\Cache\Home\3f36e03cb4a38b2ed27bc75332298af5.php 第 39 行.
NOTIC: [8] Undefined index: type_id F:\APMServ5.2.6\www\htdocs\1001hotel\Application\Runtime\Cache\Home\3f36e03cb4a38b2ed27bc75332298af5.php 第 40 行.
NOTIC: [8] Undefined index: type_id F:\APMServ5.2.6\www\htdocs\1001hotel\Application\Runtime\Cache\Home\3f36e03cb4a38b2ed27bc75332298af5.php 第 41 行.
NOTIC: [8] Undefined variable: keyword F:\APMServ5.2.6\www\htdocs\1001hotel\Application\Runtime\Cache\Home\3f36e03cb4a38b2ed27bc75332298af5.php 第 45 行.
NOTIC: [8] Undefined index: type_id F:\APMServ5.2.6\www\htdocs\1001hotel\Application\Runtime\Cache\Home\3f36e03cb4a38b2ed27bc75332298af5.php 第 87 行.
INFO: Run Behavior\ParseTemplateBehavior [ RunTime:0.055812s ]
INFO: [ view_parse ] --END-- [ RunTime:0.055978s ]
INFO: [ view_filter ] --START--
INFO: Run Behavior\WriteHtmlCacheBehavior [ RunTime:0.003918s ]
INFO: [ view_filter ] --END-- [ RunTime:0.004072s ]
INFO: [ app_end ] --START--
INFO: Run Behavior\ShowPageTraceBehavior [ RunTime:0.005015s ]
INFO: [ app_end ] --END-- [ RunTime:0.005312s ]

[ 2015-04-26T18:15:54+08:00 ] 127.0.0.1 /1001hotel/index.php/Home/Union/index.html
INFO: [ app_init ] --START--
INFO: Run Behavior\BuildLiteBehavior [ RunTime:0.000043s ]
INFO: [ app_init ] --END-- [ RunTime:0.002345s ]
INFO: [ app_begin ] --START--
INFO: Run Behavior\ReadHtmlCacheBehavior [ RunTime:0.002730s ]
INFO: [ app_begin ] --END-- [ RunTime:0.002906s ]
SQL: SHOW COLUMNS FROM `atype_info` [ RunTime:0.0304s ]
SQL: SELECT * FROM `atype_info` WHERE ( id = 10 ) LIMIT 1   [ RunTime:0.0051s ]
SQL: SELECT * FROM `atype_info` WHERE ( type_id = 104 ) ORDER BY num desc  [ RunTime:0.0050s ]
SQL: SELECT * FROM `atype_info` WHERE ( id = 78  ) LIMIT 1   [ RunTime:0.0041s ]
SQL: SELECT * FROM `atype_info` WHERE ( id = 77  ) LIMIT 1   [ RunTime:0.0061s ]
SQL: SELECT * FROM `atype_info` WHERE ( id = 76  ) LIMIT 1   [ RunTime:0.0044s ]
INFO: [ view_parse ] --START--
INFO: [ template_filter ] --START--
INFO: Run Behavior\ContentReplaceBehavior [ RunTime:0.000286s ]
INFO: [ template_filter ] --END-- [ RunTime:0.000814s ]
INFO: Run Behavior\ParseTemplateBehavior [ RunTime:0.049014s ]
INFO: [ view_parse ] --END-- [ RunTime:0.049196s ]
INFO: [ view_filter ] --START--
INFO: Run Behavior\WriteHtmlCacheBehavior [ RunTime:0.003922s ]
INFO: [ view_filter ] --END-- [ RunTime:0.004056s ]
INFO: [ app_end ] --START--
INFO: Run Behavior\ShowPageTraceBehavior [ RunTime:0.004648s ]
INFO: [ app_end ] --END-- [ RunTime:0.004840s ]

[ 2015-04-26T18:16:03+08:00 ] 127.0.0.1 /1001hotel/index.php/Home/Buiding/index.html
INFO: [ app_init ] --START--
INFO: Run Behavior\BuildLiteBehavior [ RunTime:0.000034s ]
INFO: [ app_init ] --END-- [ RunTime:0.001656s ]
INFO: [ app_begin ] --START--
INFO: Run Behavior\ReadHtmlCacheBehavior [ RunTime:0.001382s ]
INFO: [ app_begin ] --END-- [ RunTime:0.001549s ]
SQL: SHOW COLUMNS FROM `atype_info` [ RunTime:0.0289s ]
SQL: SELECT * FROM `atype_info` WHERE ( id = 10 ) LIMIT 1   [ RunTime:0.0019s ]
SQL: SELECT * FROM `atype_info` WHERE ( type_id = 104 ) ORDER BY num desc  [ RunTime:0.0026s ]
SQL: SELECT * FROM `atype_info` WHERE ( type_id = 121 ) ORDER BY num desc  [ RunTime:0.0032s ]
INFO: [ view_parse ] --START--
INFO: [ template_filter ] --START--
INFO: Run Behavior\ContentReplaceBehavior [ RunTime:0.000132s ]
INFO: [ template_filter ] --END-- [ RunTime:0.000255s ]
NOTIC: [8] Undefined variable: 1 F:\APMServ5.2.6\www\htdocs\1001hotel\Application\Runtime\Cache\Home\7867907f23e20aa0bae6d8cd657b25d5.php 第 38 行.
NOTIC: [8] Undefined variable: 2 F:\APMServ5.2.6\www\htdocs\1001hotel\Application\Runtime\Cache\Home\7867907f23e20aa0bae6d8cd657b25d5.php 第 38 行.
NOTIC: [8] Undefined variable: 3 F:\APMServ5.2.6\www\htdocs\1001hotel\Application\Runtime\Cache\Home\7867907f23e20aa0bae6d8cd657b25d5.php 第 38 行.
NOTIC: [8] Undefined variable: 4 F:\APMServ5.2.6\www\htdocs\1001hotel\Application\Runtime\Cache\Home\7867907f23e20aa0bae6d8cd657b25d5.php 第 38 行.
NOTIC: [8] Undefined variable: 5 F:\APMServ5.2.6\www\htdocs\1001hotel\Application\Runtime\Cache\Home\7867907f23e20aa0bae6d8cd657b25d5.php 第 38 行.
NOTIC: [8] Undefined variable: 6 F:\APMServ5.2.6\www\htdocs\1001hotel\Application\Runtime\Cache\Home\7867907f23e20aa0bae6d8cd657b25d5.php 第 38 行.
INFO: Run Behavior\ParseTemplateBehavior [ RunTime:0.037102s ]
INFO: [ view_parse ] --END-- [ RunTime:0.037238s ]
INFO: [ view_filter ] --START--
INFO: Run Behavior\WriteHtmlCacheBehavior [ RunTime:0.002618s ]
INFO: [ view_filter ] --END-- [ RunTime:0.002744s ]
INFO: [ app_end ] --START--
INFO: Run Behavior\ShowPageTraceBehavior [ RunTime:0.003755s ]
INFO: [ app_end ] --END-- [ RunTime:0.003884s ]

[ 2015-04-26T18:20:08+08:00 ] 127.0.0.1 /1001hotel/index.php/Home/Buiding/index.html
INFO: [ app_init ] --START--
INFO: Run Behavior\BuildLiteBehavior [ RunTime:0.000049s ]
INFO: [ app_init ] --END-- [ RunTime:0.002006s ]
INFO: [ app_begin ] --START--
INFO: Run Behavior\ReadHtmlCacheBehavior [ RunTime:0.008233s ]
INFO: [ app_begin ] --END-- [ RunTime:0.008448s ]
SQL: SHOW COLUMNS FROM `atype_info` [ RunTime:0.0314s ]
SQL: SELECT * FROM `atype_info` WHERE ( id = 10 ) LIMIT 1   [ RunTime:0.0045s ]
SQL: SELECT * FROM `atype_info` WHERE ( type_id = 104 ) ORDER BY num desc  [ RunTime:0.0044s ]
SQL: SELECT * FROM `atype_info` WHERE ( type_id = 121 ) ORDER BY num desc  [ RunTime:0.0038s ]
INFO: [ view_parse ] --START--
INFO: [ template_filter ] --START--
INFO: Run Behavior\ContentReplaceBehavior [ RunTime:0.000125s ]
INFO: [ template_filter ] --END-- [ RunTime:0.000249s ]
INFO: Run Behavior\ParseTemplateBehavior [ RunTime:0.036222s ]
INFO: [ view_parse ] --END-- [ RunTime:0.036378s ]
INFO: [ view_filter ] --START--
INFO: Run Behavior\WriteHtmlCacheBehavior [ RunTime:0.003090s ]
INFO: [ view_filter ] --END-- [ RunTime:0.003269s ]
INFO: [ app_end ] --START--
INFO: Run Behavior\ShowPageTraceBehavior [ RunTime:0.003928s ]
INFO: [ app_end ] --END-- [ RunTime:0.004065s ]

[ 2015-04-26T18:21:35+08:00 ] 127.0.0.1 /1001hotel/index.php/Home/Buiding/index.html
INFO: [ app_init ] --START--
INFO: Run Behavior\BuildLiteBehavior [ RunTime:0.000063s ]
INFO: [ app_init ] --END-- [ RunTime:0.004179s ]
INFO: [ app_begin ] --START--
INFO: Run Behavior\ReadHtmlCacheBehavior [ RunTime:0.005246s ]
INFO: [ app_begin ] --END-- [ RunTime:0.005496s ]
ERR: SQLSTATE[HY000]: General error: 1 Can't create/write to file 'C:\Windows\TEMP\#sql_16c_0.MYI' (Errcode: 13)

[ 2015-04-26T18:21:39+08:00 ] 127.0.0.1 /1001hotel/index.php/Home/Buiding/index.html
INFO: [ app_init ] --START--
INFO: Run Behavior\BuildLiteBehavior [ RunTime:0.000035s ]
INFO: [ app_init ] --END-- [ RunTime:0.001825s ]
INFO: [ app_begin ] --START--
INFO: Run Behavior\ReadHtmlCacheBehavior [ RunTime:0.004005s ]
INFO: [ app_begin ] --END-- [ RunTime:0.004178s ]
SQL: SHOW COLUMNS FROM `atype_info` [ RunTime:0.0284s ]
SQL: SELECT * FROM `atype_info` WHERE ( id = 10 ) LIMIT 1   [ RunTime:0.0023s ]
SQL: SELECT * FROM `atype_info` WHERE ( type_id = 104 ) ORDER BY num desc  [ RunTime:0.0026s ]
SQL: SELECT * FROM `atype_info` WHERE ( type_id = 121 ) ORDER BY num desc  [ RunTime:0.0034s ]
INFO: [ view_parse ] --START--
INFO: [ template_filter ] --START--
INFO: Run Behavior\ContentReplaceBehavior [ RunTime:0.000136s ]
INFO: [ template_filter ] --END-- [ RunTime:0.000272s ]
INFO: Run Behavior\ParseTemplateBehavior [ RunTime:0.039941s ]
INFO: [ view_parse ] --END-- [ RunTime:0.040108s ]
INFO: [ view_filter ] --START--
INFO: Run Behavior\WriteHtmlCacheBehavior [ RunTime:0.002579s ]
INFO: [ view_filter ] --END-- [ RunTime:0.002737s ]
INFO: [ app_end ] --START--
INFO: Run Behavior\ShowPageTraceBehavior [ RunTime:0.003814s ]
INFO: [ app_end ] --END-- [ RunTime:0.003977s ]

[ 2015-04-26T18:26:18+08:00 ] 127.0.0.1 /1001hotel/index.php/Home/Buiding/index.html
INFO: [ app_init ] --START--
INFO: Run Behavior\BuildLiteBehavior [ RunTime:0.000041s ]
INFO: [ app_init ] --END-- [ RunTime:0.002390s ]
INFO: [ app_begin ] --START--
INFO: Run Behavior\ReadHtmlCacheBehavior [ RunTime:0.005922s ]
INFO: [ app_begin ] --END-- [ RunTime:0.006212s ]
SQL: SHOW COLUMNS FROM `atype_info` [ RunTime:0.0315s ]
SQL: SELECT * FROM `atype_info` WHERE ( id = 10 ) LIMIT 1   [ RunTime:0.0034s ]
SQL: SELECT * FROM `atype_info` WHERE ( type_id = 104 ) ORDER BY num desc  [ RunTime:0.0036s ]
SQL: SELECT * FROM `atype_info` WHERE ( type_id = 121 ) ORDER BY num desc LIMIT 20   [ RunTime:0.0052s ]
INFO: [ view_parse ] --START--
INFO: [ template_filter ] --START--
INFO: Run Behavior\ContentReplaceBehavior [ RunTime:0.000185s ]
INFO: [ template_filter ] --END-- [ RunTime:0.000342s ]
INFO: Run Behavior\ParseTemplateBehavior [ RunTime:0.040104s ]
INFO: [ view_parse ] --END-- [ RunTime:0.040325s ]
INFO: [ view_filter ] --START--
INFO: Run Behavior\WriteHtmlCacheBehavior [ RunTime:0.003154s ]
INFO: [ view_filter ] --END-- [ RunTime:0.003293s ]
INFO: [ app_end ] --START--
INFO: Run Behavior\ShowPageTraceBehavior [ RunTime:0.003243s ]
INFO: [ app_end ] --END-- [ RunTime:0.003378s ]

[ 2015-04-26T18:35:32+08:00 ] 127.0.0.1 /1001hotel/index.php/Home/Buiding/index.html
INFO: [ app_init ] --START--
INFO: Run Behavior\BuildLiteBehavior [ RunTime:0.000036s ]
INFO: [ app_init ] --END-- [ RunTime:0.014427s ]
INFO: [ app_begin ] --START--
INFO: Run Behavior\ReadHtmlCacheBehavior [ RunTime:0.008933s ]
INFO: [ app_begin ] --END-- [ RunTime:0.009179s ]
SQL: SHOW COLUMNS FROM `atype_info` [ RunTime:0.0335s ]
SQL: SELECT * FROM `atype_info` WHERE ( id = 10 ) LIMIT 1   [ RunTime:0.0028s ]
SQL: SELECT * FROM `atype_info` WHERE ( type_id = 104 ) ORDER BY num desc  [ RunTime:0.0025s ]
SQL: SELECT * FROM `atype_info` WHERE ( type_id = 121 ) ORDER BY num desc LIMIT 20   [ RunTime:0.0027s ]
SQL: SELECT * FROM `atype_info` WHERE ( id = 91 ) LIMIT 1   [ RunTime:0.0020s ]
INFO: [ view_parse ] --START--
INFO: [ template_filter ] --START--
INFO: Run Behavior\ContentReplaceBehavior [ RunTime:0.000127s ]
INFO: [ template_filter ] --END-- [ RunTime:0.000257s ]
INFO: Run Behavior\ParseTemplateBehavior [ RunTime:0.058558s ]
INFO: [ view_parse ] --END-- [ RunTime:0.058742s ]
INFO: [ view_filter ] --START--
INFO: Run Behavior\WriteHtmlCacheBehavior [ RunTime:0.004426s ]
INFO: [ view_filter ] --END-- [ RunTime:0.004558s ]
INFO: [ app_end ] --START--
INFO: Run Behavior\ShowPageTraceBehavior [ RunTime:0.006219s ]
INFO: [ app_end ] --END-- [ RunTime:0.006868s ]

[ 2015-04-26T18:39:24+08:00 ] 127.0.0.1 /1001hotel/index.php/Home/Buiding/index.html
INFO: [ app_init ] --START--
INFO: Run Behavior\BuildLiteBehavior [ RunTime:0.000036s ]
INFO: [ app_init ] --END-- [ RunTime:0.001572s ]
INFO: [ app_begin ] --START--
INFO: Run Behavior\ReadHtmlCacheBehavior [ RunTime:0.004704s ]
INFO: [ app_begin ] --END-- [ RunTime:0.004976s ]
SQL: SHOW COLUMNS FROM `atype_info` [ RunTime:0.0290s ]
SQL: SELECT * FROM `atype_info` WHERE ( id = 10 ) LIMIT 1   [ RunTime:0.0018s ]
SQL: SELECT * FROM `atype_info` WHERE ( type_id = 104 ) ORDER BY num desc  [ RunTime:0.0024s ]
SQL: SELECT * FROM `atype_info` WHERE ( type_id = 121 ) ORDER BY num desc LIMIT 20   [ RunTime:0.0035s ]
SQL: SELECT * FROM `atype_info` WHERE ( id = 91 ) LIMIT 1   [ RunTime:0.0032s ]
INFO: [ view_parse ] --START--
INFO: [ template_filter ] --START--
INFO: Run Behavior\ContentReplaceBehavior [ RunTime:0.000128s ]
INFO: [ template_filter ] --END-- [ RunTime:0.000262s ]
INFO: Run Behavior\ParseTemplateBehavior [ RunTime:0.036522s ]
INFO: [ view_parse ] --END-- [ RunTime:0.036705s ]
INFO: [ view_filter ] --START--
INFO: Run Behavior\WriteHtmlCacheBehavior [ RunTime:0.003297s ]
INFO: [ view_filter ] --END-- [ RunTime:0.003429s ]
INFO: [ app_end ] --START--
INFO: Run Behavior\ShowPageTraceBehavior [ RunTime:0.003114s ]
INFO: [ app_end ] --END-- [ RunTime:0.003244s ]

[ 2015-04-26T18:39:27+08:00 ] 127.0.0.1 /1001hotel/index.php/Home/Join/index.html
INFO: [ app_init ] --START--
INFO: Run Behavior\BuildLiteBehavior [ RunTime:0.000035s ]
INFO: [ app_init ] --END-- [ RunTime:0.001523s ]
INFO: [ app_begin ] --START--
INFO: Run Behavior\ReadHtmlCacheBehavior [ RunTime:0.001489s ]
INFO: [ app_begin ] --END-- [ RunTime:0.001652s ]
SQL: SHOW COLUMNS FROM `atype_info` [ RunTime:0.0286s ]
SQL: SELECT * FROM `atype_info` WHERE ( id = 10 ) LIMIT 1   [ RunTime:0.0032s ]
SQL: SELECT * FROM `atype_info` WHERE ( type_id = 104 ) ORDER BY num desc  [ RunTime:0.0049s ]
INFO: [ view_parse ] --START--
INFO: [ template_filter ] --START--
INFO: Run Behavior\ContentReplaceBehavior [ RunTime:0.000155s ]
INFO: [ template_filter ] --END-- [ RunTime:0.000365s ]
INFO: Run Behavior\ParseTemplateBehavior [ RunTime:0.031199s ]
INFO: [ view_parse ] --END-- [ RunTime:0.031466s ]
INFO: [ view_filter ] --START--
INFO: Run Behavior\WriteHtmlCacheBehavior [ RunTime:0.002961s ]
INFO: [ view_filter ] --END-- [ RunTime:0.003093s ]
INFO: [ app_end ] --START--
INFO: Run Behavior\ShowPageTraceBehavior [ RunTime:0.006410s ]
INFO: [ app_end ] --END-- [ RunTime:0.006556s ]

[ 2015-04-26T18:40:11+08:00 ] 127.0.0.1 /1001hotel/index.php/Home/Join/index.html
INFO: [ app_init ] --START--
INFO: Run Behavior\BuildLiteBehavior [ RunTime:0.000034s ]
INFO: [ app_init ] --END-- [ RunTime:0.001588s ]
INFO: [ app_begin ] --START--
INFO: Run Behavior\ReadHtmlCacheBehavior [ RunTime:0.003550s ]
INFO: [ app_begin ] --END-- [ RunTime:0.003723s ]
SQL: SHOW COLUMNS FROM `atype_info` [ RunTime:0.0312s ]
SQL: SELECT * FROM `atype_info` WHERE ( id = 10 ) LIMIT 1   [ RunTime:0.0244s ]
SQL: SELECT * FROM `atype_info` WHERE ( type_id = 104 ) ORDER BY num desc  [ RunTime:0.0044s ]
INFO: [ view_parse ] --START--
INFO: [ template_filter ] --START--
INFO: Run Behavior\ContentReplaceBehavior [ RunTime:0.000140s ]
INFO: [ template_filter ] --END-- [ RunTime:0.000284s ]
INFO: Run Behavior\ParseTemplateBehavior [ RunTime:0.030980s ]
INFO: [ view_parse ] --END-- [ RunTime:0.031143s ]
INFO: [ view_filter ] --START--
INFO: Run Behavior\WriteHtmlCacheBehavior [ RunTime:0.002647s ]
INFO: [ view_filter ] --END-- [ RunTime:0.002797s ]
INFO: [ app_end ] --START--
INFO: Run Behavior\ShowPageTraceBehavior [ RunTime:0.004220s ]
INFO: [ app_end ] --END-- [ RunTime:0.004499s ]

[ 2015-04-26T18:40:42+08:00 ] 127.0.0.1 /1001hotel/index.php/Home/Join/index.html
INFO: [ app_init ] --START--
INFO: Run Behavior\BuildLiteBehavior [ RunTime:0.000035s ]
INFO: [ app_init ] --END-- [ RunTime:0.001729s ]
INFO: [ app_begin ] --START--
INFO: Run Behavior\ReadHtmlCacheBehavior [ RunTime:0.006012s ]
INFO: [ app_begin ] --END-- [ RunTime:0.006206s ]
SQL: SHOW COLUMNS FROM `atype_info` [ RunTime:0.0292s ]
SQL: SELECT * FROM `atype_info` WHERE ( id = 10 ) LIMIT 1   [ RunTime:0.0017s ]
SQL: SELECT * FROM `atype_info` WHERE ( type_id = 104 ) ORDER BY num desc  [ RunTime:0.0022s ]
INFO: [ view_parse ] --START--
INFO: [ template_filter ] --START--
INFO: Run Behavior\ContentReplaceBehavior [ RunTime:0.000140s ]
INFO: [ template_filter ] --END-- [ RunTime:0.000279s ]
INFO: Run Behavior\ParseTemplateBehavior [ RunTime:0.037206s ]
INFO: [ view_parse ] --END-- [ RunTime:0.037376s ]
INFO: [ view_filter ] --START--
INFO: Run Behavior\WriteHtmlCacheBehavior [ RunTime:0.003820s ]
INFO: [ view_filter ] --END-- [ RunTime:0.003964s ]
INFO: [ app_end ] --START--
INFO: Run Behavior\ShowPageTraceBehavior [ RunTime:0.003614s ]
INFO: [ app_end ] --END-- [ RunTime:0.003774s ]

[ 2015-04-26T18:42:49+08:00 ] 127.0.0.1 /1001hotel/index.php/Home/Join/index.html
INFO: [ app_init ] --START--
INFO: Run Behavior\BuildLiteBehavior [ RunTime:0.000034s ]
INFO: [ app_init ] --END-- [ RunTime:0.001749s ]
INFO: [ app_begin ] --START--
INFO: Run Behavior\ReadHtmlCacheBehavior [ RunTime:0.004391s ]
INFO: [ app_begin ] --END-- [ RunTime:0.004561s ]
SQL: SHOW COLUMNS FROM `atype_info` [ RunTime:0.0306s ]
SQL: SELECT * FROM `atype_info` WHERE ( id = 10 ) LIMIT 1   [ RunTime:0.0038s ]
SQL: SELECT * FROM `atype_info` WHERE ( type_id = 104 ) ORDER BY num desc  [ RunTime:0.0030s ]
INFO: [ view_parse ] --START--
INFO: [ template_filter ] --START--
INFO: Run Behavior\ContentReplaceBehavior [ RunTime:0.000261s ]
INFO: [ template_filter ] --END-- [ RunTime:0.000414s ]
INFO: Run Behavior\ParseTemplateBehavior [ RunTime:0.041735s ]
INFO: [ view_parse ] --END-- [ RunTime:0.041892s ]
INFO: [ view_filter ] --START--
INFO: Run Behavior\WriteHtmlCacheBehavior [ RunTime:0.002547s ]
INFO: [ view_filter ] --END-- [ RunTime:0.002685s ]
INFO: [ app_end ] --START--
INFO: Run Behavior\ShowPageTraceBehavior [ RunTime:0.003304s ]
INFO: [ app_end ] --END-- [ RunTime:0.003437s ]

[ 2015-04-26T19:22:00+08:00 ] 127.0.0.1 /1001hotel/index.php/Home/Join/index.html
INFO: [ app_init ] --START--
INFO: Run Behavior\BuildLiteBehavior [ RunTime:0.000038s ]
INFO: [ app_init ] --END-- [ RunTime:0.002071s ]
INFO: [ app_begin ] --START--
INFO: Run Behavior\ReadHtmlCacheBehavior [ RunTime:0.002811s ]
INFO: [ app_begin ] --END-- [ RunTime:0.002991s ]
SQL: SHOW COLUMNS FROM `atype_info` [ RunTime:0.0298s ]
SQL: SELECT * FROM `atype_info` WHERE ( id = 10 ) LIMIT 1   [ RunTime:0.0034s ]
SQL: SELECT * FROM `atype_info` WHERE ( type_id = 104 ) ORDER BY num desc  [ RunTime:0.0042s ]
INFO: [ view_parse ] --START--
INFO: [ template_filter ] --START--
INFO: Run Behavior\ContentReplaceBehavior [ RunTime:0.000252s ]
INFO: [ template_filter ] --END-- [ RunTime:0.000406s ]
INFO: Run Behavior\ParseTemplateBehavior [ RunTime:0.035462s ]
INFO: [ view_parse ] --END-- [ RunTime:0.035618s ]
INFO: [ view_filter ] --START--
INFO: Run Behavior\WriteHtmlCacheBehavior [ RunTime:0.003465s ]
INFO: [ view_filter ] --END-- [ RunTime:0.003690s ]
INFO: [ app_end ] --START--
INFO: Run Behavior\ShowPageTraceBehavior [ RunTime:0.003202s ]
INFO: [ app_end ] --END-- [ RunTime:0.003332s ]

[ 2015-04-26T19:31:52+08:00 ] 127.0.0.1 /1001hotel/index.php/Home/Join/index.html
INFO: [ app_init ] --START--
INFO: Run Behavior\BuildLiteBehavior [ RunTime:0.000034s ]
INFO: [ app_init ] --END-- [ RunTime:0.001598s ]
INFO: [ app_begin ] --START--
INFO: Run Behavior\ReadHtmlCacheBehavior [ RunTime:0.005908s ]
INFO: [ app_begin ] --END-- [ RunTime:0.006083s ]
SQL: SHOW COLUMNS FROM `atype_info` [ RunTime:0.0306s ]
SQL: SELECT * FROM `atype_info` WHERE ( id = 10 ) LIMIT 1   [ RunTime:0.0015s ]
SQL: SELECT * FROM `atype_info` WHERE ( type_id = 104 ) ORDER BY num desc  [ RunTime:0.0015s ]
SQL: SHOW COLUMNS FROM `atype` [ RunTime:0.0288s ]
SQL: SELECT * FROM `atype` WHERE ( type_id = 126 )  [ RunTime:0.0011s ]
INFO: [ view_parse ] --START--
INFO: [ template_filter ] --START--
INFO: Run Behavior\ContentReplaceBehavior [ RunTime:0.000142s ]
INFO: [ template_filter ] --END-- [ RunTime:0.000269s ]
INFO: Run Behavior\ParseTemplateBehavior [ RunTime:0.036742s ]
INFO: [ view_parse ] --END-- [ RunTime:0.036907s ]
INFO: [ view_filter ] --START--
INFO: Run Behavior\WriteHtmlCacheBehavior [ RunTime:0.002905s ]
INFO: [ view_filter ] --END-- [ RunTime:0.003117s ]
INFO: [ app_end ] --START--
INFO: Run Behavior\ShowPageTraceBehavior [ RunTime:0.004778s ]
INFO: [ app_end ] --END-- [ RunTime:0.004907s ]

[ 2015-04-26T19:33:20+08:00 ] 127.0.0.1 /1001hotel/index.php/Home/Join/index.html
INFO: [ app_init ] --START--
INFO: Run Behavior\BuildLiteBehavior [ RunTime:0.000045s ]
INFO: [ app_init ] --END-- [ RunTime:0.001720s ]
INFO: [ app_begin ] --START--
INFO: Run Behavior\ReadHtmlCacheBehavior [ RunTime:0.003645s ]
INFO: [ app_begin ] --END-- [ RunTime:0.003835s ]
SQL: SHOW COLUMNS FROM `atype_info` [ RunTime:0.0321s ]
SQL: SELECT * FROM `atype_info` WHERE ( id = 10 ) LIMIT 1   [ RunTime:0.0021s ]
SQL: SELECT * FROM `atype_info` WHERE ( type_id = 104 ) ORDER BY num desc  [ RunTime:0.0034s ]
SQL: SHOW COLUMNS FROM `atype` [ RunTime:0.0273s ]
SQL: SELECT * FROM `atype` WHERE ( type_id = 126 )  [ RunTime:0.0023s ]
INFO: [ view_parse ] --START--
INFO: [ template_filter ] --START--
INFO: Run Behavior\ContentReplaceBehavior [ RunTime:0.000143s ]
INFO: [ template_filter ] --END-- [ RunTime:0.000289s ]
INFO: Run Behavior\ParseTemplateBehavior [ RunTime:0.036120s ]
INFO: [ view_parse ] --END-- [ RunTime:0.036292s ]
INFO: [ view_filter ] --START--
INFO: Run Behavior\WriteHtmlCacheBehavior [ RunTime:0.002871s ]
INFO: [ view_filter ] --END-- [ RunTime:0.003021s ]
INFO: [ app_end ] --START--
INFO: Run Behavior\ShowPageTraceBehavior [ RunTime:0.003386s ]
INFO: [ app_end ] --END-- [ RunTime:0.003571s ]

[ 2015-04-26T19:33:50+08:00 ] 127.0.0.1 /1001hotel/index.php/Home/Join/index.html
INFO: [ app_init ] --START--
INFO: Run Behavior\BuildLiteBehavior [ RunTime:0.000034s ]
INFO: [ app_init ] --END-- [ RunTime:0.001572s ]
INFO: [ app_begin ] --START--
INFO: Run Behavior\ReadHtmlCacheBehavior [ RunTime:0.001555s ]
INFO: [ app_begin ] --END-- [ RunTime:0.001736s ]
SQL: SHOW COLUMNS FROM `atype_info` [ RunTime:0.0339s ]
SQL: SELECT * FROM `atype_info` WHERE ( id = 10 ) LIMIT 1   [ RunTime:0.0043s ]
SQL: SELECT * FROM `atype_info` WHERE ( type_id = 104 ) ORDER BY num desc  [ RunTime:0.0035s ]
SQL: SHOW COLUMNS FROM `atype` [ RunTime:0.0288s ]
SQL: SELECT * FROM `atype` WHERE ( type_id = 126 )  [ RunTime:0.0026s ]
INFO: [ view_parse ] --START--
INFO: [ template_filter ] --START--
INFO: Run Behavior\ContentReplaceBehavior [ RunTime:0.000144s ]
INFO: [ template_filter ] --END-- [ RunTime:0.000274s ]
INFO: Run Behavior\ParseTemplateBehavior [ RunTime:0.034801s ]
INFO: [ view_parse ] --END-- [ RunTime:0.034972s ]
INFO: [ view_filter ] --START--
INFO: Run Behavior\WriteHtmlCacheBehavior [ RunTime:0.002214s ]
INFO: [ view_filter ] --END-- [ RunTime:0.002349s ]
INFO: [ app_end ] --START--
INFO: Run Behavior\ShowPageTraceBehavior [ RunTime:0.002770s ]
INFO: [ app_end ] --END-- [ RunTime:0.002900s ]

[ 2015-04-26T19:33:58+08:00 ] 127.0.0.1 /1001hotel/index.php/Home/Join/index.html
INFO: [ app_init ] --START--
INFO: Run Behavior\BuildLiteBehavior [ RunTime:0.000037s ]
INFO: [ app_init ] --END-- [ RunTime:0.002347s ]
INFO: [ app_begin ] --START--
INFO: Run Behavior\ReadHtmlCacheBehavior [ RunTime:0.002961s ]
INFO: [ app_begin ] --END-- [ RunTime:0.003155s ]
SQL: SHOW COLUMNS FROM `atype_info` [ RunTime:0.0331s ]
SQL: SELECT * FROM `atype_info` WHERE ( id = 10 ) LIMIT 1   [ RunTime:0.0065s ]
SQL: SELECT * FROM `atype_info` WHERE ( type_id = 104 ) ORDER BY num desc  [ RunTime:0.0055s ]
SQL: SHOW COLUMNS FROM `atype` [ RunTime:0.0320s ]
SQL: SELECT * FROM `atype` WHERE ( type_id = 126 )  [ RunTime:0.0042s ]
INFO: [ view_parse ] --START--
INFO: [ template_filter ] --START--
INFO: Run Behavior\ContentReplaceBehavior [ RunTime:0.000157s ]
INFO: [ template_filter ] --END-- [ RunTime:0.000318s ]
INFO: Run Behavior\ParseTemplateBehavior [ RunTime:0.040017s ]
INFO: [ view_parse ] --END-- [ RunTime:0.040254s ]
INFO: [ view_filter ] --START--
INFO: Run Behavior\WriteHtmlCacheBehavior [ RunTime:0.002883s ]
INFO: [ view_filter ] --END-- [ RunTime:0.003031s ]
INFO: [ app_end ] --START--
INFO: Run Behavior\ShowPageTraceBehavior [ RunTime:0.006901s ]
INFO: [ app_end ] --END-- [ RunTime:0.007041s ]

[ 2015-04-26T19:36:57+08:00 ] 127.0.0.1 /1001hotel/index.php/Home/Join/index.html
INFO: [ app_init ] --START--
INFO: Run Behavior\BuildLiteBehavior [ RunTime:0.000065s ]
INFO: [ app_init ] --END-- [ RunTime:0.002494s ]
INFO: [ app_begin ] --START--
INFO: Run Behavior\ReadHtmlCacheBehavior [ RunTime:0.002942s ]
INFO: [ app_begin ] --END-- [ RunTime:0.003206s ]
SQL: SHOW COLUMNS FROM `atype_info` [ RunTime:0.0302s ]
SQL: SELECT * FROM `atype_info` WHERE ( id = 10 ) LIMIT 1   [ RunTime:0.0024s ]
SQL: SELECT * FROM `atype_info` WHERE ( type_id = 104 ) ORDER BY num desc  [ RunTime:0.0039s ]
SQL: SHOW COLUMNS FROM `atype` [ RunTime:0.0281s ]
SQL: SELECT * FROM `atype` WHERE ( type_id = 126 )  [ RunTime:0.0025s ]
INFO: [ view_parse ] --START--
INFO: [ template_filter ] --START--
INFO: Run Behavior\ContentReplaceBehavior [ RunTime:0.000247s ]
INFO: [ template_filter ] --END-- [ RunTime:0.000415s ]
INFO: Run Behavior\ParseTemplateBehavior [ RunTime:0.034528s ]
INFO: [ view_parse ] --END-- [ RunTime:0.034703s ]
INFO: [ view_filter ] --START--
INFO: Run Behavior\WriteHtmlCacheBehavior [ RunTime:0.002977s ]
INFO: [ view_filter ] --END-- [ RunTime:0.003120s ]
INFO: [ app_end ] --START--
INFO: Run Behavior\ShowPageTraceBehavior [ RunTime:0.003134s ]
INFO: [ app_end ] --END-- [ RunTime:0.003265s ]

[ 2015-04-26T19:38:43+08:00 ] 127.0.0.1 /1001hotel/index.php/Home/Join/handle.html
INFO: [ app_init ] --START--
INFO: Run Behavior\BuildLiteBehavior [ RunTime:0.000035s ]
INFO: [ app_init ] --END-- [ RunTime:0.001879s ]
INFO: [ app_begin ] --START--
INFO: Run Behavior\ReadHtmlCacheBehavior [ RunTime:0.003615s ]
INFO: [ app_begin ] --END-- [ RunTime:0.003805s ]
SQL: SHOW COLUMNS FROM `atype_info` [ RunTime:0.0317s ]
SQL: SELECT * FROM `atype_info` WHERE ( id = 10 ) LIMIT 1   [ RunTime:0.0026s ]
SQL: SELECT * FROM `atype_info` WHERE ( type_id = 104 ) ORDER BY num desc  [ RunTime:0.0020s ]
INFO: [ app_end ] --START--
INFO: Run Behavior\ShowPageTraceBehavior [ RunTime:0.003553s ]
INFO: [ app_end ] --END-- [ RunTime:0.003704s ]

[ 2015-04-26T19:57:40+08:00 ] 127.0.0.1 /1001hotel/index.php/Home/Join/index.html
INFO: [ app_init ] --START--
INFO: Run Behavior\BuildLiteBehavior [ RunTime:0.000034s ]
INFO: [ app_init ] --END-- [ RunTime:0.001728s ]
INFO: [ app_begin ] --START--
INFO: Run Behavior\ReadHtmlCacheBehavior [ RunTime:0.004727s ]
INFO: [ app_begin ] --END-- [ RunTime:0.004911s ]
SQL: SHOW COLUMNS FROM `atype_info` [ RunTime:0.0328s ]
SQL: SELECT * FROM `atype_info` WHERE ( id = 10 ) LIMIT 1   [ RunTime:0.0039s ]
SQL: SELECT * FROM `atype_info` WHERE ( type_id = 104 ) ORDER BY num desc  [ RunTime:0.0044s ]
SQL: SHOW COLUMNS FROM `atype` [ RunTime:0.0383s ]
SQL: SELECT * FROM `atype` WHERE ( type_id = 126 )  [ RunTime:0.0036s ]
SQL: SELECT * FROM `atype_info` WHERE ( type_id = 124 ) ORDER BY num desc  [ RunTime:0.0033s ]
INFO: [ view_parse ] --START--
INFO: [ template_filter ] --START--
INFO: Run Behavior\ContentReplaceBehavior [ RunTime:0.000164s ]
INFO: [ template_filter ] --END-- [ RunTime:0.000311s ]
INFO: Run Behavior\ParseTemplateBehavior [ RunTime:0.040389s ]
INFO: [ view_parse ] --END-- [ RunTime:0.040598s ]
INFO: [ view_filter ] --START--
INFO: Run Behavior\WriteHtmlCacheBehavior [ RunTime:0.002620s ]
INFO: [ view_filter ] --END-- [ RunTime:0.002749s ]
INFO: [ app_end ] --START--
INFO: Run Behavior\ShowPageTraceBehavior [ RunTime:0.003503s ]
INFO: [ app_end ] --END-- [ RunTime:0.003970s ]

[ 2015-04-26T21:32:49+08:00 ] 127.0.0.1 /1001hotel/index.php/Home/Join/index.html
INFO: [ app_init ] --START--
INFO: Run Behavior\BuildLiteBehavior [ RunTime:0.000038s ]
INFO: [ app_init ] --END-- [ RunTime:0.002008s ]
INFO: [ app_begin ] --START--
INFO: Run Behavior\ReadHtmlCacheBehavior [ RunTime:0.003006s ]
INFO: [ app_begin ] --END-- [ RunTime:0.003194s ]
SQL: SHOW COLUMNS FROM `atype_info` [ RunTime:0.0340s ]
SQL: SELECT * FROM `atype_info` WHERE ( id = 10 ) LIMIT 1   [ RunTime:0.0048s ]
SQL: SELECT * FROM `atype_info` WHERE ( type_id = 104 ) ORDER BY num desc  [ RunTime:0.0243s ]
SQL: SHOW COLUMNS FROM `atype` [ RunTime:0.0298s ]
SQL: SELECT * FROM `atype` WHERE ( type_id = 126 )  [ RunTime:0.0037s ]
SQL: SELECT * FROM `atype_info` WHERE ( type_id = 124 ) ORDER BY num desc  [ RunTime:0.0039s ]
INFO: [ view_parse ] --START--
INFO: [ template_filter ] --START--
INFO: Run Behavior\ContentReplaceBehavior [ RunTime:0.000147s ]
INFO: [ template_filter ] --END-- [ RunTime:0.000280s ]
INFO: Run Behavior\ParseTemplateBehavior [ RunTime:0.046981s ]
INFO: [ view_parse ] --END-- [ RunTime:0.047144s ]
INFO: [ view_filter ] --START--
INFO: Run Behavior\WriteHtmlCacheBehavior [ RunTime:0.002775s ]
INFO: [ view_filter ] --END-- [ RunTime:0.002913s ]
INFO: [ app_end ] --START--
INFO: Run Behavior\ShowPageTraceBehavior [ RunTime:0.003492s ]
INFO: [ app_end ] --END-- [ RunTime:0.006040s ]

[ 2015-04-26T21:33:04+08:00 ] 127.0.0.1 /1001hotel/index.php/Home/Join/handle.html
INFO: [ app_init ] --START--
INFO: Run Behavior\BuildLiteBehavior [ RunTime:0.000034s ]
INFO: [ app_init ] --END-- [ RunTime:0.001618s ]
INFO: [ app_begin ] --START--
INFO: Run Behavior\ReadHtmlCacheBehavior [ RunTime:0.008193s ]
INFO: [ app_begin ] --END-- [ RunTime:0.008383s ]
SQL: SHOW COLUMNS FROM `atype_info` [ RunTime:0.0336s ]
SQL: SELECT * FROM `atype_info` WHERE ( id = 10 ) LIMIT 1   [ RunTime:0.0023s ]
SQL: SELECT * FROM `atype_info` WHERE ( type_id = 104 ) ORDER BY num desc  [ RunTime:0.0047s ]
NOTIC: [8] Undefined index: content F:\APMServ5.2.6\www\htdocs\1001hotel\Application\Home\Controller\JoinController.class.php 第 33 行.
INFO: [ view_parse ] --START--
INFO: [ template_filter ] --START--
INFO: Run Behavior\ContentReplaceBehavior [ RunTime:0.000122s ]
INFO: [ template_filter ] --END-- [ RunTime:0.000296s ]
INFO: Run Behavior\ParseTemplateBehavior [ RunTime:0.059462s ]
INFO: [ view_parse ] --END-- [ RunTime:0.059623s ]
INFO: [ view_filter ] --START--
INFO: Run Behavior\WriteHtmlCacheBehavior [ RunTime:0.002831s ]
INFO: [ view_filter ] --END-- [ RunTime:0.002968s ]

[ 2015-04-26T21:33:25+08:00 ] 127.0.0.1 /1001hotel/index.php/Home/Join/index.html
INFO: [ app_init ] --START--
INFO: Run Behavior\BuildLiteBehavior [ RunTime:0.000034s ]
INFO: [ app_init ] --END-- [ RunTime:0.003418s ]
INFO: [ app_begin ] --START--
INFO: Run Behavior\ReadHtmlCacheBehavior [ RunTime:0.001425s ]
INFO: [ app_begin ] --END-- [ RunTime:0.001589s ]
SQL: SHOW COLUMNS FROM `atype_info` [ RunTime:0.0326s ]
SQL: SELECT * FROM `atype_info` WHERE ( id = 10 ) LIMIT 1   [ RunTime:0.0043s ]
SQL: SELECT * FROM `atype_info` WHERE ( type_id = 104 ) ORDER BY num desc  [ RunTime:0.0037s ]
SQL: SHOW COLUMNS FROM `atype` [ RunTime:0.0275s ]
SQL: SELECT * FROM `atype` WHERE ( type_id = 126 )  [ RunTime:0.0025s ]
SQL: SELECT * FROM `atype_info` WHERE ( type_id = 124 ) ORDER BY num desc  [ RunTime:0.0028s ]
INFO: [ view_parse ] --START--
INFO: [ template_filter ] --START--
INFO: Run Behavior\ContentReplaceBehavior [ RunTime:0.000161s ]
INFO: [ template_filter ] --END-- [ RunTime:0.000318s ]
INFO: Run Behavior\ParseTemplateBehavior [ RunTime:0.036860s ]
INFO: [ view_parse ] --END-- [ RunTime:0.037044s ]
INFO: [ view_filter ] --START--
INFO: Run Behavior\WriteHtmlCacheBehavior [ RunTime:0.004929s ]
INFO: [ view_filter ] --END-- [ RunTime:0.005067s ]
INFO: [ app_end ] --START--
INFO: Run Behavior\ShowPageTraceBehavior [ RunTime:0.003902s ]
INFO: [ app_end ] --END-- [ RunTime:0.004041s ]

[ 2015-04-26T21:33:44+08:00 ] 127.0.0.1 /1001hotel/index.php/Home/Join/handle.html
INFO: [ app_init ] --START--
INFO: Run Behavior\BuildLiteBehavior [ RunTime:0.000035s ]
INFO: [ app_init ] --END-- [ RunTime:0.001878s ]
INFO: [ app_begin ] --START--
INFO: Run Behavior\ReadHtmlCacheBehavior [ RunTime:0.006089s ]
INFO: [ app_begin ] --END-- [ RunTime:0.006310s ]
SQL: SHOW COLUMNS FROM `atype_info` [ RunTime:0.0381s ]
SQL: SELECT * FROM `atype_info` WHERE ( id = 10 ) LIMIT 1   [ RunTime:0.0059s ]
SQL: SELECT * FROM `atype_info` WHERE ( type_id = 104 ) ORDER BY num desc  [ RunTime:0.0045s ]
NOTIC: [8] Undefined index: content F:\APMServ5.2.6\www\htdocs\1001hotel\Application\Home\Controller\JoinController.class.php 第 33 行.
INFO: [ view_parse ] --START--
INFO: [ template_filter ] --START--
INFO: Run Behavior\ContentReplaceBehavior [ RunTime:0.000100s ]
INFO: [ template_filter ] --END-- [ RunTime:0.000230s ]
INFO: Run Behavior\ParseTemplateBehavior [ RunTime:0.030980s ]
INFO: [ view_parse ] --END-- [ RunTime:0.031174s ]
INFO: [ view_filter ] --START--
INFO: Run Behavior\WriteHtmlCacheBehavior [ RunTime:0.003418s ]
INFO: [ view_filter ] --END-- [ RunTime:0.003560s ]

[ 2015-04-26T21:34:46+08:00 ] 127.0.0.1 /1001hotel/index.php/Home/Join/index.html
INFO: [ app_init ] --START--
INFO: Run Behavior\BuildLiteBehavior [ RunTime:0.000038s ]
INFO: [ app_init ] --END-- [ RunTime:0.002101s ]
INFO: [ app_begin ] --START--
INFO: Run Behavior\ReadHtmlCacheBehavior [ RunTime:0.002294s ]
INFO: [ app_begin ] --END-- [ RunTime:0.002525s ]
SQL: SHOW COLUMNS FROM `atype_info` [ RunTime:0.0308s ]
SQL: SELECT * FROM `atype_info` WHERE ( id = 10 ) LIMIT 1   [ RunTime:0.0037s ]
SQL: SELECT * FROM `atype_info` WHERE ( type_id = 104 ) ORDER BY num desc  [ RunTime:0.0041s ]
SQL: SHOW COLUMNS FROM `atype` [ RunTime:0.0438s ]
SQL: SELECT * FROM `atype` WHERE ( type_id = 126 )  [ RunTime:0.0029s ]
SQL: SELECT * FROM `atype_info` WHERE ( type_id = 124 ) ORDER BY num desc  [ RunTime:0.0042s ]
INFO: [ view_parse ] --START--
INFO: [ template_filter ] --START--
INFO: Run Behavior\ContentReplaceBehavior [ RunTime:0.000242s ]
INFO: [ template_filter ] --END-- [ RunTime:0.000402s ]
INFO: Run Behavior\ParseTemplateBehavior [ RunTime:0.037529s ]
INFO: [ view_parse ] --END-- [ RunTime:0.037696s ]
INFO: [ view_filter ] --START--
INFO: Run Behavior\WriteHtmlCacheBehavior [ RunTime:0.002219s ]
INFO: [ view_filter ] --END-- [ RunTime:0.002361s ]
INFO: [ app_end ] --START--
INFO: Run Behavior\ShowPageTraceBehavior [ RunTime:0.003422s ]
INFO: [ app_end ] --END-- [ RunTime:0.003564s ]

[ 2015-04-26T21:42:27+08:00 ] 127.0.0.1 /1001hotel/index.php/Home/Join/index.html
INFO: [ app_init ] --START--
INFO: Run Behavior\BuildLiteBehavior [ RunTime:0.000035s ]
INFO: [ app_init ] --END-- [ RunTime:0.001649s ]
INFO: [ app_begin ] --START--
INFO: Run Behavior\ReadHtmlCacheBehavior [ RunTime:0.002650s ]
INFO: [ app_begin ] --END-- [ RunTime:0.002820s ]
SQL: SHOW COLUMNS FROM `atype_info` [ RunTime:0.0347s ]
SQL: SELECT * FROM `atype_info` WHERE ( id = 10 ) LIMIT 1   [ RunTime:0.0020s ]
SQL: SELECT * FROM `atype_info` WHERE ( type_id = 104 ) ORDER BY num desc  [ RunTime:0.0053s ]
SQL: SHOW COLUMNS FROM `atype` [ RunTime:0.0424s ]
SQL: SELECT * FROM `atype` WHERE ( type_id = 126 )  [ RunTime:0.0027s ]
SQL: SELECT * FROM `atype_info` WHERE ( type_id = 124 ) ORDER BY num desc  [ RunTime:0.0038s ]
INFO: [ view_parse ] --START--
INFO: [ template_filter ] --START--
INFO: Run Behavior\ContentReplaceBehavior [ RunTime:0.000208s ]
INFO: [ template_filter ] --END-- [ RunTime:0.000411s ]
INFO: Run Behavior\ParseTemplateBehavior [ RunTime:0.058621s ]
INFO: [ view_parse ] --END-- [ RunTime:0.058797s ]
INFO: [ view_filter ] --START--
INFO: Run Behavior\WriteHtmlCacheBehavior [ RunTime:0.002634s ]
INFO: [ view_filter ] --END-- [ RunTime:0.002768s ]
INFO: [ app_end ] --START--
INFO: Run Behavior\ShowPageTraceBehavior [ RunTime:0.003737s ]
INFO: [ app_end ] --END-- [ RunTime:0.003882s ]

[ 2015-04-26T21:42:57+08:00 ] 127.0.0.1 /1001hotel/index.php/Home/Join/handle.html
INFO: [ app_init ] --START--
INFO: Run Behavior\BuildLiteBehavior [ RunTime:0.000035s ]
INFO: [ app_init ] --END-- [ RunTime:0.001683s ]
INFO: [ app_begin ] --START--
INFO: Run Behavior\ReadHtmlCacheBehavior [ RunTime:0.003537s ]
INFO: [ app_begin ] --END-- [ RunTime:0.003716s ]
SQL: SHOW COLUMNS FROM `atype_info` [ RunTime:0.0319s ]
SQL: SELECT * FROM `atype_info` WHERE ( id = 10 ) LIMIT 1   [ RunTime:0.0036s ]
SQL: SELECT * FROM `atype_info` WHERE ( type_id = 104 ) ORDER BY num desc  [ RunTime:0.0063s ]
NOTIC: [8] Undefined index: content F:\APMServ5.2.6\www\htdocs\1001hotel\Application\Home\Controller\JoinController.class.php 第 33 行.
INFO: [ view_parse ] --START--
INFO: [ template_filter ] --START--
INFO: Run Behavior\ContentReplaceBehavior [ RunTime:0.000111s ]
INFO: [ template_filter ] --END-- [ RunTime:0.000246s ]
INFO: Run Behavior\ParseTemplateBehavior [ RunTime:0.032490s ]
INFO: [ view_parse ] --END-- [ RunTime:0.032661s ]
INFO: [ view_filter ] --START--
INFO: Run Behavior\WriteHtmlCacheBehavior [ RunTime:0.001940s ]
INFO: [ view_filter ] --END-- [ RunTime:0.002067s ]

[ 2015-04-26T21:43:55+08:00 ] 127.0.0.1 /1001hotel/index.php/Home/Join/handle.html
INFO: [ app_init ] --START--
INFO: Run Behavior\BuildLiteBehavior [ RunTime:0.000037s ]
INFO: [ app_init ] --END-- [ RunTime:0.002247s ]
INFO: [ app_begin ] --START--
INFO: Run Behavior\ReadHtmlCacheBehavior [ RunTime:0.001621s ]
INFO: [ app_begin ] --END-- [ RunTime:0.001808s ]
SQL: SHOW COLUMNS FROM `atype_info` [ RunTime:0.0330s ]
SQL: SELECT * FROM `atype_info` WHERE ( id = 10 ) LIMIT 1   [ RunTime:0.0050s ]
SQL: SELECT * FROM `atype_info` WHERE ( type_id = 104 ) ORDER BY num desc  [ RunTime:0.0040s ]
SQL: SHOW COLUMNS FROM `atype` [ RunTime:0.0286s ]
SQL: SELECT * FROM `atype` WHERE ( id = 129 ) LIMIT 1   [ RunTime:0.0048s ]
SQL: INSERT INTO `atype_info` (`type_id`,`num`,`cn_name`,`cn_title`,`cn_description`,`date1`) VALUES ('129','20','其他信息2015-04-26 21:43:48','137084553@qq.com','1001测试客户留言其他信息。','2015-04-26 21:43:48') [ RunTime:0.0479s ]
INFO: [ view_parse ] --START--
INFO: [ template_filter ] --START--
INFO: Run Behavior\ContentReplaceBehavior [ RunTime:0.000097s ]
INFO: [ template_filter ] --END-- [ RunTime:0.000235s ]
INFO: Run Behavior\ParseTemplateBehavior [ RunTime:0.028524s ]
INFO: [ view_parse ] --END-- [ RunTime:0.028699s ]
INFO: [ view_filter ] --START--
INFO: Run Behavior\WriteHtmlCacheBehavior [ RunTime:0.002814s ]
INFO: [ view_filter ] --END-- [ RunTime:0.002952s ]
INFO: [ app_end ] --START--
INFO: Run Behavior\ShowPageTraceBehavior [ RunTime:0.004369s ]
INFO: [ app_end ] --END-- [ RunTime:0.004513s ]

[ 2015-04-26T21:43:58+08:00 ] 127.0.0.1 /1001hotel/index.php/Home/Join/index.html
INFO: [ app_init ] --START--
INFO: Run Behavior\BuildLiteBehavior [ RunTime:0.000038s ]
INFO: [ app_init ] --END-- [ RunTime:0.002600s ]
INFO: [ app_begin ] --START--
INFO: Run Behavior\ReadHtmlCacheBehavior [ RunTime:0.002108s ]
INFO: [ app_begin ] --END-- [ RunTime:0.002329s ]
SQL: SHOW COLUMNS FROM `atype_info` [ RunTime:0.0318s ]
SQL: SELECT * FROM `atype_info` WHERE ( id = 10 ) LIMIT 1   [ RunTime:0.0033s ]
SQL: SELECT * FROM `atype_info` WHERE ( type_id = 104 ) ORDER BY num desc  [ RunTime:0.0087s ]
SQL: SHOW COLUMNS FROM `atype` [ RunTime:0.0298s ]
SQL: SELECT * FROM `atype` WHERE ( type_id = 126 )  [ RunTime:0.0017s ]
SQL: SELECT * FROM `atype_info` WHERE ( type_id = 124 ) ORDER BY num desc  [ RunTime:0.0027s ]
INFO: [ view_parse ] --START--
INFO: [ template_filter ] --START--
INFO: Run Behavior\ContentReplaceBehavior [ RunTime:0.000157s ]
INFO: [ template_filter ] --END-- [ RunTime:0.000295s ]
INFO: Run Behavior\ParseTemplateBehavior [ RunTime:0.048359s ]
INFO: [ view_parse ] --END-- [ RunTime:0.048533s ]
INFO: [ view_filter ] --START--
INFO: Run Behavior\WriteHtmlCacheBehavior [ RunTime:0.003563s ]
INFO: [ view_filter ] --END-- [ RunTime:0.003724s ]
INFO: [ app_end ] --START--
INFO: Run Behavior\ShowPageTraceBehavior [ RunTime:0.003394s ]
INFO: [ app_end ] --END-- [ RunTime:0.003557s ]

[ 2015-04-26T21:48:46+08:00 ] 127.0.0.1 /1001hotel/index.php/Home/Info/index.html
INFO: [ app_init ] --START--
INFO: Run Behavior\BuildLiteBehavior [ RunTime:0.000037s ]
INFO: [ app_init ] --END-- [ RunTime:0.001690s ]
INFO: [ app_begin ] --START--
INFO: Run Behavior\ReadHtmlCacheBehavior [ RunTime:0.003041s ]
INFO: [ app_begin ] --END-- [ RunTime:0.003231s ]
SQL: SHOW COLUMNS FROM `atype_info` [ RunTime:0.0327s ]
SQL: SELECT * FROM `atype_info` WHERE ( id = 10 ) LIMIT 1   [ RunTime:0.0038s ]
SQL: SELECT * FROM `atype_info` WHERE ( type_id = 104 ) ORDER BY num desc  [ RunTime:0.0040s ]
NOTIC: [8] Undefined index: type_id F:\APMServ5.2.6\www\htdocs\1001hotel\Application\Home\Controller\InfoController.class.php 第 12 行.
SQL: SELECT * FROM `atype_info` WHERE `type_id` IN (115,116,117,118,119) ORDER BY num desc LIMIT 20   [ RunTime:0.0042s ]
INFO: [ view_parse ] --START--
INFO: [ template_filter ] --START--
INFO: Run Behavior\ContentReplaceBehavior [ RunTime:0.000183s ]
INFO: [ template_filter ] --END-- [ RunTime:0.000395s ]
NOTIC: [8] Undefined index: type_id F:\APMServ5.2.6\www\htdocs\1001hotel\Application\Runtime\Cache\Home\3f36e03cb4a38b2ed27bc75332298af5.php 第 37 行.
NOTIC: [8] Undefined index: type_id F:\APMServ5.2.6\www\htdocs\1001hotel\Application\Runtime\Cache\Home\3f36e03cb4a38b2ed27bc75332298af5.php 第 38 行.
NOTIC: [8] Undefined index: type_id F:\APMServ5.2.6\www\htdocs\1001hotel\Application\Runtime\Cache\Home\3f36e03cb4a38b2ed27bc75332298af5.php 第 39 行.
NOTIC: [8] Undefined index: type_id F:\APMServ5.2.6\www\htdocs\1001hotel\Application\Runtime\Cache\Home\3f36e03cb4a38b2ed27bc75332298af5.php 第 40 行.
NOTIC: [8] Undefined index: type_id F:\APMServ5.2.6\www\htdocs\1001hotel\Application\Runtime\Cache\Home\3f36e03cb4a38b2ed27bc75332298af5.php 第 41 行.
NOTIC: [8] Undefined variable: keyword F:\APMServ5.2.6\www\htdocs\1001hotel\Application\Runtime\Cache\Home\3f36e03cb4a38b2ed27bc75332298af5.php 第 45 行.
NOTIC: [8] Undefined index: type_id F:\APMServ5.2.6\www\htdocs\1001hotel\Application\Runtime\Cache\Home\3f36e03cb4a38b2ed27bc75332298af5.php 第 87 行.
INFO: Run Behavior\ParseTemplateBehavior [ RunTime:0.047998s ]
INFO: [ view_parse ] --END-- [ RunTime:0.048145s ]
INFO: [ view_filter ] --START--
INFO: Run Behavior\WriteHtmlCacheBehavior [ RunTime:0.001963s ]
INFO: [ view_filter ] --END-- [ RunTime:0.002097s ]
INFO: [ app_end ] --START--
INFO: Run Behavior\ShowPageTraceBehavior [ RunTime:0.003184s ]
INFO: [ app_end ] --END-- [ RunTime:0.003384s ]

[ 2015-04-26T21:49:00+08:00 ] 127.0.0.1 /1001hotel/index.php/Home/Buiding/index.html
INFO: [ app_init ] --START--
INFO: Run Behavior\BuildLiteBehavior [ RunTime:0.000036s ]
INFO: [ app_init ] --END-- [ RunTime:0.001653s ]
INFO: [ app_begin ] --START--
INFO: Run Behavior\ReadHtmlCacheBehavior [ RunTime:0.003091s ]
INFO: [ app_begin ] --END-- [ RunTime:0.003357s ]
SQL: SHOW COLUMNS FROM `atype_info` [ RunTime:0.0465s ]
SQL: SELECT * FROM `atype_info` WHERE ( id = 10 ) LIMIT 1   [ RunTime:0.0022s ]
SQL: SELECT * FROM `atype_info` WHERE ( type_id = 104 ) ORDER BY num desc  [ RunTime:0.0019s ]
SQL: SELECT * FROM `atype_info` WHERE ( type_id = 121 ) ORDER BY num desc LIMIT 20   [ RunTime:0.0017s ]
SQL: SELECT * FROM `atype_info` WHERE ( id = 91 ) LIMIT 1   [ RunTime:0.0018s ]
INFO: [ view_parse ] --START--
INFO: [ template_filter ] --START--
INFO: Run Behavior\ContentReplaceBehavior [ RunTime:0.000148s ]
INFO: [ template_filter ] --END-- [ RunTime:0.000335s ]
INFO: Run Behavior\ParseTemplateBehavior [ RunTime:0.050700s ]
INFO: [ view_parse ] --END-- [ RunTime:0.051116s ]
INFO: [ view_filter ] --START--
INFO: Run Behavior\WriteHtmlCacheBehavior [ RunTime:0.002578s ]
INFO: [ view_filter ] --END-- [ RunTime:0.002730s ]
INFO: [ app_end ] --START--
INFO: Run Behavior\ShowPageTraceBehavior [ RunTime:0.002941s ]
INFO: [ app_end ] --END-- [ RunTime:0.003333s ]

[ 2015-04-26T21:49:21+08:00 ] 127.0.0.1 /1001hotel/index.php/Home/Union/index.html
INFO: [ app_init ] --START--
INFO: Run Behavior\BuildLiteBehavior [ RunTime:0.000035s ]
INFO: [ app_init ] --END-- [ RunTime:0.001572s ]
INFO: [ app_begin ] --START--
INFO: Run Behavior\ReadHtmlCacheBehavior [ RunTime:0.003071s ]
INFO: [ app_begin ] --END-- [ RunTime:0.003248s ]
SQL: SHOW COLUMNS FROM `atype_info` [ RunTime:0.0319s ]
SQL: SELECT * FROM `atype_info` WHERE ( id = 10 ) LIMIT 1   [ RunTime:0.0016s ]
SQL: SELECT * FROM `atype_info` WHERE ( type_id = 104 ) ORDER BY num desc  [ RunTime:0.0029s ]
SQL: SELECT * FROM `atype_info` WHERE ( id = 78  ) LIMIT 1   [ RunTime:0.0035s ]
SQL: SELECT * FROM `atype_info` WHERE ( id = 77  ) LIMIT 1   [ RunTime:0.0017s ]
SQL: SELECT * FROM `atype_info` WHERE ( id = 76  ) LIMIT 1   [ RunTime:0.0015s ]
INFO: [ view_parse ] --START--
INFO: [ template_filter ] --START--
INFO: Run Behavior\ContentReplaceBehavior [ RunTime:0.000169s ]
INFO: [ template_filter ] --END-- [ RunTime:0.000333s ]
INFO: Run Behavior\ParseTemplateBehavior [ RunTime:0.080048s ]
INFO: [ view_parse ] --END-- [ RunTime:0.080215s ]
INFO: [ view_filter ] --START--
INFO: Run Behavior\WriteHtmlCacheBehavior [ RunTime:0.003194s ]
INFO: [ view_filter ] --END-- [ RunTime:0.003331s ]
INFO: [ app_end ] --START--
INFO: Run Behavior\ShowPageTraceBehavior [ RunTime:0.004288s ]
INFO: [ app_end ] --END-- [ RunTime:0.004455s ]

[ 2015-04-26T21:50:45+08:00 ] 127.0.0.1 /1001hotel/index.php/Home/Union/index.html
INFO: [ app_init ] --START--
INFO: Run Behavior\BuildLiteBehavior [ RunTime:0.000051s ]
INFO: [ app_init ] --END-- [ RunTime:0.001880s ]
INFO: [ app_begin ] --START--
INFO: Run Behavior\ReadHtmlCacheBehavior [ RunTime:0.003131s ]
INFO: [ app_begin ] --END-- [ RunTime:0.003309s ]
SQL: SHOW COLUMNS FROM `atype_info` [ RunTime:0.0329s ]
SQL: SELECT * FROM `atype_info` WHERE ( id = 10 ) LIMIT 1   [ RunTime:0.0027s ]
SQL: SELECT * FROM `atype_info` WHERE ( type_id = 104 ) ORDER BY num desc  [ RunTime:0.0027s ]
SQL: SELECT * FROM `atype_info` WHERE ( id = 78  ) LIMIT 1   [ RunTime:0.0025s ]
SQL: SELECT * FROM `atype_info` WHERE ( id = 77  ) LIMIT 1   [ RunTime:0.0033s ]
SQL: SELECT * FROM `atype_info` WHERE ( id = 76  ) LIMIT 1   [ RunTime:0.0027s ]
INFO: [ view_parse ] --START--
INFO: [ template_filter ] --START--
INFO: Run Behavior\ContentReplaceBehavior [ RunTime:0.000246s ]
INFO: [ template_filter ] --END-- [ RunTime:0.000440s ]
INFO: Run Behavior\ParseTemplateBehavior [ RunTime:0.056465s ]
INFO: [ view_parse ] --END-- [ RunTime:0.056635s ]
INFO: [ view_filter ] --START--
INFO: Run Behavior\WriteHtmlCacheBehavior [ RunTime:0.001908s ]
INFO: [ view_filter ] --END-- [ RunTime:0.002043s ]
INFO: [ app_end ] --START--
INFO: Run Behavior\ShowPageTraceBehavior [ RunTime:0.007043s ]
INFO: [ app_end ] --END-- [ RunTime:0.007229s ]

[ 2015-04-26T21:50:54+08:00 ] 127.0.0.1 /1001hotel/index.php/Home/System/index.html
INFO: [ app_init ] --START--
INFO: Run Behavior\BuildLiteBehavior [ RunTime:0.000035s ]
INFO: [ app_init ] --END-- [ RunTime:0.002032s ]
INFO: [ app_begin ] --START--
INFO: Run Behavior\ReadHtmlCacheBehavior [ RunTime:0.001992s ]
INFO: [ app_begin ] --END-- [ RunTime:0.002178s ]
SQL: SHOW COLUMNS FROM `atype_info` [ RunTime:0.0320s ]
SQL: SELECT * FROM `atype_info` WHERE ( id = 10 ) LIMIT 1   [ RunTime:0.0018s ]
SQL: SELECT * FROM `atype_info` WHERE ( type_id = 104 ) ORDER BY num desc  [ RunTime:0.0024s ]
SQL: SELECT * FROM `atype_info` WHERE ( type_id = 94 ) ORDER BY num desc  [ RunTime:0.0034s ]
SQL: SELECT * FROM `atype_info` WHERE ( type_id = 96 ) ORDER BY num desc  [ RunTime:0.0056s ]
SQL: SELECT * FROM `atype_info` WHERE ( id = 37 ) LIMIT 1   [ RunTime:0.0019s ]
SQL: SELECT * FROM `atype_info` WHERE ( id = 36 ) LIMIT 1   [ RunTime:0.0025s ]
SQL: SELECT * FROM `atype_info` WHERE ( id = 35 ) LIMIT 1   [ RunTime:0.0042s ]
SQL: SELECT * FROM `atype_info` WHERE ( id = 34 ) LIMIT 1   [ RunTime:0.0024s ]
SQL: SELECT * FROM `atype_info` WHERE ( type_id = 100 ) ORDER BY num desc  [ RunTime:0.0025s ]
SQL: SELECT * FROM `atype_info` WHERE ( type_id = 107 ) ORDER BY num desc  [ RunTime:0.0026s ]
SQL: SELECT * FROM `atype_info` WHERE ( type_id = 109 ) ORDER BY num desc  [ RunTime:0.0023s ]
SQL: SELECT * FROM `atype_info` WHERE ( id = 75 ) LIMIT 1   [ RunTime:0.0027s ]
INFO: [ view_parse ] --START--
INFO: [ template_filter ] --START--
INFO: Run Behavior\ContentReplaceBehavior [ RunTime:0.000267s ]
INFO: [ template_filter ] --END-- [ RunTime:0.000402s ]
INFO: Run Behavior\ParseTemplateBehavior [ RunTime:0.335670s ]
INFO: [ view_parse ] --END-- [ RunTime:0.336041s ]
INFO: [ view_filter ] --START--
INFO: Run Behavior\WriteHtmlCacheBehavior [ RunTime:0.003203s ]
INFO: [ view_filter ] --END-- [ RunTime:0.003346s ]
INFO: [ app_end ] --START--
INFO: Run Behavior\ShowPageTraceBehavior [ RunTime:0.010078s ]
INFO: [ app_end ] --END-- [ RunTime:0.010250s ]

[ 2015-04-26T21:52:17+08:00 ] 127.0.0.1 /1001hotel/index.php/Home/About/index.html
INFO: [ app_init ] --START--
INFO: Run Behavior\BuildLiteBehavior [ RunTime:0.000034s ]
INFO: [ app_init ] --END-- [ RunTime:0.001717s ]
INFO: [ app_begin ] --START--
INFO: Run Behavior\ReadHtmlCacheBehavior [ RunTime:0.003212s ]
INFO: [ app_begin ] --END-- [ RunTime:0.003396s ]
SQL: SHOW COLUMNS FROM `atype_info` [ RunTime:0.0331s ]
SQL: SELECT * FROM `atype_info` WHERE ( id = 10 ) LIMIT 1   [ RunTime:0.0030s ]
SQL: SELECT * FROM `atype_info` WHERE ( type_id = 104 ) ORDER BY num desc  [ RunTime:0.0045s ]
SQL: SELECT * FROM `atype_info` WHERE ( id = 57 ) LIMIT 1   [ RunTime:0.0025s ]
SQL: SELECT * FROM `atype_info` WHERE ( id = 11 ) LIMIT 1   [ RunTime:0.0031s ]
SQL: SELECT * FROM `atype_info` WHERE ( id = 12 ) LIMIT 1   [ RunTime:0.0028s ]
SQL: SELECT * FROM `atype_info` WHERE ( id = 13 ) LIMIT 1   [ RunTime:0.0040s ]
SQL: SELECT * FROM `atype_info` WHERE ( id = 14 ) LIMIT 1   [ RunTime:0.0024s ]
SQL: SELECT * FROM `atype_info` WHERE ( id = 15 ) LIMIT 1   [ RunTime:0.0030s ]
SQL: SELECT * FROM `atype_info` WHERE ( id = 16 ) LIMIT 1   [ RunTime:0.0034s ]
SQL: SELECT * FROM `atype_info` WHERE ( id = 17 ) LIMIT 1   [ RunTime:0.0027s ]
SQL: SELECT * FROM `atype_info` WHERE ( id = 18 ) LIMIT 1   [ RunTime:0.0025s ]
SQL: SELECT * FROM `atype_info` WHERE ( id = 19 ) LIMIT 1   [ RunTime:0.0039s ]
SQL: SELECT * FROM `atype_info` WHERE ( id = 20 ) LIMIT 1   [ RunTime:0.0039s ]
SQL: SELECT * FROM `atype_info` WHERE ( type_id = 91 ) ORDER BY num desc  [ RunTime:0.0052s ]
SQL: SELECT * FROM `atype_info` WHERE ( type_id = 92 ) ORDER BY num desc  [ RunTime:0.0028s ]
INFO: [ view_parse ] --START--
INFO: [ template_filter ] --START--
INFO: Run Behavior\ContentReplaceBehavior [ RunTime:0.000264s ]
INFO: [ template_filter ] --END-- [ RunTime:0.000421s ]
INFO: Run Behavior\ParseTemplateBehavior [ RunTime:0.105195s ]
INFO: [ view_parse ] --END-- [ RunTime:0.105366s ]
INFO: [ view_filter ] --START--
INFO: Run Behavior\WriteHtmlCacheBehavior [ RunTime:0.002009s ]
INFO: [ view_filter ] --END-- [ RunTime:0.002137s ]
INFO: [ app_end ] --START--
INFO: Run Behavior\ShowPageTraceBehavior [ RunTime:0.006340s ]
INFO: [ app_end ] --END-- [ RunTime:0.006574s ]

