[ 2015-04-27T15:03:19+08:00 ] ::1 /1001hotel/
INFO: [ app_init ] --START--
INFO: Run Behavior\BuildLiteBehavior [ RunTime:0.000014s ]
INFO: [ app_init ] --END-- [ RunTime:0.000874s ]
INFO: [ app_begin ] --START--
INFO: Run Behavior\ReadHtmlCacheBehavior [ RunTime:0.001229s ]
INFO: [ app_begin ] --END-- [ RunTime:0.001288s ]
SQL: SHOW COLUMNS FROM `atype_info` [ RunTime:0.0480s ]
SQL: SELECT * FROM `atype_info` WHERE ( id = 10 ) LIMIT 1   [ RunTime:0.0007s ]
SQL: SELECT * FROM `atype_info` WHERE ( type_id = 104 ) ORDER BY num desc  [ RunTime:0.0009s ]
SQL: SELECT * FROM `atype_info` WHERE ( type_id = 102 ) ORDER BY num desc  [ RunTime:0.0007s ]
SQL: SHOW COLUMNS FROM `videos` [ RunTime:0.0111s ]
SQL: SELECT * FROM `videos` WHERE ( id = 1  ) LIMIT 1   [ RunTime:0.0003s ]
INFO: [ view_parse ] --START--
INFO: [ template_filter ] --START--
INFO: Run Behavior\ContentReplaceBehavior [ RunTime:0.000072s ]
INFO: [ template_filter ] --END-- [ RunTime:0.000126s ]
INFO: Run Behavior\ParseTemplateBehavior [ RunTime:0.088832s ]
INFO: [ view_parse ] --END-- [ RunTime:0.088910s ]
INFO: [ view_filter ] --START--
INFO: Run Behavior\WriteHtmlCacheBehavior [ RunTime:0.000889s ]
INFO: [ view_filter ] --END-- [ RunTime:0.000930s ]
INFO: [ app_end ] --START--
INFO: Run Behavior\ShowPageTraceBehavior [ RunTime:0.001139s ]
INFO: [ app_end ] --END-- [ RunTime:0.001189s ]

[ 2015-04-27T15:06:32+08:00 ] ::1 /1001hotel/index.php/Home/System/index.html
INFO: [ app_init ] --START--
INFO: Run Behavior\BuildLiteBehavior [ RunTime:0.000012s ]
INFO: [ app_init ] --END-- [ RunTime:0.000407s ]
INFO: [ app_begin ] --START--
INFO: Run Behavior\ReadHtmlCacheBehavior [ RunTime:0.000640s ]
INFO: [ app_begin ] --END-- [ RunTime:0.000684s ]
SQL: SHOW COLUMNS FROM `atype_info` [ RunTime:0.0251s ]
SQL: SELECT * FROM `atype_info` WHERE ( id = 10 ) LIMIT 1   [ RunTime:0.0006s ]
SQL: SELECT * FROM `atype_info` WHERE ( type_id = 104 ) ORDER BY num desc  [ RunTime:0.0006s ]
SQL: SELECT * FROM `atype_info` WHERE ( type_id = 94 ) ORDER BY num desc  [ RunTime:0.0005s ]
SQL: SELECT * FROM `atype_info` WHERE ( type_id = 96 ) ORDER BY num desc  [ RunTime:0.0005s ]
SQL: SELECT * FROM `atype_info` WHERE ( id = 37 ) LIMIT 1   [ RunTime:0.0003s ]
SQL: SELECT * FROM `atype_info` WHERE ( id = 36 ) LIMIT 1   [ RunTime:0.0003s ]
SQL: SELECT * FROM `atype_info` WHERE ( id = 35 ) LIMIT 1   [ RunTime:0.0003s ]
SQL: SELECT * FROM `atype_info` WHERE ( id = 34 ) LIMIT 1   [ RunTime:0.0003s ]
SQL: SELECT * FROM `atype_info` WHERE ( type_id = 100 ) ORDER BY num desc  [ RunTime:0.0004s ]
SQL: SELECT * FROM `atype_info` WHERE ( type_id = 107 ) ORDER BY num desc  [ RunTime:0.0004s ]
SQL: SELECT * FROM `atype_info` WHERE ( type_id = 109 ) ORDER BY num desc  [ RunTime:0.0004s ]
SQL: SELECT * FROM `atype_info` WHERE ( id = 75 ) LIMIT 1   [ RunTime:0.0006s ]
INFO: [ view_parse ] --START--
INFO: [ template_filter ] --START--
INFO: Run Behavior\ContentReplaceBehavior [ RunTime:0.000117s ]
INFO: [ template_filter ] --END-- [ RunTime:0.000162s ]
INFO: Run Behavior\ParseTemplateBehavior [ RunTime:0.034883s ]
INFO: [ view_parse ] --END-- [ RunTime:0.034942s ]
INFO: [ view_filter ] --START--
INFO: Run Behavior\WriteHtmlCacheBehavior [ RunTime:0.000508s ]
INFO: [ view_filter ] --END-- [ RunTime:0.000545s ]
INFO: [ app_end ] --START--
INFO: Run Behavior\ShowPageTraceBehavior [ RunTime:0.000913s ]
INFO: [ app_end ] --END-- [ RunTime:0.000971s ]

[ 2015-04-27T15:08:42+08:00 ] ::1 /1001hotel/index.php/Home/System/index.html
INFO: [ app_init ] --START--
INFO: Run Behavior\BuildLiteBehavior [ RunTime:0.000015s ]
INFO: [ app_init ] --END-- [ RunTime:0.000461s ]
INFO: [ app_begin ] --START--
INFO: Run Behavior\ReadHtmlCacheBehavior [ RunTime:0.000830s ]
INFO: [ app_begin ] --END-- [ RunTime:0.000893s ]
SQL: SHOW COLUMNS FROM `atype_info` [ RunTime:0.0615s ]
SQL: SELECT * FROM `atype_info` WHERE ( id = 10 ) LIMIT 1   [ RunTime:0.0006s ]
SQL: SELECT * FROM `atype_info` WHERE ( type_id = 104 ) ORDER BY num desc  [ RunTime:0.0008s ]
SQL: SELECT * FROM `atype_info` WHERE ( type_id = 94 ) ORDER BY num desc  [ RunTime:0.0007s ]
SQL: SELECT * FROM `atype_info` WHERE ( type_id = 96 ) ORDER BY num desc  [ RunTime:0.0007s ]
SQL: SELECT * FROM `atype_info` WHERE ( id = 37 ) LIMIT 1   [ RunTime:0.0005s ]
SQL: SELECT * FROM `atype_info` WHERE ( id = 36 ) LIMIT 1   [ RunTime:0.0005s ]
SQL: SELECT * FROM `atype_info` WHERE ( id = 35 ) LIMIT 1   [ RunTime:0.0005s ]
SQL: SELECT * FROM `atype_info` WHERE ( id = 34 ) LIMIT 1   [ RunTime:0.0005s ]
SQL: SELECT * FROM `atype_info` WHERE ( type_id = 100 ) ORDER BY num desc  [ RunTime:0.0006s ]
SQL: SELECT * FROM `atype_info` WHERE ( type_id = 107 ) ORDER BY num desc  [ RunTime:0.0006s ]
SQL: SELECT * FROM `atype_info` WHERE ( type_id = 109 ) ORDER BY num desc  [ RunTime:0.0006s ]
SQL: SELECT * FROM `atype_info` WHERE ( id = 75 ) LIMIT 1   [ RunTime:0.0005s ]
INFO: [ view_parse ] --START--
INFO: [ template_filter ] --START--
INFO: Run Behavior\ContentReplaceBehavior [ RunTime:0.000137s ]
INFO: [ template_filter ] --END-- [ RunTime:0.000191s ]
INFO: Run Behavior\ParseTemplateBehavior [ RunTime:0.035103s ]
INFO: [ view_parse ] --END-- [ RunTime:0.035177s ]
INFO: [ view_filter ] --START--
INFO: Run Behavior\WriteHtmlCacheBehavior [ RunTime:0.000627s ]
INFO: [ view_filter ] --END-- [ RunTime:0.000668s ]
INFO: [ app_end ] --START--
INFO: Run Behavior\ShowPageTraceBehavior [ RunTime:0.000895s ]
INFO: [ app_end ] --END-- [ RunTime:0.000957s ]

[ 2015-04-27T15:12:25+08:00 ] ::1 /1001hotel/index.php/Home/System/index.html
INFO: [ app_init ] --START--
INFO: Run Behavior\BuildLiteBehavior [ RunTime:0.000012s ]
INFO: [ app_init ] --END-- [ RunTime:0.000380s ]
INFO: [ app_begin ] --START--
INFO: Run Behavior\ReadHtmlCacheBehavior [ RunTime:0.000693s ]
INFO: [ app_begin ] --END-- [ RunTime:0.000741s ]
SQL: SHOW COLUMNS FROM `atype_info` [ RunTime:0.0205s ]
SQL: SELECT * FROM `atype_info` WHERE ( id = 10 ) LIMIT 1   [ RunTime:0.0004s ]
SQL: SELECT * FROM `atype_info` WHERE ( type_id = 104 ) ORDER BY num desc  [ RunTime:0.0005s ]
SQL: SELECT * FROM `atype_info` WHERE ( type_id = 94 ) ORDER BY num desc  [ RunTime:0.0004s ]
SQL: SELECT * FROM `atype_info` WHERE ( type_id = 96 ) ORDER BY num desc  [ RunTime:0.0006s ]
SQL: SELECT * FROM `atype_info` WHERE ( id = 37 ) LIMIT 1   [ RunTime:0.0005s ]
SQL: SELECT * FROM `atype_info` WHERE ( id = 36 ) LIMIT 1   [ RunTime:0.0004s ]
SQL: SELECT * FROM `atype_info` WHERE ( id = 35 ) LIMIT 1   [ RunTime:0.0003s ]
SQL: SELECT * FROM `atype_info` WHERE ( id = 34 ) LIMIT 1   [ RunTime:0.0005s ]
SQL: SELECT * FROM `atype_info` WHERE ( type_id = 100 ) ORDER BY num desc  [ RunTime:0.0005s ]
SQL: SELECT * FROM `atype_info` WHERE ( type_id = 107 ) ORDER BY num desc  [ RunTime:0.0005s ]
SQL: SELECT * FROM `atype_info` WHERE ( type_id = 109 ) ORDER BY num desc  [ RunTime:0.0004s ]
SQL: SELECT * FROM `atype_info` WHERE ( id = 75 ) LIMIT 1   [ RunTime:0.0003s ]
INFO: [ view_parse ] --START--
INFO: [ template_filter ] --START--
INFO: Run Behavior\ContentReplaceBehavior [ RunTime:0.000210s ]
INFO: [ template_filter ] --END-- [ RunTime:0.000262s ]
INFO: Run Behavior\ParseTemplateBehavior [ RunTime:0.031362s ]
INFO: [ view_parse ] --END-- [ RunTime:0.031418s ]
INFO: [ view_filter ] --START--
INFO: Run Behavior\WriteHtmlCacheBehavior [ RunTime:0.000519s ]
INFO: [ view_filter ] --END-- [ RunTime:0.000559s ]
INFO: [ app_end ] --START--
INFO: Run Behavior\ShowPageTraceBehavior [ RunTime:0.000950s ]
INFO: [ app_end ] --END-- [ RunTime:0.001053s ]

[ 2015-04-27T15:13:41+08:00 ] ::1 /1001hotel/index.php/Home/About/index.html
INFO: [ app_init ] --START--
INFO: Run Behavior\BuildLiteBehavior [ RunTime:0.000014s ]
INFO: [ app_init ] --END-- [ RunTime:0.000495s ]
INFO: [ app_begin ] --START--
INFO: Run Behavior\ReadHtmlCacheBehavior [ RunTime:0.000743s ]
INFO: [ app_begin ] --END-- [ RunTime:0.000793s ]
SQL: SHOW COLUMNS FROM `atype_info` [ RunTime:0.0210s ]
SQL: SELECT * FROM `atype_info` WHERE ( id = 10 ) LIMIT 1   [ RunTime:0.0005s ]
SQL: SELECT * FROM `atype_info` WHERE ( type_id = 104 ) ORDER BY num desc  [ RunTime:0.0005s ]
SQL: SELECT * FROM `atype_info` WHERE ( id = 57 ) LIMIT 1   [ RunTime:0.0004s ]
SQL: SELECT * FROM `atype_info` WHERE ( id = 11 ) LIMIT 1   [ RunTime:0.0003s ]
SQL: SELECT * FROM `atype_info` WHERE ( id = 12 ) LIMIT 1   [ RunTime:0.0004s ]
SQL: SELECT * FROM `atype_info` WHERE ( id = 13 ) LIMIT 1   [ RunTime:0.0005s ]
SQL: SELECT * FROM `atype_info` WHERE ( id = 14 ) LIMIT 1   [ RunTime:0.0006s ]
SQL: SELECT * FROM `atype_info` WHERE ( id = 15 ) LIMIT 1   [ RunTime:0.0004s ]
SQL: SELECT * FROM `atype_info` WHERE ( id = 16 ) LIMIT 1   [ RunTime:0.0004s ]
SQL: SELECT * FROM `atype_info` WHERE ( id = 17 ) LIMIT 1   [ RunTime:0.0003s ]
SQL: SELECT * FROM `atype_info` WHERE ( id = 18 ) LIMIT 1   [ RunTime:0.0003s ]
SQL: SELECT * FROM `atype_info` WHERE ( id = 19 ) LIMIT 1   [ RunTime:0.0004s ]
SQL: SELECT * FROM `atype_info` WHERE ( id = 20 ) LIMIT 1   [ RunTime:0.0004s ]
SQL: SELECT * FROM `atype_info` WHERE ( type_id = 91 ) ORDER BY num desc  [ RunTime:0.0004s ]
SQL: SELECT * FROM `atype_info` WHERE ( type_id = 92 ) ORDER BY num desc  [ RunTime:0.0004s ]
INFO: [ view_parse ] --START--
INFO: [ template_filter ] --START--
INFO: Run Behavior\ContentReplaceBehavior [ RunTime:0.000114s ]
INFO: [ template_filter ] --END-- [ RunTime:0.000166s ]
INFO: Run Behavior\ParseTemplateBehavior [ RunTime:0.028058s ]
INFO: [ view_parse ] --END-- [ RunTime:0.028115s ]
INFO: [ view_filter ] --START--
INFO: Run Behavior\WriteHtmlCacheBehavior [ RunTime:0.000602s ]
INFO: [ view_filter ] --END-- [ RunTime:0.000650s ]
INFO: [ app_end ] --START--
INFO: Run Behavior\ShowPageTraceBehavior [ RunTime:0.001213s ]
INFO: [ app_end ] --END-- [ RunTime:0.001287s ]

[ 2015-04-27T15:13:46+08:00 ] ::1 /1001hotel/index.php/Home/Index/index.html
INFO: [ app_init ] --START--
INFO: Run Behavior\BuildLiteBehavior [ RunTime:0.000013s ]
INFO: [ app_init ] --END-- [ RunTime:0.000417s ]
INFO: [ app_begin ] --START--
INFO: Run Behavior\ReadHtmlCacheBehavior [ RunTime:0.000664s ]
INFO: [ app_begin ] --END-- [ RunTime:0.000709s ]
SQL: SHOW COLUMNS FROM `atype_info` [ RunTime:0.0505s ]
SQL: SELECT * FROM `atype_info` WHERE ( id = 10 ) LIMIT 1   [ RunTime:0.0007s ]
SQL: SELECT * FROM `atype_info` WHERE ( type_id = 104 ) ORDER BY num desc  [ RunTime:0.0005s ]
SQL: SELECT * FROM `atype_info` WHERE ( type_id = 102 ) ORDER BY num desc  [ RunTime:0.0006s ]
SQL: SHOW COLUMNS FROM `videos` [ RunTime:0.0104s ]
SQL: SELECT * FROM `videos` WHERE ( id = 1  ) LIMIT 1   [ RunTime:0.0004s ]
INFO: [ view_parse ] --START--
INFO: [ template_filter ] --START--
INFO: Run Behavior\ContentReplaceBehavior [ RunTime:0.000060s ]
INFO: [ template_filter ] --END-- [ RunTime:0.000106s ]
INFO: Run Behavior\ParseTemplateBehavior [ RunTime:0.017121s ]
INFO: [ view_parse ] --END-- [ RunTime:0.017192s ]
INFO: [ view_filter ] --START--
INFO: Run Behavior\WriteHtmlCacheBehavior [ RunTime:0.000537s ]
INFO: [ view_filter ] --END-- [ RunTime:0.000578s ]
INFO: [ app_end ] --START--
INFO: Run Behavior\ShowPageTraceBehavior [ RunTime:0.000742s ]
INFO: [ app_end ] --END-- [ RunTime:0.000786s ]

[ 2015-04-27T15:24:31+08:00 ] ::1 /1001hotel/index.php/Home/Index/index.html
INFO: [ app_init ] --START--
INFO: Run Behavior\BuildLiteBehavior [ RunTime:0.000418s ]
INFO: [ app_init ] --END-- [ RunTime:0.001039s ]
INFO: [ app_begin ] --START--
INFO: Run Behavior\ReadHtmlCacheBehavior [ RunTime:0.001893s ]
INFO: [ app_begin ] --END-- [ RunTime:0.001974s ]
SQL: SHOW COLUMNS FROM `atype_info` [ RunTime:0.0291s ]
SQL: SELECT * FROM `atype_info` WHERE ( id = 10 ) LIMIT 1   [ RunTime:0.0011s ]
SQL: SELECT * FROM `atype_info` WHERE ( type_id = 104 ) ORDER BY num desc  [ RunTime:0.0006s ]
SQL: SELECT * FROM `atype_info` WHERE ( type_id = 102 ) ORDER BY num desc  [ RunTime:0.0005s ]
SQL: SHOW COLUMNS FROM `videos` [ RunTime:0.0100s ]
SQL: SELECT * FROM `videos` WHERE ( id = 1  ) LIMIT 1   [ RunTime:0.0004s ]
INFO: [ view_parse ] --START--
INFO: [ template_filter ] --START--
INFO: Run Behavior\ContentReplaceBehavior [ RunTime:0.000089s ]
INFO: [ template_filter ] --END-- [ RunTime:0.000150s ]
INFO: Run Behavior\ParseTemplateBehavior [ RunTime:0.017330s ]
INFO: [ view_parse ] --END-- [ RunTime:0.017408s ]
INFO: [ view_filter ] --START--
INFO: Run Behavior\WriteHtmlCacheBehavior [ RunTime:0.000792s ]
INFO: [ view_filter ] --END-- [ RunTime:0.000838s ]
INFO: [ app_end ] --START--
INFO: Run Behavior\ShowPageTraceBehavior [ RunTime:0.001183s ]
INFO: [ app_end ] --END-- [ RunTime:0.001258s ]

[ 2015-04-27T15:24:40+08:00 ] ::1 /1001hotel/index.php/Home/Index/index.html
INFO: [ app_init ] --START--
INFO: Run Behavior\BuildLiteBehavior [ RunTime:0.000013s ]
INFO: [ app_init ] --END-- [ RunTime:0.000405s ]
INFO: [ app_begin ] --START--
INFO: Run Behavior\ReadHtmlCacheBehavior [ RunTime:0.000703s ]
INFO: [ app_begin ] --END-- [ RunTime:0.000749s ]
SQL: SHOW COLUMNS FROM `atype_info` [ RunTime:0.0374s ]
SQL: SELECT * FROM `atype_info` WHERE ( id = 10 ) LIMIT 1   [ RunTime:0.0004s ]
SQL: SELECT * FROM `atype_info` WHERE ( type_id = 104 ) ORDER BY num desc  [ RunTime:0.0005s ]
SQL: SELECT * FROM `atype_info` WHERE ( type_id = 102 ) ORDER BY num desc  [ RunTime:0.0004s ]
SQL: SHOW COLUMNS FROM `videos` [ RunTime:0.0096s ]
SQL: SELECT * FROM `videos` WHERE ( id = 1  ) LIMIT 1   [ RunTime:0.0005s ]
INFO: [ view_parse ] --START--
INFO: [ template_filter ] --START--
INFO: Run Behavior\ContentReplaceBehavior [ RunTime:0.000067s ]
INFO: [ template_filter ] --END-- [ RunTime:0.000126s ]
INFO: Run Behavior\ParseTemplateBehavior [ RunTime:0.011033s ]
INFO: [ view_parse ] --END-- [ RunTime:0.011108s ]
INFO: [ view_filter ] --START--
INFO: Run Behavior\WriteHtmlCacheBehavior [ RunTime:0.000478s ]
INFO: [ view_filter ] --END-- [ RunTime:0.000516s ]
INFO: [ app_end ] --START--
INFO: Run Behavior\ShowPageTraceBehavior [ RunTime:0.000731s ]
INFO: [ app_end ] --END-- [ RunTime:0.000772s ]

[ 2015-04-27T15:25:27+08:00 ] ::1 /1001hotel/index.php/Home/Index/index.html
INFO: [ app_init ] --START--
INFO: Run Behavior\BuildLiteBehavior [ RunTime:0.000013s ]
INFO: [ app_init ] --END-- [ RunTime:0.000383s ]
INFO: [ app_begin ] --START--
INFO: Run Behavior\ReadHtmlCacheBehavior [ RunTime:0.000616s ]
INFO: [ app_begin ] --END-- [ RunTime:0.000659s ]
SQL: SHOW COLUMNS FROM `atype_info` [ RunTime:0.0276s ]
SQL: SELECT * FROM `atype_info` WHERE ( id = 10 ) LIMIT 1   [ RunTime:0.0005s ]
SQL: SELECT * FROM `atype_info` WHERE ( type_id = 104 ) ORDER BY num desc  [ RunTime:0.0005s ]
SQL: SELECT * FROM `atype_info` WHERE ( type_id = 102 ) ORDER BY num desc  [ RunTime:0.0004s ]
SQL: SHOW COLUMNS FROM `videos` [ RunTime:0.0108s ]
SQL: SELECT * FROM `videos` WHERE ( id = 1  ) LIMIT 1   [ RunTime:0.0003s ]
INFO: [ view_parse ] --START--
INFO: [ template_filter ] --START--
INFO: Run Behavior\ContentReplaceBehavior [ RunTime:0.000054s ]
INFO: [ template_filter ] --END-- [ RunTime:0.000100s ]
INFO: Run Behavior\ParseTemplateBehavior [ RunTime:0.015286s ]
INFO: [ view_parse ] --END-- [ RunTime:0.015370s ]
INFO: [ view_filter ] --START--
INFO: Run Behavior\WriteHtmlCacheBehavior [ RunTime:0.000424s ]
INFO: [ view_filter ] --END-- [ RunTime:0.000462s ]
INFO: [ app_end ] --START--
INFO: Run Behavior\ShowPageTraceBehavior [ RunTime:0.000653s ]
INFO: [ app_end ] --END-- [ RunTime:0.000690s ]

[ 2015-04-27T15:25:32+08:00 ] ::1 /1001hotel/index.php/Home/Index/index.html
INFO: [ app_init ] --START--
INFO: Run Behavior\BuildLiteBehavior [ RunTime:0.000014s ]
INFO: [ app_init ] --END-- [ RunTime:0.000442s ]
INFO: [ app_begin ] --START--
INFO: Run Behavior\ReadHtmlCacheBehavior [ RunTime:0.000806s ]
INFO: [ app_begin ] --END-- [ RunTime:0.000865s ]
SQL: SHOW COLUMNS FROM `atype_info` [ RunTime:0.0458s ]
SQL: SELECT * FROM `atype_info` WHERE ( id = 10 ) LIMIT 1   [ RunTime:0.0005s ]
SQL: SELECT * FROM `atype_info` WHERE ( type_id = 104 ) ORDER BY num desc  [ RunTime:0.0006s ]
SQL: SELECT * FROM `atype_info` WHERE ( type_id = 102 ) ORDER BY num desc  [ RunTime:0.0005s ]
SQL: SHOW COLUMNS FROM `videos` [ RunTime:0.0130s ]
SQL: SELECT * FROM `videos` WHERE ( id = 1  ) LIMIT 1   [ RunTime:0.0004s ]
INFO: [ view_parse ] --START--
INFO: [ template_filter ] --START--
INFO: Run Behavior\ContentReplaceBehavior [ RunTime:0.000057s ]
INFO: [ template_filter ] --END-- [ RunTime:0.000104s ]
INFO: Run Behavior\ParseTemplateBehavior [ RunTime:0.009707s ]
INFO: [ view_parse ] --END-- [ RunTime:0.009784s ]
INFO: [ view_filter ] --START--
INFO: Run Behavior\WriteHtmlCacheBehavior [ RunTime:0.000556s ]
INFO: [ view_filter ] --END-- [ RunTime:0.000601s ]
INFO: [ app_end ] --START--
INFO: Run Behavior\ShowPageTraceBehavior [ RunTime:0.000871s ]
INFO: [ app_end ] --END-- [ RunTime:0.000923s ]

[ 2015-04-27T15:26:26+08:00 ] ::1 /1001hotel/index.php/Home/Index/index.html
INFO: [ app_init ] --START--
INFO: Run Behavior\BuildLiteBehavior [ RunTime:0.000013s ]
INFO: [ app_init ] --END-- [ RunTime:0.000389s ]
INFO: [ app_begin ] --START--
INFO: Run Behavior\ReadHtmlCacheBehavior [ RunTime:0.000618s ]
INFO: [ app_begin ] --END-- [ RunTime:0.000662s ]
SQL: SHOW COLUMNS FROM `atype_info` [ RunTime:0.0282s ]
SQL: SELECT * FROM `atype_info` WHERE ( id = 10 ) LIMIT 1   [ RunTime:0.0004s ]
SQL: SELECT * FROM `atype_info` WHERE ( type_id = 104 ) ORDER BY num desc  [ RunTime:0.0005s ]
SQL: SELECT * FROM `atype_info` WHERE ( type_id = 102 ) ORDER BY num desc  [ RunTime:0.0004s ]
SQL: SHOW COLUMNS FROM `videos` [ RunTime:0.0117s ]
SQL: SELECT * FROM `videos` WHERE ( id = 1  ) LIMIT 1   [ RunTime:0.0003s ]
INFO: [ view_parse ] --START--
INFO: [ template_filter ] --START--
INFO: Run Behavior\ContentReplaceBehavior [ RunTime:0.000057s ]
INFO: [ template_filter ] --END-- [ RunTime:0.000102s ]
INFO: Run Behavior\ParseTemplateBehavior [ RunTime:0.009948s ]
INFO: [ view_parse ] --END-- [ RunTime:0.010018s ]
INFO: [ view_filter ] --START--
INFO: Run Behavior\WriteHtmlCacheBehavior [ RunTime:0.000413s ]
INFO: [ view_filter ] --END-- [ RunTime:0.000452s ]
INFO: [ app_end ] --START--
INFO: Run Behavior\ShowPageTraceBehavior [ RunTime:0.000647s ]
INFO: [ app_end ] --END-- [ RunTime:0.000683s ]

[ 2015-04-27T15:27:24+08:00 ] ::1 /1001hotel/index.php/Home/Index/index.html
INFO: [ app_init ] --START--
INFO: Run Behavior\BuildLiteBehavior [ RunTime:0.000013s ]
INFO: [ app_init ] --END-- [ RunTime:0.000420s ]
INFO: [ app_begin ] --START--
INFO: Run Behavior\ReadHtmlCacheBehavior [ RunTime:0.000705s ]
INFO: [ app_begin ] --END-- [ RunTime:0.000766s ]
SQL: SHOW COLUMNS FROM `atype_info` [ RunTime:0.0480s ]
SQL: SELECT * FROM `atype_info` WHERE ( id = 10 ) LIMIT 1   [ RunTime:0.0004s ]
SQL: SELECT * FROM `atype_info` WHERE ( type_id = 104 ) ORDER BY num desc  [ RunTime:0.0004s ]
SQL: SELECT * FROM `atype_info` WHERE ( type_id = 102 ) ORDER BY num desc  [ RunTime:0.0003s ]
SQL: SHOW COLUMNS FROM `videos` [ RunTime:0.0097s ]
SQL: SELECT * FROM `videos` WHERE ( id = 1  ) LIMIT 1   [ RunTime:0.0004s ]
INFO: [ view_parse ] --START--
INFO: [ template_filter ] --START--
INFO: Run Behavior\ContentReplaceBehavior [ RunTime:0.000063s ]
INFO: [ template_filter ] --END-- [ RunTime:0.000123s ]
INFO: Run Behavior\ParseTemplateBehavior [ RunTime:0.011024s ]
INFO: [ view_parse ] --END-- [ RunTime:0.011095s ]
INFO: [ view_filter ] --START--
INFO: Run Behavior\WriteHtmlCacheBehavior [ RunTime:0.000475s ]
INFO: [ view_filter ] --END-- [ RunTime:0.000513s ]
INFO: [ app_end ] --START--
INFO: Run Behavior\ShowPageTraceBehavior [ RunTime:0.000746s ]
INFO: [ app_end ] --END-- [ RunTime:0.000790s ]

[ 2015-04-27T15:30:25+08:00 ] ::1 /1001hotel/index.php/Home/System/index.html
INFO: [ app_init ] --START--
INFO: Run Behavior\BuildLiteBehavior [ RunTime:0.000013s ]
INFO: [ app_init ] --END-- [ RunTime:0.000388s ]
INFO: [ app_begin ] --START--
INFO: Run Behavior\ReadHtmlCacheBehavior [ RunTime:0.000756s ]
INFO: [ app_begin ] --END-- [ RunTime:0.000838s ]
SQL: SHOW COLUMNS FROM `atype_info` [ RunTime:0.0192s ]
SQL: SELECT * FROM `atype_info` WHERE ( id = 10 ) LIMIT 1   [ RunTime:0.0004s ]
SQL: SELECT * FROM `atype_info` WHERE ( type_id = 104 ) ORDER BY num desc  [ RunTime:0.0005s ]
SQL: SELECT * FROM `atype_info` WHERE ( type_id = 94 ) ORDER BY num desc  [ RunTime:0.0004s ]
SQL: SELECT * FROM `atype_info` WHERE ( type_id = 96 ) ORDER BY num desc  [ RunTime:0.0003s ]
SQL: SELECT * FROM `atype_info` WHERE ( id = 37 ) LIMIT 1   [ RunTime:0.0002s ]
SQL: SELECT * FROM `atype_info` WHERE ( id = 36 ) LIMIT 1   [ RunTime:0.0002s ]
SQL: SELECT * FROM `atype_info` WHERE ( id = 35 ) LIMIT 1   [ RunTime:0.0002s ]
SQL: SELECT * FROM `atype_info` WHERE ( id = 34 ) LIMIT 1   [ RunTime:0.0002s ]
SQL: SELECT * FROM `atype_info` WHERE ( type_id = 100 ) ORDER BY num desc  [ RunTime:0.0003s ]
SQL: SELECT * FROM `atype_info` WHERE ( type_id = 107 ) ORDER BY num desc  [ RunTime:0.0003s ]
SQL: SELECT * FROM `atype_info` WHERE ( type_id = 109 ) ORDER BY num desc  [ RunTime:0.0003s ]
SQL: SELECT * FROM `atype_info` WHERE ( id = 75 ) LIMIT 1   [ RunTime:0.0002s ]
INFO: [ view_parse ] --START--
INFO: [ template_filter ] --START--
INFO: Run Behavior\ContentReplaceBehavior [ RunTime:0.000120s ]
INFO: [ template_filter ] --END-- [ RunTime:0.000165s ]
INFO: Run Behavior\ParseTemplateBehavior [ RunTime:0.031732s ]
INFO: [ view_parse ] --END-- [ RunTime:0.031787s ]
INFO: [ view_filter ] --START--
INFO: Run Behavior\WriteHtmlCacheBehavior [ RunTime:0.000450s ]
INFO: [ view_filter ] --END-- [ RunTime:0.000487s ]
INFO: [ app_end ] --START--
INFO: Run Behavior\ShowPageTraceBehavior [ RunTime:0.000833s ]
INFO: [ app_end ] --END-- [ RunTime:0.000889s ]

[ 2015-04-27T15:32:24+08:00 ] ::1 /1001hotel/index.php/Home/Index/index.html
INFO: [ app_init ] --START--
INFO: Run Behavior\BuildLiteBehavior [ RunTime:0.000012s ]
INFO: [ app_init ] --END-- [ RunTime:0.000406s ]
INFO: [ app_begin ] --START--
INFO: Run Behavior\ReadHtmlCacheBehavior [ RunTime:0.000840s ]
INFO: [ app_begin ] --END-- [ RunTime:0.000903s ]
SQL: SHOW COLUMNS FROM `atype_info` [ RunTime:0.0414s ]
SQL: SELECT * FROM `atype_info` WHERE ( id = 10 ) LIMIT 1   [ RunTime:0.0005s ]
SQL: SELECT * FROM `atype_info` WHERE ( type_id = 104 ) ORDER BY num desc  [ RunTime:0.0006s ]
SQL: SELECT * FROM `atype_info` WHERE ( type_id = 102 ) ORDER BY num desc  [ RunTime:0.0005s ]
SQL: SHOW COLUMNS FROM `videos` [ RunTime:0.0128s ]
SQL: SELECT * FROM `videos` WHERE ( id = 1  ) LIMIT 1   [ RunTime:0.0004s ]
INFO: [ view_parse ] --START--
INFO: [ template_filter ] --START--
INFO: Run Behavior\ContentReplaceBehavior [ RunTime:0.000057s ]
INFO: [ template_filter ] --END-- [ RunTime:0.000102s ]
INFO: Run Behavior\ParseTemplateBehavior [ RunTime:0.017292s ]
INFO: [ view_parse ] --END-- [ RunTime:0.017368s ]
INFO: [ view_filter ] --START--
INFO: Run Behavior\WriteHtmlCacheBehavior [ RunTime:0.000479s ]
INFO: [ view_filter ] --END-- [ RunTime:0.000516s ]
INFO: [ app_end ] --START--
INFO: Run Behavior\ShowPageTraceBehavior [ RunTime:0.000799s ]
INFO: [ app_end ] --END-- [ RunTime:0.000835s ]

[ 2015-04-27T15:34:11+08:00 ] ::1 /1001hotel/index.php/Home/Index/index.html
INFO: [ app_init ] --START--
INFO: Run Behavior\BuildLiteBehavior [ RunTime:0.000014s ]
INFO: [ app_init ] --END-- [ RunTime:0.000476s ]
INFO: [ app_begin ] --START--
INFO: Run Behavior\ReadHtmlCacheBehavior [ RunTime:0.001733s ]
INFO: [ app_begin ] --END-- [ RunTime:0.001962s ]
SQL: SHOW COLUMNS FROM `atype_info` [ RunTime:0.0385s ]
SQL: SELECT * FROM `atype_info` WHERE ( id = 10 ) LIMIT 1   [ RunTime:0.0008s ]
SQL: SELECT * FROM `atype_info` WHERE ( type_id = 104 ) ORDER BY num desc  [ RunTime:0.0008s ]
SQL: SELECT * FROM `atype_info` WHERE ( type_id = 102 ) ORDER BY num desc  [ RunTime:0.0009s ]
SQL: SELECT * FROM `atype_info` WHERE ( id = 98 ) LIMIT 1   [ RunTime:0.0006s ]
INFO: [ view_parse ] --START--
INFO: [ template_filter ] --START--
INFO: Run Behavior\ContentReplaceBehavior [ RunTime:0.000055s ]
INFO: [ template_filter ] --END-- [ RunTime:0.000100s ]
INFO: Run Behavior\ParseTemplateBehavior [ RunTime:0.016449s ]
INFO: [ view_parse ] --END-- [ RunTime:0.016544s ]
INFO: [ view_filter ] --START--
INFO: Run Behavior\WriteHtmlCacheBehavior [ RunTime:0.000626s ]
INFO: [ view_filter ] --END-- [ RunTime:0.000670s ]
INFO: [ app_end ] --START--
INFO: Run Behavior\ShowPageTraceBehavior [ RunTime:0.000795s ]
INFO: [ app_end ] --END-- [ RunTime:0.000845s ]

[ 2015-04-27T15:36:27+08:00 ] ::1 /1001hotel/index.php/Home/System/index.html
INFO: [ app_init ] --START--
INFO: Run Behavior\BuildLiteBehavior [ RunTime:0.000012s ]
INFO: [ app_init ] --END-- [ RunTime:0.000406s ]
INFO: [ app_begin ] --START--
INFO: Run Behavior\ReadHtmlCacheBehavior [ RunTime:0.000844s ]
INFO: [ app_begin ] --END-- [ RunTime:0.000902s ]
SQL: SHOW COLUMNS FROM `atype_info` [ RunTime:0.0414s ]
SQL: SELECT * FROM `atype_info` WHERE ( id = 10 ) LIMIT 1   [ RunTime:0.0007s ]
SQL: SELECT * FROM `atype_info` WHERE ( type_id = 104 ) ORDER BY num desc  [ RunTime:0.0009s ]
SQL: SELECT * FROM `atype_info` WHERE ( type_id = 94 ) ORDER BY num desc  [ RunTime:0.0007s ]
SQL: SELECT * FROM `atype_info` WHERE ( type_id = 96 ) ORDER BY num desc  [ RunTime:0.0006s ]
SQL: SELECT * FROM `atype_info` WHERE ( id = 37 ) LIMIT 1   [ RunTime:0.0003s ]
SQL: SELECT * FROM `atype_info` WHERE ( id = 36 ) LIMIT 1   [ RunTime:0.0003s ]
SQL: SELECT * FROM `atype_info` WHERE ( id = 35 ) LIMIT 1   [ RunTime:0.0002s ]
SQL: SELECT * FROM `atype_info` WHERE ( id = 34 ) LIMIT 1   [ RunTime:0.0002s ]
SQL: SELECT * FROM `atype_info` WHERE ( type_id = 100 ) ORDER BY num desc  [ RunTime:0.0003s ]
SQL: SELECT * FROM `atype_info` WHERE ( type_id = 107 ) ORDER BY num desc  [ RunTime:0.0003s ]
SQL: SELECT * FROM `atype_info` WHERE ( type_id = 109 ) ORDER BY num desc  [ RunTime:0.0003s ]
SQL: SELECT * FROM `atype_info` WHERE ( id = 75 ) LIMIT 1   [ RunTime:0.0002s ]
SQL: SELECT * FROM `atype_info` WHERE ( id = 97 ) LIMIT 1   [ RunTime:0.0002s ]
INFO: [ view_parse ] --START--
INFO: [ template_filter ] --START--
INFO: Run Behavior\ContentReplaceBehavior [ RunTime:0.000112s ]
INFO: [ template_filter ] --END-- [ RunTime:0.000157s ]
INFO: Run Behavior\ParseTemplateBehavior [ RunTime:0.029033s ]
INFO: [ view_parse ] --END-- [ RunTime:0.029097s ]
INFO: [ view_filter ] --START--
INFO: Run Behavior\WriteHtmlCacheBehavior [ RunTime:0.000542s ]
INFO: [ view_filter ] --END-- [ RunTime:0.000583s ]
INFO: [ app_end ] --START--
INFO: Run Behavior\ShowPageTraceBehavior [ RunTime:0.000978s ]
INFO: [ app_end ] --END-- [ RunTime:0.001055s ]

[ 2015-04-27T15:37:01+08:00 ] ::1 /1001hotel/index.php/Home/System/index.html
INFO: [ app_init ] --START--
INFO: Run Behavior\BuildLiteBehavior [ RunTime:0.000014s ]
INFO: [ app_init ] --END-- [ RunTime:0.000507s ]
INFO: [ app_begin ] --START--
INFO: Run Behavior\ReadHtmlCacheBehavior [ RunTime:0.001273s ]
INFO: [ app_begin ] --END-- [ RunTime:0.001339s ]
SQL: SHOW COLUMNS FROM `atype_info` [ RunTime:0.0404s ]
SQL: SELECT * FROM `atype_info` WHERE ( id = 10 ) LIMIT 1   [ RunTime:0.0006s ]
SQL: SELECT * FROM `atype_info` WHERE ( type_id = 104 ) ORDER BY num desc  [ RunTime:0.0007s ]
SQL: SELECT * FROM `atype_info` WHERE ( type_id = 94 ) ORDER BY num desc  [ RunTime:0.0006s ]
SQL: SELECT * FROM `atype_info` WHERE ( type_id = 96 ) ORDER BY num desc  [ RunTime:0.0009s ]
SQL: SELECT * FROM `atype_info` WHERE ( id = 37 ) LIMIT 1   [ RunTime:0.0005s ]
SQL: SELECT * FROM `atype_info` WHERE ( id = 36 ) LIMIT 1   [ RunTime:0.0005s ]
SQL: SELECT * FROM `atype_info` WHERE ( id = 35 ) LIMIT 1   [ RunTime:0.0004s ]
SQL: SELECT * FROM `atype_info` WHERE ( id = 34 ) LIMIT 1   [ RunTime:0.0004s ]
SQL: SELECT * FROM `atype_info` WHERE ( type_id = 100 ) ORDER BY num desc  [ RunTime:0.0005s ]
SQL: SELECT * FROM `atype_info` WHERE ( type_id = 107 ) ORDER BY num desc  [ RunTime:0.0006s ]
SQL: SELECT * FROM `atype_info` WHERE ( type_id = 109 ) ORDER BY num desc  [ RunTime:0.0005s ]
SQL: SELECT * FROM `atype_info` WHERE ( id = 75 ) LIMIT 1   [ RunTime:0.0004s ]
SQL: SELECT * FROM `atype_info` WHERE ( id = 97 ) LIMIT 1   [ RunTime:0.0004s ]
INFO: [ view_parse ] --START--
INFO: [ template_filter ] --START--
INFO: Run Behavior\ContentReplaceBehavior [ RunTime:0.000177s ]
INFO: [ template_filter ] --END-- [ RunTime:0.000230s ]
INFO: Run Behavior\ParseTemplateBehavior [ RunTime:0.028715s ]
INFO: [ view_parse ] --END-- [ RunTime:0.028780s ]
INFO: [ view_filter ] --START--
INFO: Run Behavior\WriteHtmlCacheBehavior [ RunTime:0.000471s ]
INFO: [ view_filter ] --END-- [ RunTime:0.000508s ]
INFO: [ app_end ] --START--
INFO: Run Behavior\ShowPageTraceBehavior [ RunTime:0.000889s ]
INFO: [ app_end ] --END-- [ RunTime:0.000945s ]

[ 2015-04-27T15:39:03+08:00 ] ::1 /1001hotel/index.php/Home/System/index.html
INFO: [ app_init ] --START--
INFO: Run Behavior\BuildLiteBehavior [ RunTime:0.000013s ]
INFO: [ app_init ] --END-- [ RunTime:0.000405s ]
INFO: [ app_begin ] --START--
INFO: Run Behavior\ReadHtmlCacheBehavior [ RunTime:0.000624s ]
INFO: [ app_begin ] --END-- [ RunTime:0.000669s ]
SQL: SHOW COLUMNS FROM `atype_info` [ RunTime:0.0488s ]
SQL: SELECT * FROM `atype_info` WHERE ( id = 10 ) LIMIT 1   [ RunTime:0.0005s ]
SQL: SELECT * FROM `atype_info` WHERE ( type_id = 104 ) ORDER BY num desc  [ RunTime:0.0005s ]
SQL: SELECT * FROM `atype_info` WHERE ( type_id = 94 ) ORDER BY num desc  [ RunTime:0.0005s ]
SQL: SELECT * FROM `atype_info` WHERE ( type_id = 96 ) ORDER BY num desc  [ RunTime:0.0005s ]
SQL: SELECT * FROM `atype_info` WHERE ( id = 37 ) LIMIT 1   [ RunTime:0.0003s ]
SQL: SELECT * FROM `atype_info` WHERE ( id = 36 ) LIMIT 1   [ RunTime:0.0003s ]
SQL: SELECT * FROM `atype_info` WHERE ( id = 35 ) LIMIT 1   [ RunTime:0.0003s ]
SQL: SELECT * FROM `atype_info` WHERE ( id = 34 ) LIMIT 1   [ RunTime:0.0003s ]
SQL: SELECT * FROM `atype_info` WHERE ( type_id = 100 ) ORDER BY num desc  [ RunTime:0.0004s ]
SQL: SELECT * FROM `atype_info` WHERE ( type_id = 107 ) ORDER BY num desc  [ RunTime:0.0004s ]
SQL: SELECT * FROM `atype_info` WHERE ( type_id = 109 ) ORDER BY num desc  [ RunTime:0.0004s ]
SQL: SELECT * FROM `atype_info` WHERE ( id = 75 ) LIMIT 1   [ RunTime:0.0003s ]
SQL: SELECT * FROM `atype_info` WHERE ( id = 97 ) LIMIT 1   [ RunTime:0.0003s ]
INFO: [ view_parse ] --START--
INFO: [ template_filter ] --START--
INFO: Run Behavior\ContentReplaceBehavior [ RunTime:0.000115s ]
INFO: [ template_filter ] --END-- [ RunTime:0.000161s ]
INFO: Run Behavior\ParseTemplateBehavior [ RunTime:0.031968s ]
INFO: [ view_parse ] --END-- [ RunTime:0.032029s ]
INFO: [ view_filter ] --START--
INFO: Run Behavior\WriteHtmlCacheBehavior [ RunTime:0.000408s ]
INFO: [ view_filter ] --END-- [ RunTime:0.000442s ]
INFO: [ app_end ] --START--
INFO: Run Behavior\ShowPageTraceBehavior [ RunTime:0.000847s ]
INFO: [ app_end ] --END-- [ RunTime:0.000906s ]

[ 2015-04-27T15:44:32+08:00 ] ::1 /1001hotel/index.php/Home/Info/index.html
INFO: [ app_init ] --START--
INFO: Run Behavior\BuildLiteBehavior [ RunTime:0.000013s ]
INFO: [ app_init ] --END-- [ RunTime:0.000426s ]
INFO: [ app_begin ] --START--
INFO: Run Behavior\ReadHtmlCacheBehavior [ RunTime:0.000774s ]
INFO: [ app_begin ] --END-- [ RunTime:0.000847s ]
SQL: SHOW COLUMNS FROM `atype_info` [ RunTime:0.0493s ]
SQL: SELECT * FROM `atype_info` WHERE ( id = 10 ) LIMIT 1   [ RunTime:0.0007s ]
SQL: SELECT * FROM `atype_info` WHERE ( type_id = 104 ) ORDER BY num desc  [ RunTime:0.0007s ]
NOTIC: [8] Undefined index: type_id E:\xampp\htdocs\1001hotel\Application\Home\Controller\InfoController.class.php 第 12 行.
SQL: SELECT * FROM `atype_info` WHERE `type_id` IN (115,116,117,118,119) ORDER BY num desc LIMIT 20   [ RunTime:0.0010s ]
INFO: [ view_parse ] --START--
INFO: [ template_filter ] --START--
INFO: Run Behavior\ContentReplaceBehavior [ RunTime:0.000079s ]
INFO: [ template_filter ] --END-- [ RunTime:0.000155s ]
NOTIC: [8] Undefined index: type_id E:\xampp\htdocs\1001hotel\Application\Runtime\Cache\Home\3f36e03cb4a38b2ed27bc75332298af5.php 第 37 行.
NOTIC: [8] Undefined index: type_id E:\xampp\htdocs\1001hotel\Application\Runtime\Cache\Home\3f36e03cb4a38b2ed27bc75332298af5.php 第 38 行.
NOTIC: [8] Undefined index: type_id E:\xampp\htdocs\1001hotel\Application\Runtime\Cache\Home\3f36e03cb4a38b2ed27bc75332298af5.php 第 39 行.
NOTIC: [8] Undefined index: type_id E:\xampp\htdocs\1001hotel\Application\Runtime\Cache\Home\3f36e03cb4a38b2ed27bc75332298af5.php 第 40 行.
NOTIC: [8] Undefined index: type_id E:\xampp\htdocs\1001hotel\Application\Runtime\Cache\Home\3f36e03cb4a38b2ed27bc75332298af5.php 第 41 行.
NOTIC: [8] Undefined variable: keyword E:\xampp\htdocs\1001hotel\Application\Runtime\Cache\Home\3f36e03cb4a38b2ed27bc75332298af5.php 第 45 行.
NOTIC: [8] Undefined index: type_id E:\xampp\htdocs\1001hotel\Application\Runtime\Cache\Home\3f36e03cb4a38b2ed27bc75332298af5.php 第 87 行.
INFO: Run Behavior\ParseTemplateBehavior [ RunTime:0.045877s ]
INFO: [ view_parse ] --END-- [ RunTime:0.045934s ]
INFO: [ view_filter ] --START--
INFO: Run Behavior\WriteHtmlCacheBehavior [ RunTime:0.000662s ]
INFO: [ view_filter ] --END-- [ RunTime:0.000708s ]
INFO: [ app_end ] --START--
INFO: Run Behavior\ShowPageTraceBehavior [ RunTime:0.000941s ]
INFO: [ app_end ] --END-- [ RunTime:0.001013s ]

[ 2015-04-27T15:44:38+08:00 ] ::1 /1001hotel/index.php/Home/Info/openvideo.html?id=79
INFO: [ app_init ] --START--
INFO: Run Behavior\BuildLiteBehavior [ RunTime:0.000015s ]
INFO: [ app_init ] --END-- [ RunTime:0.000517s ]
INFO: [ app_begin ] --START--
INFO: Run Behavior\ReadHtmlCacheBehavior [ RunTime:0.000801s ]
INFO: [ app_begin ] --END-- [ RunTime:0.000866s ]
SQL: SHOW COLUMNS FROM `atype_info` [ RunTime:0.0440s ]
SQL: SELECT * FROM `atype_info` WHERE ( id = 10 ) LIMIT 1   [ RunTime:0.0005s ]
SQL: SELECT * FROM `atype_info` WHERE ( type_id = 104 ) ORDER BY num desc  [ RunTime:0.0006s ]
SQL: SELECT * FROM `atype_info` WHERE ( id = 79 ) LIMIT 1   [ RunTime:0.0004s ]
INFO: [ view_parse ] --START--
INFO: [ template_filter ] --START--
INFO: Run Behavior\ContentReplaceBehavior [ RunTime:0.000037s ]
INFO: [ template_filter ] --END-- [ RunTime:0.000084s ]
INFO: Run Behavior\ParseTemplateBehavior [ RunTime:0.015082s ]
INFO: [ view_parse ] --END-- [ RunTime:0.015165s ]
INFO: [ view_filter ] --START--
INFO: Run Behavior\WriteHtmlCacheBehavior [ RunTime:0.000449s ]
INFO: [ view_filter ] --END-- [ RunTime:0.000486s ]
INFO: [ app_end ] --START--
INFO: Run Behavior\ShowPageTraceBehavior [ RunTime:0.000693s ]
INFO: [ app_end ] --END-- [ RunTime:0.000730s ]

[ 2015-04-27T15:46:34+08:00 ] ::1 /1001hotel/index.php/Home/Info/index.html
INFO: [ app_init ] --START--
INFO: Run Behavior\BuildLiteBehavior [ RunTime:0.000013s ]
INFO: [ app_init ] --END-- [ RunTime:0.000417s ]
INFO: [ app_begin ] --START--
INFO: Run Behavior\ReadHtmlCacheBehavior [ RunTime:0.000637s ]
INFO: [ app_begin ] --END-- [ RunTime:0.000686s ]
SQL: SHOW COLUMNS FROM `atype_info` [ RunTime:0.0438s ]
SQL: SELECT * FROM `atype_info` WHERE ( id = 10 ) LIMIT 1   [ RunTime:0.0006s ]
SQL: SELECT * FROM `atype_info` WHERE ( type_id = 104 ) ORDER BY num desc  [ RunTime:0.0007s ]
NOTIC: [8] Undefined index: type_id E:\xampp\htdocs\1001hotel\Application\Home\Controller\InfoController.class.php 第 12 行.
SQL: SELECT * FROM `atype_info` WHERE `type_id` IN (115,116,117,118,119) ORDER BY num desc LIMIT 20   [ RunTime:0.0007s ]
INFO: [ view_parse ] --START--
INFO: [ template_filter ] --START--
INFO: Run Behavior\ContentReplaceBehavior [ RunTime:0.000075s ]
INFO: [ template_filter ] --END-- [ RunTime:0.000124s ]
NOTIC: [8] Undefined index: type_id E:\xampp\htdocs\1001hotel\Application\Runtime\Cache\Home\3f36e03cb4a38b2ed27bc75332298af5.php 第 37 行.
NOTIC: [8] Undefined index: type_id E:\xampp\htdocs\1001hotel\Application\Runtime\Cache\Home\3f36e03cb4a38b2ed27bc75332298af5.php 第 38 行.
NOTIC: [8] Undefined index: type_id E:\xampp\htdocs\1001hotel\Application\Runtime\Cache\Home\3f36e03cb4a38b2ed27bc75332298af5.php 第 39 行.
NOTIC: [8] Undefined index: type_id E:\xampp\htdocs\1001hotel\Application\Runtime\Cache\Home\3f36e03cb4a38b2ed27bc75332298af5.php 第 40 行.
NOTIC: [8] Undefined index: type_id E:\xampp\htdocs\1001hotel\Application\Runtime\Cache\Home\3f36e03cb4a38b2ed27bc75332298af5.php 第 41 行.
NOTIC: [8] Undefined variable: keyword E:\xampp\htdocs\1001hotel\Application\Runtime\Cache\Home\3f36e03cb4a38b2ed27bc75332298af5.php 第 45 行.
NOTIC: [8] Undefined index: type_id E:\xampp\htdocs\1001hotel\Application\Runtime\Cache\Home\3f36e03cb4a38b2ed27bc75332298af5.php 第 87 行.
INFO: Run Behavior\ParseTemplateBehavior [ RunTime:0.014298s ]
INFO: [ view_parse ] --END-- [ RunTime:0.014354s ]
INFO: [ view_filter ] --START--
INFO: Run Behavior\WriteHtmlCacheBehavior [ RunTime:0.000421s ]
INFO: [ view_filter ] --END-- [ RunTime:0.000455s ]
INFO: [ app_end ] --START--
INFO: Run Behavior\ShowPageTraceBehavior [ RunTime:0.000795s ]
INFO: [ app_end ] --END-- [ RunTime:0.000864s ]

[ 2015-04-27T15:46:37+08:00 ] ::1 /1001hotel/index.php/Home/Info/openvideo.html?id=79
INFO: [ app_init ] --START--
INFO: Run Behavior\BuildLiteBehavior [ RunTime:0.000014s ]
INFO: [ app_init ] --END-- [ RunTime:0.000427s ]
INFO: [ app_begin ] --START--
INFO: Run Behavior\ReadHtmlCacheBehavior [ RunTime:0.000893s ]
INFO: [ app_begin ] --END-- [ RunTime:0.000963s ]
SQL: SHOW COLUMNS FROM `atype_info` [ RunTime:0.0797s ]
SQL: SELECT * FROM `atype_info` WHERE ( id = 10 ) LIMIT 1   [ RunTime:0.0004s ]
SQL: SELECT * FROM `atype_info` WHERE ( type_id = 104 ) ORDER BY num desc  [ RunTime:0.0005s ]
SQL: SELECT * FROM `atype_info` WHERE ( id = 79 ) LIMIT 1   [ RunTime:0.0003s ]
INFO: [ view_parse ] --START--
INFO: [ template_filter ] --START--
INFO: Run Behavior\ContentReplaceBehavior [ RunTime:0.000039s ]
INFO: [ template_filter ] --END-- [ RunTime:0.000084s ]
INFO: Run Behavior\ParseTemplateBehavior [ RunTime:0.010210s ]
INFO: [ view_parse ] --END-- [ RunTime:0.010277s ]
INFO: [ view_filter ] --START--
INFO: Run Behavior\WriteHtmlCacheBehavior [ RunTime:0.000447s ]
INFO: [ view_filter ] --END-- [ RunTime:0.000487s ]
INFO: [ app_end ] --START--
INFO: Run Behavior\ShowPageTraceBehavior [ RunTime:0.000694s ]
INFO: [ app_end ] --END-- [ RunTime:0.000732s ]

[ 2015-04-27T15:48:09+08:00 ] ::1 /1001hotel/index.php/Home/Info/openvideo.html?id=79
INFO: [ app_init ] --START--
INFO: Run Behavior\BuildLiteBehavior [ RunTime:0.000016s ]
INFO: [ app_init ] --END-- [ RunTime:0.000690s ]
INFO: [ app_begin ] --START--
INFO: Run Behavior\ReadHtmlCacheBehavior [ RunTime:0.000769s ]
INFO: [ app_begin ] --END-- [ RunTime:0.000833s ]
SQL: SHOW COLUMNS FROM `atype_info` [ RunTime:0.0490s ]
SQL: SELECT * FROM `atype_info` WHERE ( id = 10 ) LIMIT 1   [ RunTime:0.0005s ]
SQL: SELECT * FROM `atype_info` WHERE ( type_id = 104 ) ORDER BY num desc  [ RunTime:0.0005s ]
SQL: SELECT * FROM `atype_info` WHERE ( id = 79 ) LIMIT 1   [ RunTime:0.0004s ]
INFO: [ view_parse ] --START--
INFO: [ template_filter ] --START--
INFO: Run Behavior\ContentReplaceBehavior [ RunTime:0.000047s ]
INFO: [ template_filter ] --END-- [ RunTime:0.000106s ]
INFO: Run Behavior\ParseTemplateBehavior [ RunTime:0.011770s ]
INFO: [ view_parse ] --END-- [ RunTime:0.011846s ]
INFO: [ view_filter ] --START--
INFO: Run Behavior\WriteHtmlCacheBehavior [ RunTime:0.000488s ]
INFO: [ view_filter ] --END-- [ RunTime:0.000533s ]
INFO: [ app_end ] --START--
INFO: Run Behavior\ShowPageTraceBehavior [ RunTime:0.001158s ]
INFO: [ app_end ] --END-- [ RunTime:0.001223s ]

[ 2015-04-27T15:50:33+08:00 ] ::1 /1001hotel/index.php/Home/Info/index.html
INFO: [ app_init ] --START--
INFO: Run Behavior\BuildLiteBehavior [ RunTime:0.000015s ]
INFO: [ app_init ] --END-- [ RunTime:0.000451s ]
INFO: [ app_begin ] --START--
INFO: Run Behavior\ReadHtmlCacheBehavior [ RunTime:0.000770s ]
INFO: [ app_begin ] --END-- [ RunTime:0.000827s ]
SQL: SHOW COLUMNS FROM `atype_info` [ RunTime:0.0236s ]
SQL: SELECT * FROM `atype_info` WHERE ( id = 10 ) LIMIT 1   [ RunTime:0.0004s ]
SQL: SELECT * FROM `atype_info` WHERE ( type_id = 104 ) ORDER BY num desc  [ RunTime:0.0005s ]
NOTIC: [8] Undefined index: type_id E:\xampp\htdocs\1001hotel\Application\Home\Controller\InfoController.class.php 第 12 行.
SQL: SELECT * FROM `atype_info` WHERE `type_id` IN (115,116,117,118,119) ORDER BY num desc LIMIT 20   [ RunTime:0.0004s ]
INFO: [ view_parse ] --START--
INFO: [ template_filter ] --START--
INFO: Run Behavior\ContentReplaceBehavior [ RunTime:0.000078s ]
INFO: [ template_filter ] --END-- [ RunTime:0.000129s ]
NOTIC: [8] Undefined index: type_id E:\xampp\htdocs\1001hotel\Application\Runtime\Cache\Home\3f36e03cb4a38b2ed27bc75332298af5.php 第 37 行.
NOTIC: [8] Undefined index: type_id E:\xampp\htdocs\1001hotel\Application\Runtime\Cache\Home\3f36e03cb4a38b2ed27bc75332298af5.php 第 38 行.
NOTIC: [8] Undefined index: type_id E:\xampp\htdocs\1001hotel\Application\Runtime\Cache\Home\3f36e03cb4a38b2ed27bc75332298af5.php 第 39 行.
NOTIC: [8] Undefined index: type_id E:\xampp\htdocs\1001hotel\Application\Runtime\Cache\Home\3f36e03cb4a38b2ed27bc75332298af5.php 第 40 行.
NOTIC: [8] Undefined index: type_id E:\xampp\htdocs\1001hotel\Application\Runtime\Cache\Home\3f36e03cb4a38b2ed27bc75332298af5.php 第 41 行.
NOTIC: [8] Undefined variable: keyword E:\xampp\htdocs\1001hotel\Application\Runtime\Cache\Home\3f36e03cb4a38b2ed27bc75332298af5.php 第 45 行.
NOTIC: [8] Undefined index: type_id E:\xampp\htdocs\1001hotel\Application\Runtime\Cache\Home\3f36e03cb4a38b2ed27bc75332298af5.php 第 87 行.
INFO: Run Behavior\ParseTemplateBehavior [ RunTime:0.012702s ]
INFO: [ view_parse ] --END-- [ RunTime:0.012751s ]
INFO: [ view_filter ] --START--
INFO: Run Behavior\WriteHtmlCacheBehavior [ RunTime:0.000592s ]
INFO: [ view_filter ] --END-- [ RunTime:0.000630s ]
INFO: [ app_end ] --START--
INFO: Run Behavior\ShowPageTraceBehavior [ RunTime:0.000883s ]
INFO: [ app_end ] --END-- [ RunTime:0.000941s ]

[ 2015-04-27T15:50:35+08:00 ] ::1 /1001hotel/index.php/Home/Info/openvideo.html?id=79
INFO: [ app_init ] --START--
INFO: Run Behavior\BuildLiteBehavior [ RunTime:0.000014s ]
INFO: [ app_init ] --END-- [ RunTime:0.000475s ]
INFO: [ app_begin ] --START--
INFO: Run Behavior\ReadHtmlCacheBehavior [ RunTime:0.000853s ]
INFO: [ app_begin ] --END-- [ RunTime:0.000918s ]
SQL: SHOW COLUMNS FROM `atype_info` [ RunTime:0.0386s ]
SQL: SELECT * FROM `atype_info` WHERE ( id = 10 ) LIMIT 1   [ RunTime:0.0005s ]
SQL: SELECT * FROM `atype_info` WHERE ( type_id = 104 ) ORDER BY num desc  [ RunTime:0.0006s ]
SQL: SELECT * FROM `atype_info` WHERE ( id = 79 ) LIMIT 1   [ RunTime:0.0004s ]
INFO: [ view_parse ] --START--
INFO: [ template_filter ] --START--
INFO: Run Behavior\ContentReplaceBehavior [ RunTime:0.000051s ]
INFO: [ template_filter ] --END-- [ RunTime:0.000111s ]
INFO: Run Behavior\ParseTemplateBehavior [ RunTime:0.012772s ]
INFO: [ view_parse ] --END-- [ RunTime:0.012840s ]
INFO: [ view_filter ] --START--
INFO: Run Behavior\WriteHtmlCacheBehavior [ RunTime:0.000481s ]
INFO: [ view_filter ] --END-- [ RunTime:0.000520s ]
INFO: [ app_end ] --START--
INFO: Run Behavior\ShowPageTraceBehavior [ RunTime:0.000703s ]
INFO: [ app_end ] --END-- [ RunTime:0.000740s ]

[ 2015-04-27T15:51:10+08:00 ] ::1 /1001hotel/index.php/Home/Join/index.html
INFO: [ app_init ] --START--
INFO: Run Behavior\BuildLiteBehavior [ RunTime:0.000013s ]
INFO: [ app_init ] --END-- [ RunTime:0.000390s ]
INFO: [ app_begin ] --START--
INFO: Run Behavior\ReadHtmlCacheBehavior [ RunTime:0.000670s ]
INFO: [ app_begin ] --END-- [ RunTime:0.000715s ]
SQL: SHOW COLUMNS FROM `atype_info` [ RunTime:0.0440s ]
SQL: SELECT * FROM `atype_info` WHERE ( id = 10 ) LIMIT 1   [ RunTime:0.0005s ]
SQL: SELECT * FROM `atype_info` WHERE ( type_id = 104 ) ORDER BY num desc  [ RunTime:0.0006s ]
SQL: SHOW COLUMNS FROM `atype` [ RunTime:0.0195s ]
SQL: SELECT * FROM `atype` WHERE ( type_id = 126 )  [ RunTime:0.0004s ]
SQL: SELECT * FROM `atype_info` WHERE ( type_id = 124 ) ORDER BY num desc  [ RunTime:0.0004s ]
INFO: [ view_parse ] --START--
INFO: [ template_filter ] --START--
INFO: Run Behavior\ContentReplaceBehavior [ RunTime:0.000066s ]
INFO: [ template_filter ] --END-- [ RunTime:0.000115s ]
INFO: Run Behavior\ParseTemplateBehavior [ RunTime:0.067669s ]
INFO: [ view_parse ] --END-- [ RunTime:0.067747s ]
INFO: [ view_filter ] --START--
INFO: Run Behavior\WriteHtmlCacheBehavior [ RunTime:0.000472s ]
INFO: [ view_filter ] --END-- [ RunTime:0.000509s ]
INFO: [ app_end ] --START--
INFO: Run Behavior\ShowPageTraceBehavior [ RunTime:0.000667s ]
INFO: [ app_end ] --END-- [ RunTime:0.000705s ]

[ 2015-04-27T15:51:25+08:00 ] ::1 /1001hotel/index.php/Home/Buiding/index.html
INFO: [ app_init ] --START--
INFO: Run Behavior\BuildLiteBehavior [ RunTime:0.000012s ]
INFO: [ app_init ] --END-- [ RunTime:0.000393s ]
INFO: [ app_begin ] --START--
INFO: Run Behavior\ReadHtmlCacheBehavior [ RunTime:0.000684s ]
INFO: [ app_begin ] --END-- [ RunTime:0.000728s ]
SQL: SHOW COLUMNS FROM `atype_info` [ RunTime:0.0431s ]
SQL: SELECT * FROM `atype_info` WHERE ( id = 10 ) LIMIT 1   [ RunTime:0.0005s ]
SQL: SELECT * FROM `atype_info` WHERE ( type_id = 104 ) ORDER BY num desc  [ RunTime:0.0005s ]
SQL: SELECT * FROM `atype_info` WHERE ( type_id = 121 ) ORDER BY num desc LIMIT 20   [ RunTime:0.0005s ]
SQL: SELECT * FROM `atype_info` WHERE ( id = 91 ) LIMIT 1   [ RunTime:0.0003s ]
INFO: [ view_parse ] --START--
INFO: [ template_filter ] --START--
INFO: Run Behavior\ContentReplaceBehavior [ RunTime:0.000056s ]
INFO: [ template_filter ] --END-- [ RunTime:0.000103s ]
INFO: Run Behavior\ParseTemplateBehavior [ RunTime:0.036639s ]
INFO: [ view_parse ] --END-- [ RunTime:0.036709s ]
INFO: [ view_filter ] --START--
INFO: Run Behavior\WriteHtmlCacheBehavior [ RunTime:0.000461s ]
INFO: [ view_filter ] --END-- [ RunTime:0.000497s ]
INFO: [ app_end ] --START--
INFO: Run Behavior\ShowPageTraceBehavior [ RunTime:0.000701s ]
INFO: [ app_end ] --END-- [ RunTime:0.000737s ]

[ 2015-04-27T15:51:31+08:00 ] ::1 /1001hotel/index.php/Home/System/index.html
INFO: [ app_init ] --START--
INFO: Run Behavior\BuildLiteBehavior [ RunTime:0.000012s ]
INFO: [ app_init ] --END-- [ RunTime:0.000379s ]
INFO: [ app_begin ] --START--
INFO: Run Behavior\ReadHtmlCacheBehavior [ RunTime:0.000718s ]
INFO: [ app_begin ] --END-- [ RunTime:0.000772s ]
SQL: SHOW COLUMNS FROM `atype_info` [ RunTime:0.0399s ]
SQL: SELECT * FROM `atype_info` WHERE ( id = 10 ) LIMIT 1   [ RunTime:0.0004s ]
SQL: SELECT * FROM `atype_info` WHERE ( type_id = 104 ) ORDER BY num desc  [ RunTime:0.0005s ]
SQL: SELECT * FROM `atype_info` WHERE ( type_id = 94 ) ORDER BY num desc  [ RunTime:0.0004s ]
SQL: SELECT * FROM `atype_info` WHERE ( type_id = 96 ) ORDER BY num desc  [ RunTime:0.0004s ]
SQL: SELECT * FROM `atype_info` WHERE ( id = 37 ) LIMIT 1   [ RunTime:0.0003s ]
SQL: SELECT * FROM `atype_info` WHERE ( id = 36 ) LIMIT 1   [ RunTime:0.0003s ]
SQL: SELECT * FROM `atype_info` WHERE ( id = 35 ) LIMIT 1   [ RunTime:0.0003s ]
SQL: SELECT * FROM `atype_info` WHERE ( id = 34 ) LIMIT 1   [ RunTime:0.0003s ]
SQL: SELECT * FROM `atype_info` WHERE ( type_id = 100 ) ORDER BY num desc  [ RunTime:0.0004s ]
SQL: SELECT * FROM `atype_info` WHERE ( type_id = 107 ) ORDER BY num desc  [ RunTime:0.0004s ]
SQL: SELECT * FROM `atype_info` WHERE ( type_id = 109 ) ORDER BY num desc  [ RunTime:0.0004s ]
SQL: SELECT * FROM `atype_info` WHERE ( id = 75 ) LIMIT 1   [ RunTime:0.0003s ]
SQL: SELECT * FROM `atype_info` WHERE ( id = 97 ) LIMIT 1   [ RunTime:0.0003s ]
INFO: [ view_parse ] --START--
INFO: [ template_filter ] --START--
INFO: Run Behavior\ContentReplaceBehavior [ RunTime:0.000122s ]
INFO: [ template_filter ] --END-- [ RunTime:0.000171s ]
INFO: Run Behavior\ParseTemplateBehavior [ RunTime:0.030901s ]
INFO: [ view_parse ] --END-- [ RunTime:0.030959s ]
INFO: [ view_filter ] --START--
INFO: Run Behavior\WriteHtmlCacheBehavior [ RunTime:0.000548s ]
INFO: [ view_filter ] --END-- [ RunTime:0.000587s ]
INFO: [ app_end ] --START--
INFO: Run Behavior\ShowPageTraceBehavior [ RunTime:0.000961s ]
INFO: [ app_end ] --END-- [ RunTime:0.001033s ]

[ 2015-04-27T15:51:36+08:00 ] ::1 /1001hotel/index.php/Home/About/index.html
INFO: [ app_init ] --START--
INFO: Run Behavior\BuildLiteBehavior [ RunTime:0.000013s ]
INFO: [ app_init ] --END-- [ RunTime:0.000379s ]
INFO: [ app_begin ] --START--
INFO: Run Behavior\ReadHtmlCacheBehavior [ RunTime:0.000663s ]
INFO: [ app_begin ] --END-- [ RunTime:0.000709s ]
SQL: SHOW COLUMNS FROM `atype_info` [ RunTime:0.0414s ]
SQL: SELECT * FROM `atype_info` WHERE ( id = 10 ) LIMIT 1   [ RunTime:0.0006s ]
SQL: SELECT * FROM `atype_info` WHERE ( type_id = 104 ) ORDER BY num desc  [ RunTime:0.0007s ]
SQL: SELECT * FROM `atype_info` WHERE ( id = 57 ) LIMIT 1   [ RunTime:0.0004s ]
SQL: SELECT * FROM `atype_info` WHERE ( id = 11 ) LIMIT 1   [ RunTime:0.0004s ]
SQL: SELECT * FROM `atype_info` WHERE ( id = 12 ) LIMIT 1   [ RunTime:0.0004s ]
SQL: SELECT * FROM `atype_info` WHERE ( id = 13 ) LIMIT 1   [ RunTime:0.0004s ]
SQL: SELECT * FROM `atype_info` WHERE ( id = 14 ) LIMIT 1   [ RunTime:0.0004s ]
SQL: SELECT * FROM `atype_info` WHERE ( id = 15 ) LIMIT 1   [ RunTime:0.0004s ]
SQL: SELECT * FROM `atype_info` WHERE ( id = 16 ) LIMIT 1   [ RunTime:0.0004s ]
SQL: SELECT * FROM `atype_info` WHERE ( id = 17 ) LIMIT 1   [ RunTime:0.0004s ]
SQL: SELECT * FROM `atype_info` WHERE ( id = 18 ) LIMIT 1   [ RunTime:0.0004s ]
SQL: SELECT * FROM `atype_info` WHERE ( id = 19 ) LIMIT 1   [ RunTime:0.0004s ]
SQL: SELECT * FROM `atype_info` WHERE ( id = 20 ) LIMIT 1   [ RunTime:0.0004s ]
SQL: SELECT * FROM `atype_info` WHERE ( type_id = 91 ) ORDER BY num desc  [ RunTime:0.0007s ]
SQL: SELECT * FROM `atype_info` WHERE ( type_id = 92 ) ORDER BY num desc  [ RunTime:0.0006s ]
INFO: [ view_parse ] --START--
INFO: [ template_filter ] --START--
INFO: Run Behavior\ContentReplaceBehavior [ RunTime:0.000110s ]
INFO: [ template_filter ] --END-- [ RunTime:0.000158s ]
INFO: Run Behavior\ParseTemplateBehavior [ RunTime:0.046024s ]
INFO: [ view_parse ] --END-- [ RunTime:0.046095s ]
INFO: [ view_filter ] --START--
INFO: Run Behavior\WriteHtmlCacheBehavior [ RunTime:0.000479s ]
INFO: [ view_filter ] --END-- [ RunTime:0.000515s ]
INFO: [ app_end ] --START--
INFO: Run Behavior\ShowPageTraceBehavior [ RunTime:0.001160s ]
INFO: [ app_end ] --END-- [ RunTime:0.001223s ]

[ 2015-04-27T15:52:36+08:00 ] ::1 /1001hotel/index.php/Home/Index/index.html
INFO: [ app_init ] --START--
INFO: Run Behavior\BuildLiteBehavior [ RunTime:0.000014s ]
INFO: [ app_init ] --END-- [ RunTime:0.000450s ]
INFO: [ app_begin ] --START--
INFO: Run Behavior\ReadHtmlCacheBehavior [ RunTime:0.000791s ]
INFO: [ app_begin ] --END-- [ RunTime:0.000848s ]
SQL: SHOW COLUMNS FROM `atype_info` [ RunTime:0.0441s ]
SQL: SELECT * FROM `atype_info` WHERE ( id = 10 ) LIMIT 1   [ RunTime:0.0005s ]
SQL: SELECT * FROM `atype_info` WHERE ( type_id = 104 ) ORDER BY num desc  [ RunTime:0.0006s ]
SQL: SELECT * FROM `atype_info` WHERE ( type_id = 102 ) ORDER BY num desc  [ RunTime:0.0005s ]
SQL: SELECT * FROM `atype_info` WHERE ( id = 98 ) LIMIT 1   [ RunTime:0.0004s ]
INFO: [ view_parse ] --START--
INFO: [ template_filter ] --START--
INFO: Run Behavior\ContentReplaceBehavior [ RunTime:0.000077s ]
INFO: [ template_filter ] --END-- [ RunTime:0.000141s ]
INFO: Run Behavior\ParseTemplateBehavior [ RunTime:0.018717s ]
INFO: [ view_parse ] --END-- [ RunTime:0.018795s ]
INFO: [ view_filter ] --START--
INFO: Run Behavior\WriteHtmlCacheBehavior [ RunTime:0.000495s ]
INFO: [ view_filter ] --END-- [ RunTime:0.000535s ]
INFO: [ app_end ] --START--
INFO: Run Behavior\ShowPageTraceBehavior [ RunTime:0.000984s ]
INFO: [ app_end ] --END-- [ RunTime:0.001035s ]

[ 2015-04-27T15:52:58+08:00 ] ::1 /1001hotel/index.php/Home/About/index.html
INFO: [ app_init ] --START--
INFO: Run Behavior\BuildLiteBehavior [ RunTime:0.000013s ]
INFO: [ app_init ] --END-- [ RunTime:0.000434s ]
INFO: [ app_begin ] --START--
INFO: Run Behavior\ReadHtmlCacheBehavior [ RunTime:0.000701s ]
INFO: [ app_begin ] --END-- [ RunTime:0.000749s ]
SQL: SHOW COLUMNS FROM `atype_info` [ RunTime:0.0586s ]
SQL: SELECT * FROM `atype_info` WHERE ( id = 10 ) LIMIT 1   [ RunTime:0.0007s ]
SQL: SELECT * FROM `atype_info` WHERE ( type_id = 104 ) ORDER BY num desc  [ RunTime:0.0006s ]
SQL: SELECT * FROM `atype_info` WHERE ( id = 57 ) LIMIT 1   [ RunTime:0.0003s ]
SQL: SELECT * FROM `atype_info` WHERE ( id = 11 ) LIMIT 1   [ RunTime:0.0003s ]
SQL: SELECT * FROM `atype_info` WHERE ( id = 12 ) LIMIT 1   [ RunTime:0.0003s ]
SQL: SELECT * FROM `atype_info` WHERE ( id = 13 ) LIMIT 1   [ RunTime:0.0002s ]
SQL: SELECT * FROM `atype_info` WHERE ( id = 14 ) LIMIT 1   [ RunTime:0.0003s ]
SQL: SELECT * FROM `atype_info` WHERE ( id = 15 ) LIMIT 1   [ RunTime:0.0003s ]
SQL: SELECT * FROM `atype_info` WHERE ( id = 16 ) LIMIT 1   [ RunTime:0.0006s ]
SQL: SELECT * FROM `atype_info` WHERE ( id = 17 ) LIMIT 1   [ RunTime:0.0003s ]
SQL: SELECT * FROM `atype_info` WHERE ( id = 18 ) LIMIT 1   [ RunTime:0.0003s ]
SQL: SELECT * FROM `atype_info` WHERE ( id = 19 ) LIMIT 1   [ RunTime:0.0003s ]
SQL: SELECT * FROM `atype_info` WHERE ( id = 20 ) LIMIT 1   [ RunTime:0.0003s ]
SQL: SELECT * FROM `atype_info` WHERE ( type_id = 91 ) ORDER BY num desc  [ RunTime:0.0004s ]
SQL: SELECT * FROM `atype_info` WHERE ( type_id = 92 ) ORDER BY num desc  [ RunTime:0.0003s ]
INFO: [ view_parse ] --START--
INFO: [ template_filter ] --START--
INFO: Run Behavior\ContentReplaceBehavior [ RunTime:0.000109s ]
INFO: [ template_filter ] --END-- [ RunTime:0.000153s ]
INFO: Run Behavior\ParseTemplateBehavior [ RunTime:0.020787s ]
INFO: [ view_parse ] --END-- [ RunTime:0.020841s ]
INFO: [ view_filter ] --START--
INFO: Run Behavior\WriteHtmlCacheBehavior [ RunTime:0.000476s ]
INFO: [ view_filter ] --END-- [ RunTime:0.000514s ]
INFO: [ app_end ] --START--
INFO: Run Behavior\ShowPageTraceBehavior [ RunTime:0.000955s ]
INFO: [ app_end ] --END-- [ RunTime:0.001019s ]

[ 2015-04-27T15:57:15+08:00 ] ::1 /1001hotel/index.php/Home/System/index.html
INFO: [ app_init ] --START--
INFO: Run Behavior\BuildLiteBehavior [ RunTime:0.000012s ]
INFO: [ app_init ] --END-- [ RunTime:0.000401s ]
INFO: [ app_begin ] --START--
INFO: Run Behavior\ReadHtmlCacheBehavior [ RunTime:0.000696s ]
INFO: [ app_begin ] --END-- [ RunTime:0.000742s ]
SQL: SHOW COLUMNS FROM `atype_info` [ RunTime:0.0199s ]
SQL: SELECT * FROM `atype_info` WHERE ( id = 10 ) LIMIT 1   [ RunTime:0.0004s ]
SQL: SELECT * FROM `atype_info` WHERE ( type_id = 104 ) ORDER BY num desc  [ RunTime:0.0004s ]
SQL: SELECT * FROM `atype_info` WHERE ( type_id = 94 ) ORDER BY num desc  [ RunTime:0.0004s ]
SQL: SELECT * FROM `atype_info` WHERE ( type_id = 96 ) ORDER BY num desc  [ RunTime:0.0004s ]
SQL: SELECT * FROM `atype_info` WHERE ( id = 37 ) LIMIT 1   [ RunTime:0.0002s ]
SQL: SELECT * FROM `atype_info` WHERE ( id = 36 ) LIMIT 1   [ RunTime:0.0002s ]
SQL: SELECT * FROM `atype_info` WHERE ( id = 35 ) LIMIT 1   [ RunTime:0.0002s ]
SQL: SELECT * FROM `atype_info` WHERE ( id = 34 ) LIMIT 1   [ RunTime:0.0002s ]
SQL: SELECT * FROM `atype_info` WHERE ( type_id = 100 ) ORDER BY num desc  [ RunTime:0.0004s ]
SQL: SELECT * FROM `atype_info` WHERE ( type_id = 107 ) ORDER BY num desc  [ RunTime:0.0006s ]
SQL: SELECT * FROM `atype_info` WHERE ( type_id = 109 ) ORDER BY num desc  [ RunTime:0.0004s ]
SQL: SELECT * FROM `atype_info` WHERE ( id = 75 ) LIMIT 1   [ RunTime:0.0003s ]
SQL: SELECT * FROM `atype_info` WHERE ( id = 97 ) LIMIT 1   [ RunTime:0.0003s ]
INFO: [ view_parse ] --START--
INFO: [ template_filter ] --START--
INFO: Run Behavior\ContentReplaceBehavior [ RunTime:0.000109s ]
INFO: [ template_filter ] --END-- [ RunTime:0.000152s ]
INFO: Run Behavior\ParseTemplateBehavior [ RunTime:0.027015s ]
INFO: [ view_parse ] --END-- [ RunTime:0.027070s ]
INFO: [ view_filter ] --START--
INFO: Run Behavior\WriteHtmlCacheBehavior [ RunTime:0.000475s ]
INFO: [ view_filter ] --END-- [ RunTime:0.000511s ]
INFO: [ app_end ] --START--
INFO: Run Behavior\ShowPageTraceBehavior [ RunTime:0.001744s ]
INFO: [ app_end ] --END-- [ RunTime:0.001810s ]

[ 2015-04-27T15:57:28+08:00 ] ::1 /1001hotel/index.php/Home/Union/index.html
INFO: [ app_init ] --START--
INFO: Run Behavior\BuildLiteBehavior [ RunTime:0.000014s ]
INFO: [ app_init ] --END-- [ RunTime:0.000397s ]
INFO: [ app_begin ] --START--
INFO: Run Behavior\ReadHtmlCacheBehavior [ RunTime:0.000688s ]
INFO: [ app_begin ] --END-- [ RunTime:0.000735s ]
SQL: SHOW COLUMNS FROM `atype_info` [ RunTime:0.0205s ]
SQL: SELECT * FROM `atype_info` WHERE ( id = 10 ) LIMIT 1   [ RunTime:0.0005s ]
SQL: SELECT * FROM `atype_info` WHERE ( type_id = 104 ) ORDER BY num desc  [ RunTime:0.0006s ]
SQL: SELECT * FROM `atype_info` WHERE ( id = 78  ) LIMIT 1   [ RunTime:0.0010s ]
SQL: SELECT * FROM `atype_info` WHERE ( id = 77  ) LIMIT 1   [ RunTime:0.0004s ]
SQL: SELECT * FROM `atype_info` WHERE ( id = 76  ) LIMIT 1   [ RunTime:0.0003s ]
INFO: [ view_parse ] --START--
INFO: [ template_filter ] --START--
INFO: Run Behavior\ContentReplaceBehavior [ RunTime:0.000072s ]
INFO: [ template_filter ] --END-- [ RunTime:0.000118s ]
INFO: Run Behavior\ParseTemplateBehavior [ RunTime:0.035100s ]
INFO: [ view_parse ] --END-- [ RunTime:0.035195s ]
INFO: [ view_filter ] --START--
INFO: Run Behavior\WriteHtmlCacheBehavior [ RunTime:0.000588s ]
INFO: [ view_filter ] --END-- [ RunTime:0.000633s ]
INFO: [ app_end ] --START--
INFO: Run Behavior\ShowPageTraceBehavior [ RunTime:0.001087s ]
INFO: [ app_end ] --END-- [ RunTime:0.001174s ]

[ 2015-04-27T15:59:04+08:00 ] ::1 /1001hotel/index.php/Home/Buiding/index.html
INFO: [ app_init ] --START--
INFO: Run Behavior\BuildLiteBehavior [ RunTime:0.000014s ]
INFO: [ app_init ] --END-- [ RunTime:0.000476s ]
INFO: [ app_begin ] --START--
INFO: Run Behavior\ReadHtmlCacheBehavior [ RunTime:0.000694s ]
INFO: [ app_begin ] --END-- [ RunTime:0.000742s ]
SQL: SHOW COLUMNS FROM `atype_info` [ RunTime:0.0279s ]
SQL: SELECT * FROM `atype_info` WHERE ( id = 10 ) LIMIT 1   [ RunTime:0.0005s ]
SQL: SELECT * FROM `atype_info` WHERE ( type_id = 104 ) ORDER BY num desc  [ RunTime:0.0006s ]
SQL: SELECT * FROM `atype_info` WHERE ( type_id = 121 ) ORDER BY num desc LIMIT 20   [ RunTime:0.0006s ]
SQL: SELECT * FROM `atype_info` WHERE ( id = 91 ) LIMIT 1   [ RunTime:0.0004s ]
INFO: [ view_parse ] --START--
INFO: [ template_filter ] --START--
INFO: Run Behavior\ContentReplaceBehavior [ RunTime:0.000080s ]
INFO: [ template_filter ] --END-- [ RunTime:0.000144s ]
INFO: Run Behavior\ParseTemplateBehavior [ RunTime:0.023410s ]
INFO: [ view_parse ] --END-- [ RunTime:0.023485s ]
INFO: [ view_filter ] --START--
INFO: Run Behavior\WriteHtmlCacheBehavior [ RunTime:0.000644s ]
INFO: [ view_filter ] --END-- [ RunTime:0.000690s ]
INFO: [ app_end ] --START--
INFO: Run Behavior\ShowPageTraceBehavior [ RunTime:0.000852s ]
INFO: [ app_end ] --END-- [ RunTime:0.000901s ]

[ 2015-04-27T15:59:33+08:00 ] ::1 /1001hotel/index.php/Home/Info/index.html
INFO: [ app_init ] --START--
INFO: Run Behavior\BuildLiteBehavior [ RunTime:0.000013s ]
INFO: [ app_init ] --END-- [ RunTime:0.000373s ]
INFO: [ app_begin ] --START--
INFO: Run Behavior\ReadHtmlCacheBehavior [ RunTime:0.000701s ]
INFO: [ app_begin ] --END-- [ RunTime:0.000750s ]
SQL: SHOW COLUMNS FROM `atype_info` [ RunTime:0.0429s ]
SQL: SELECT * FROM `atype_info` WHERE ( id = 10 ) LIMIT 1   [ RunTime:0.0006s ]
SQL: SELECT * FROM `atype_info` WHERE ( type_id = 104 ) ORDER BY num desc  [ RunTime:0.0008s ]
NOTIC: [8] Undefined index: type_id E:\xampp\htdocs\1001hotel\Application\Home\Controller\InfoController.class.php 第 12 行.
SQL: SELECT * FROM `atype_info` WHERE `type_id` IN (115,116,117,118,119) ORDER BY num desc LIMIT 20   [ RunTime:0.0007s ]
INFO: [ view_parse ] --START--
INFO: [ template_filter ] --START--
INFO: Run Behavior\ContentReplaceBehavior [ RunTime:0.000076s ]
INFO: [ template_filter ] --END-- [ RunTime:0.000122s ]
NOTIC: [8] Undefined index: type_id E:\xampp\htdocs\1001hotel\Application\Runtime\Cache\Home\3f36e03cb4a38b2ed27bc75332298af5.php 第 37 行.
NOTIC: [8] Undefined index: type_id E:\xampp\htdocs\1001hotel\Application\Runtime\Cache\Home\3f36e03cb4a38b2ed27bc75332298af5.php 第 38 行.
NOTIC: [8] Undefined index: type_id E:\xampp\htdocs\1001hotel\Application\Runtime\Cache\Home\3f36e03cb4a38b2ed27bc75332298af5.php 第 39 行.
NOTIC: [8] Undefined index: type_id E:\xampp\htdocs\1001hotel\Application\Runtime\Cache\Home\3f36e03cb4a38b2ed27bc75332298af5.php 第 40 行.
NOTIC: [8] Undefined index: type_id E:\xampp\htdocs\1001hotel\Application\Runtime\Cache\Home\3f36e03cb4a38b2ed27bc75332298af5.php 第 41 行.
NOTIC: [8] Undefined variable: keyword E:\xampp\htdocs\1001hotel\Application\Runtime\Cache\Home\3f36e03cb4a38b2ed27bc75332298af5.php 第 45 行.
NOTIC: [8] Undefined index: type_id E:\xampp\htdocs\1001hotel\Application\Runtime\Cache\Home\3f36e03cb4a38b2ed27bc75332298af5.php 第 87 行.
INFO: Run Behavior\ParseTemplateBehavior [ RunTime:0.034311s ]
INFO: [ view_parse ] --END-- [ RunTime:0.034370s ]
INFO: [ view_filter ] --START--
INFO: Run Behavior\WriteHtmlCacheBehavior [ RunTime:0.000609s ]
INFO: [ view_filter ] --END-- [ RunTime:0.000647s ]
INFO: [ app_end ] --START--
INFO: Run Behavior\ShowPageTraceBehavior [ RunTime:0.000918s ]
INFO: [ app_end ] --END-- [ RunTime:0.001052s ]

[ 2015-04-27T15:59:59+08:00 ] ::1 /1001hotel/index.php/Home/Join/index.html
INFO: [ app_init ] --START--
INFO: Run Behavior\BuildLiteBehavior [ RunTime:0.000013s ]
INFO: [ app_init ] --END-- [ RunTime:0.000384s ]
INFO: [ app_begin ] --START--
INFO: Run Behavior\ReadHtmlCacheBehavior [ RunTime:0.000726s ]
INFO: [ app_begin ] --END-- [ RunTime:0.000801s ]
SQL: SHOW COLUMNS FROM `atype_info` [ RunTime:0.0200s ]
SQL: SELECT * FROM `atype_info` WHERE ( id = 10 ) LIMIT 1   [ RunTime:0.0005s ]
SQL: SELECT * FROM `atype_info` WHERE ( type_id = 104 ) ORDER BY num desc  [ RunTime:0.0005s ]
SQL: SHOW COLUMNS FROM `atype` [ RunTime:0.0156s ]
SQL: SELECT * FROM `atype` WHERE ( type_id = 126 )  [ RunTime:0.0003s ]
SQL: SELECT * FROM `atype_info` WHERE ( type_id = 124 ) ORDER BY num desc  [ RunTime:0.0004s ]
INFO: [ view_parse ] --START--
INFO: [ template_filter ] --START--
INFO: Run Behavior\ContentReplaceBehavior [ RunTime:0.000064s ]
INFO: [ template_filter ] --END-- [ RunTime:0.000110s ]
INFO: Run Behavior\ParseTemplateBehavior [ RunTime:0.016182s ]
INFO: [ view_parse ] --END-- [ RunTime:0.016248s ]
INFO: [ view_filter ] --START--
INFO: Run Behavior\WriteHtmlCacheBehavior [ RunTime:0.000495s ]
INFO: [ view_filter ] --END-- [ RunTime:0.000536s ]
INFO: [ app_end ] --START--
INFO: Run Behavior\ShowPageTraceBehavior [ RunTime:0.000778s ]
INFO: [ app_end ] --END-- [ RunTime:0.000817s ]

[ 2015-04-27T16:06:32+08:00 ] ::1 /1001hotel/index.php/Home/About/index.html
INFO: [ app_init ] --START--
INFO: Run Behavior\BuildLiteBehavior [ RunTime:0.000014s ]
INFO: [ app_init ] --END-- [ RunTime:0.000373s ]
INFO: [ app_begin ] --START--
INFO: Run Behavior\ReadHtmlCacheBehavior [ RunTime:0.000928s ]
INFO: [ app_begin ] --END-- [ RunTime:0.000991s ]
SQL: SHOW COLUMNS FROM `atype_info` [ RunTime:0.0406s ]
SQL: SELECT * FROM `atype_info` WHERE ( id = 10 ) LIMIT 1   [ RunTime:0.0007s ]
SQL: SELECT * FROM `atype_info` WHERE ( type_id = 104 ) ORDER BY num desc  [ RunTime:0.0009s ]
SQL: SELECT * FROM `atype_info` WHERE ( id = 57 ) LIMIT 1   [ RunTime:0.0006s ]
SQL: SELECT * FROM `atype_info` WHERE ( id = 11 ) LIMIT 1   [ RunTime:0.0005s ]
SQL: SELECT * FROM `atype_info` WHERE ( id = 12 ) LIMIT 1   [ RunTime:0.0005s ]
SQL: SELECT * FROM `atype_info` WHERE ( id = 13 ) LIMIT 1   [ RunTime:0.0006s ]
SQL: SELECT * FROM `atype_info` WHERE ( id = 14 ) LIMIT 1   [ RunTime:0.0004s ]
SQL: SELECT * FROM `atype_info` WHERE ( id = 15 ) LIMIT 1   [ RunTime:0.0003s ]
SQL: SELECT * FROM `atype_info` WHERE ( id = 16 ) LIMIT 1   [ RunTime:0.0003s ]
SQL: SELECT * FROM `atype_info` WHERE ( id = 17 ) LIMIT 1   [ RunTime:0.0003s ]
SQL: SELECT * FROM `atype_info` WHERE ( id = 18 ) LIMIT 1   [ RunTime:0.0003s ]
SQL: SELECT * FROM `atype_info` WHERE ( id = 19 ) LIMIT 1   [ RunTime:0.0003s ]
SQL: SELECT * FROM `atype_info` WHERE ( id = 20 ) LIMIT 1   [ RunTime:0.0003s ]
SQL: SELECT * FROM `atype_info` WHERE ( type_id = 91 ) ORDER BY num desc  [ RunTime:0.0004s ]
SQL: SELECT * FROM `atype_info` WHERE ( type_id = 92 ) ORDER BY num desc  [ RunTime:0.0004s ]
INFO: [ view_parse ] --START--
INFO: [ template_filter ] --START--
INFO: Run Behavior\ContentReplaceBehavior [ RunTime:0.000112s ]
INFO: [ template_filter ] --END-- [ RunTime:0.000159s ]
INFO: Run Behavior\ParseTemplateBehavior [ RunTime:0.021065s ]
INFO: [ view_parse ] --END-- [ RunTime:0.021121s ]
INFO: [ view_filter ] --START--
INFO: Run Behavior\WriteHtmlCacheBehavior [ RunTime:0.000510s ]
INFO: [ view_filter ] --END-- [ RunTime:0.000548s ]
INFO: [ app_end ] --START--
INFO: Run Behavior\ShowPageTraceBehavior [ RunTime:0.001009s ]
INFO: [ app_end ] --END-- [ RunTime:0.001074s ]

[ 2015-04-27T16:07:10+08:00 ] ::1 /1001hotel/index.php/Home/About/index.html
INFO: [ app_init ] --START--
INFO: Run Behavior\BuildLiteBehavior [ RunTime:0.000013s ]
INFO: [ app_init ] --END-- [ RunTime:0.000404s ]
INFO: [ app_begin ] --START--
INFO: Run Behavior\ReadHtmlCacheBehavior [ RunTime:0.000719s ]
INFO: [ app_begin ] --END-- [ RunTime:0.000781s ]
SQL: SHOW COLUMNS FROM `atype_info` [ RunTime:0.0336s ]
SQL: SELECT * FROM `atype_info` WHERE ( id = 10 ) LIMIT 1   [ RunTime:0.0005s ]
SQL: SELECT * FROM `atype_info` WHERE ( type_id = 104 ) ORDER BY num desc  [ RunTime:0.0008s ]
SQL: SELECT * FROM `atype_info` WHERE ( id = 57 ) LIMIT 1   [ RunTime:0.0004s ]
SQL: SELECT * FROM `atype_info` WHERE ( id = 11 ) LIMIT 1   [ RunTime:0.0004s ]
SQL: SELECT * FROM `atype_info` WHERE ( id = 12 ) LIMIT 1   [ RunTime:0.0004s ]
SQL: SELECT * FROM `atype_info` WHERE ( id = 13 ) LIMIT 1   [ RunTime:0.0004s ]
SQL: SELECT * FROM `atype_info` WHERE ( id = 14 ) LIMIT 1   [ RunTime:0.0004s ]
SQL: SELECT * FROM `atype_info` WHERE ( id = 15 ) LIMIT 1   [ RunTime:0.0007s ]
SQL: SELECT * FROM `atype_info` WHERE ( id = 16 ) LIMIT 1   [ RunTime:0.0004s ]
SQL: SELECT * FROM `atype_info` WHERE ( id = 17 ) LIMIT 1   [ RunTime:0.0004s ]
SQL: SELECT * FROM `atype_info` WHERE ( id = 18 ) LIMIT 1   [ RunTime:0.0003s ]
SQL: SELECT * FROM `atype_info` WHERE ( id = 19 ) LIMIT 1   [ RunTime:0.0003s ]
SQL: SELECT * FROM `atype_info` WHERE ( id = 20 ) LIMIT 1   [ RunTime:0.0003s ]
SQL: SELECT * FROM `atype_info` WHERE ( type_id = 91 ) ORDER BY num desc  [ RunTime:0.0006s ]
SQL: SELECT * FROM `atype_info` WHERE ( type_id = 92 ) ORDER BY num desc  [ RunTime:0.0006s ]
INFO: [ view_parse ] --START--
INFO: [ template_filter ] --START--
INFO: Run Behavior\ContentReplaceBehavior [ RunTime:0.000140s ]
INFO: [ template_filter ] --END-- [ RunTime:0.000196s ]
INFO: Run Behavior\ParseTemplateBehavior [ RunTime:0.025284s ]
INFO: [ view_parse ] --END-- [ RunTime:0.025367s ]
INFO: [ view_filter ] --START--
INFO: Run Behavior\WriteHtmlCacheBehavior [ RunTime:0.000576s ]
INFO: [ view_filter ] --END-- [ RunTime:0.000623s ]
INFO: [ app_end ] --START--
INFO: Run Behavior\ShowPageTraceBehavior [ RunTime:0.000965s ]
INFO: [ app_end ] --END-- [ RunTime:0.001045s ]

[ 2015-04-27T16:53:53+08:00 ] ::1 /1001hotel/index.php/Home/About/index.html
INFO: [ app_init ] --START--
INFO: Run Behavior\BuildLiteBehavior [ RunTime:0.000013s ]
INFO: [ app_init ] --END-- [ RunTime:0.000407s ]
INFO: [ app_begin ] --START--
INFO: Run Behavior\ReadHtmlCacheBehavior [ RunTime:0.000809s ]
INFO: [ app_begin ] --END-- [ RunTime:0.000855s ]
SQL: SHOW COLUMNS FROM `atype_info` [ RunTime:0.0436s ]
SQL: SELECT * FROM `atype_info` WHERE ( id = 10 ) LIMIT 1   [ RunTime:0.0006s ]
SQL: SELECT * FROM `atype_info` WHERE ( type_id = 104 ) ORDER BY num desc  [ RunTime:0.0008s ]
SQL: SELECT * FROM `atype_info` WHERE ( id = 57 ) LIMIT 1   [ RunTime:0.0004s ]
SQL: SELECT * FROM `atype_info` WHERE ( id = 11 ) LIMIT 1   [ RunTime:0.0004s ]
SQL: SELECT * FROM `atype_info` WHERE ( id = 12 ) LIMIT 1   [ RunTime:0.0004s ]
SQL: SELECT * FROM `atype_info` WHERE ( id = 13 ) LIMIT 1   [ RunTime:0.0004s ]
SQL: SELECT * FROM `atype_info` WHERE ( id = 14 ) LIMIT 1   [ RunTime:0.0004s ]
SQL: SELECT * FROM `atype_info` WHERE ( id = 15 ) LIMIT 1   [ RunTime:0.0004s ]
SQL: SELECT * FROM `atype_info` WHERE ( id = 16 ) LIMIT 1   [ RunTime:0.0004s ]
SQL: SELECT * FROM `atype_info` WHERE ( id = 17 ) LIMIT 1   [ RunTime:0.0004s ]
SQL: SELECT * FROM `atype_info` WHERE ( id = 18 ) LIMIT 1   [ RunTime:0.0004s ]
SQL: SELECT * FROM `atype_info` WHERE ( id = 19 ) LIMIT 1   [ RunTime:0.0010s ]
SQL: SELECT * FROM `atype_info` WHERE ( id = 20 ) LIMIT 1   [ RunTime:0.0005s ]
SQL: SELECT * FROM `atype_info` WHERE ( type_id = 91 ) ORDER BY num desc  [ RunTime:0.0007s ]
SQL: SELECT * FROM `atype_info` WHERE ( type_id = 92 ) ORDER BY num desc  [ RunTime:0.0007s ]
INFO: [ view_parse ] --START--
INFO: [ template_filter ] --START--
INFO: Run Behavior\ContentReplaceBehavior [ RunTime:0.000106s ]
INFO: [ template_filter ] --END-- [ RunTime:0.000148s ]
INFO: Run Behavior\ParseTemplateBehavior [ RunTime:0.040593s ]
INFO: [ view_parse ] --END-- [ RunTime:0.040649s ]
INFO: [ view_filter ] --START--
INFO: Run Behavior\WriteHtmlCacheBehavior [ RunTime:0.000435s ]
INFO: [ view_filter ] --END-- [ RunTime:0.000480s ]
INFO: [ app_end ] --START--
INFO: Run Behavior\ShowPageTraceBehavior [ RunTime:0.001055s ]
INFO: [ app_end ] --END-- [ RunTime:0.001109s ]

[ 2015-04-27T16:55:00+08:00 ] ::1 /1001hotel/index.php/Home/About/index.html
INFO: [ app_init ] --START--
INFO: Run Behavior\BuildLiteBehavior [ RunTime:0.000013s ]
INFO: [ app_init ] --END-- [ RunTime:0.000420s ]
INFO: [ app_begin ] --START--
INFO: Run Behavior\ReadHtmlCacheBehavior [ RunTime:0.000791s ]
INFO: [ app_begin ] --END-- [ RunTime:0.000846s ]
SQL: SHOW COLUMNS FROM `atype_info` [ RunTime:0.0370s ]
SQL: SELECT * FROM `atype_info` WHERE ( id = 10 ) LIMIT 1   [ RunTime:0.0004s ]
SQL: SELECT * FROM `atype_info` WHERE ( type_id = 104 ) ORDER BY num desc  [ RunTime:0.0005s ]
SQL: SELECT * FROM `atype_info` WHERE ( id = 57 ) LIMIT 1   [ RunTime:0.0003s ]
SQL: SELECT * FROM `atype_info` WHERE ( id = 11 ) LIMIT 1   [ RunTime:0.0003s ]
SQL: SELECT * FROM `atype_info` WHERE ( id = 12 ) LIMIT 1   [ RunTime:0.0003s ]
SQL: SELECT * FROM `atype_info` WHERE ( id = 13 ) LIMIT 1   [ RunTime:0.0002s ]
SQL: SELECT * FROM `atype_info` WHERE ( id = 14 ) LIMIT 1   [ RunTime:0.0002s ]
SQL: SELECT * FROM `atype_info` WHERE ( id = 15 ) LIMIT 1   [ RunTime:0.0002s ]
SQL: SELECT * FROM `atype_info` WHERE ( id = 16 ) LIMIT 1   [ RunTime:0.0002s ]
SQL: SELECT * FROM `atype_info` WHERE ( id = 17 ) LIMIT 1   [ RunTime:0.0002s ]
SQL: SELECT * FROM `atype_info` WHERE ( id = 18 ) LIMIT 1   [ RunTime:0.0002s ]
SQL: SELECT * FROM `atype_info` WHERE ( id = 19 ) LIMIT 1   [ RunTime:0.0002s ]
SQL: SELECT * FROM `atype_info` WHERE ( id = 20 ) LIMIT 1   [ RunTime:0.0002s ]
SQL: SELECT * FROM `atype_info` WHERE ( type_id = 91 ) ORDER BY num desc  [ RunTime:0.0003s ]
SQL: SELECT * FROM `atype_info` WHERE ( type_id = 92 ) ORDER BY num desc  [ RunTime:0.0003s ]
INFO: [ view_parse ] --START--
INFO: [ template_filter ] --START--
INFO: Run Behavior\ContentReplaceBehavior [ RunTime:0.000121s ]
INFO: [ template_filter ] --END-- [ RunTime:0.000172s ]
INFO: Run Behavior\ParseTemplateBehavior [ RunTime:0.022179s ]
INFO: [ view_parse ] --END-- [ RunTime:0.022300s ]
INFO: [ view_filter ] --START--
INFO: Run Behavior\WriteHtmlCacheBehavior [ RunTime:0.000419s ]
INFO: [ view_filter ] --END-- [ RunTime:0.000452s ]
INFO: [ app_end ] --START--
INFO: Run Behavior\ShowPageTraceBehavior [ RunTime:0.000914s ]
INFO: [ app_end ] --END-- [ RunTime:0.000988s ]

[ 2015-04-27T16:55:04+08:00 ] ::1 /1001hotel/index.php/Home/Join/index.html
INFO: [ app_init ] --START--
INFO: Run Behavior\BuildLiteBehavior [ RunTime:0.000014s ]
INFO: [ app_init ] --END-- [ RunTime:0.000444s ]
INFO: [ app_begin ] --START--
INFO: Run Behavior\ReadHtmlCacheBehavior [ RunTime:0.000742s ]
INFO: [ app_begin ] --END-- [ RunTime:0.000799s ]
SQL: SHOW COLUMNS FROM `atype_info` [ RunTime:0.0398s ]
SQL: SELECT * FROM `atype_info` WHERE ( id = 10 ) LIMIT 1   [ RunTime:0.0005s ]
SQL: SELECT * FROM `atype_info` WHERE ( type_id = 104 ) ORDER BY num desc  [ RunTime:0.0005s ]
SQL: SHOW COLUMNS FROM `atype` [ RunTime:0.0192s ]
SQL: SELECT * FROM `atype` WHERE ( type_id = 126 )  [ RunTime:0.0005s ]
SQL: SELECT * FROM `atype_info` WHERE ( type_id = 124 ) ORDER BY num desc  [ RunTime:0.0004s ]
INFO: [ view_parse ] --START--
INFO: [ template_filter ] --START--
INFO: Run Behavior\ContentReplaceBehavior [ RunTime:0.000062s ]
INFO: [ template_filter ] --END-- [ RunTime:0.000106s ]
INFO: Run Behavior\ParseTemplateBehavior [ RunTime:0.010174s ]
INFO: [ view_parse ] --END-- [ RunTime:0.010244s ]
INFO: [ view_filter ] --START--
INFO: Run Behavior\WriteHtmlCacheBehavior [ RunTime:0.000446s ]
INFO: [ view_filter ] --END-- [ RunTime:0.000485s ]
INFO: [ app_end ] --START--
INFO: Run Behavior\ShowPageTraceBehavior [ RunTime:0.000663s ]
INFO: [ app_end ] --END-- [ RunTime:0.000700s ]

[ 2015-04-27T16:55:35+08:00 ] ::1 /1001hotel/index.php/Home/Join/handle.html
INFO: [ app_init ] --START--
INFO: Run Behavior\BuildLiteBehavior [ RunTime:0.000013s ]
INFO: [ app_init ] --END-- [ RunTime:0.000444s ]
INFO: [ app_begin ] --START--
INFO: Run Behavior\ReadHtmlCacheBehavior [ RunTime:0.000634s ]
INFO: [ app_begin ] --END-- [ RunTime:0.000680s ]
SQL: SHOW COLUMNS FROM `atype_info` [ RunTime:0.0285s ]
SQL: SELECT * FROM `atype_info` WHERE ( id = 10 ) LIMIT 1   [ RunTime:0.0006s ]
SQL: SELECT * FROM `atype_info` WHERE ( type_id = 104 ) ORDER BY num desc  [ RunTime:0.0006s ]
SQL: SHOW COLUMNS FROM `atype` [ RunTime:0.0155s ]
SQL: SELECT * FROM `atype` WHERE ( id = 128 ) LIMIT 1   [ RunTime:0.0004s ]
SQL: INSERT INTO `atype_info` (`type_id`,`num`,`cn_name`,`cn_title`,`cn_description`,`date1`) VALUES ('128','20','业务资讯2015-04-27 16:55:33','137084553@qq.com','测试客户提供邮箱','2015-04-27 16:55:33') [ RunTime:0.0004s ]
INFO: [ view_parse ] --START--
INFO: [ template_filter ] --START--
INFO: Run Behavior\ContentReplaceBehavior [ RunTime:0.000114s ]
INFO: [ template_filter ] --END-- [ RunTime:0.000231s ]
INFO: Run Behavior\ParseTemplateBehavior [ RunTime:0.029993s ]
INFO: [ view_parse ] --END-- [ RunTime:0.030155s ]
INFO: [ view_filter ] --START--
INFO: Run Behavior\WriteHtmlCacheBehavior [ RunTime:0.001170s ]
INFO: [ view_filter ] --END-- [ RunTime:0.001274s ]
INFO: [ app_end ] --START--
INFO: Run Behavior\ShowPageTraceBehavior [ RunTime:0.001085s ]
INFO: [ app_end ] --END-- [ RunTime:0.001191s ]

[ 2015-04-27T16:55:37+08:00 ] ::1 /1001hotel/index.php/Home/Join/index.html
INFO: [ app_init ] --START--
INFO: Run Behavior\BuildLiteBehavior [ RunTime:0.000020s ]
INFO: [ app_init ] --END-- [ RunTime:0.000665s ]
INFO: [ app_begin ] --START--
INFO: Run Behavior\ReadHtmlCacheBehavior [ RunTime:0.001110s ]
INFO: [ app_begin ] --END-- [ RunTime:0.001176s ]
SQL: SHOW COLUMNS FROM `atype_info` [ RunTime:0.0447s ]
SQL: SELECT * FROM `atype_info` WHERE ( id = 10 ) LIMIT 1   [ RunTime:0.0006s ]
SQL: SELECT * FROM `atype_info` WHERE ( type_id = 104 ) ORDER BY num desc  [ RunTime:0.0007s ]
SQL: SHOW COLUMNS FROM `atype` [ RunTime:0.0187s ]
SQL: SELECT * FROM `atype` WHERE ( type_id = 126 )  [ RunTime:0.0003s ]
SQL: SELECT * FROM `atype_info` WHERE ( type_id = 124 ) ORDER BY num desc  [ RunTime:0.0004s ]
INFO: [ view_parse ] --START--
INFO: [ template_filter ] --START--
INFO: Run Behavior\ContentReplaceBehavior [ RunTime:0.000063s ]
INFO: [ template_filter ] --END-- [ RunTime:0.000107s ]
INFO: Run Behavior\ParseTemplateBehavior [ RunTime:0.010831s ]
INFO: [ view_parse ] --END-- [ RunTime:0.010902s ]
INFO: [ view_filter ] --START--
INFO: Run Behavior\WriteHtmlCacheBehavior [ RunTime:0.000726s ]
INFO: [ view_filter ] --END-- [ RunTime:0.000782s ]
INFO: [ app_end ] --START--
INFO: Run Behavior\ShowPageTraceBehavior [ RunTime:0.000801s ]
INFO: [ app_end ] --END-- [ RunTime:0.000853s ]

[ 2015-04-27T17:21:55+08:00 ] ::1 /1001hotel/index.php/Home/Join/index.html
INFO: [ app_init ] --START--
INFO: Run Behavior\BuildLiteBehavior [ RunTime:0.000015s ]
INFO: [ app_init ] --END-- [ RunTime:0.000453s ]
INFO: [ app_begin ] --START--
INFO: Run Behavior\ReadHtmlCacheBehavior [ RunTime:0.001033s ]
INFO: [ app_begin ] --END-- [ RunTime:0.001103s ]
SQL: SHOW COLUMNS FROM `atype_info` [ RunTime:0.0255s ]
SQL: SELECT * FROM `atype_info` WHERE ( id = 10 ) LIMIT 1   [ RunTime:0.0007s ]
SQL: SELECT * FROM `atype_info` WHERE ( type_id = 104 ) ORDER BY num desc  [ RunTime:0.0005s ]
SQL: SHOW COLUMNS FROM `atype` [ RunTime:0.0174s ]
SQL: SELECT * FROM `atype` WHERE ( type_id = 126 )  [ RunTime:0.0004s ]
SQL: SELECT * FROM `atype_info` WHERE ( type_id = 124 ) ORDER BY num desc  [ RunTime:0.0005s ]
INFO: [ view_parse ] --START--
INFO: [ template_filter ] --START--
INFO: Run Behavior\ContentReplaceBehavior [ RunTime:0.000064s ]
INFO: [ template_filter ] --END-- [ RunTime:0.000113s ]
INFO: Run Behavior\ParseTemplateBehavior [ RunTime:0.029111s ]
INFO: [ view_parse ] --END-- [ RunTime:0.029217s ]
INFO: [ view_filter ] --START--
INFO: Run Behavior\WriteHtmlCacheBehavior [ RunTime:0.000471s ]
INFO: [ view_filter ] --END-- [ RunTime:0.000513s ]
INFO: [ app_end ] --START--
INFO: Run Behavior\ShowPageTraceBehavior [ RunTime:0.000709s ]
INFO: [ app_end ] --END-- [ RunTime:0.000753s ]

[ 2015-04-27T17:22:18+08:00 ] ::1 /1001hotel/index.php/Home/Join/handle.html
INFO: [ app_init ] --START--
INFO: Run Behavior\BuildLiteBehavior [ RunTime:0.000013s ]
INFO: [ app_init ] --END-- [ RunTime:0.000371s ]
INFO: [ app_begin ] --START--
INFO: Run Behavior\ReadHtmlCacheBehavior [ RunTime:0.000719s ]
INFO: [ app_begin ] --END-- [ RunTime:0.000775s ]
SQL: SHOW COLUMNS FROM `atype_info` [ RunTime:0.0325s ]
SQL: SELECT * FROM `atype_info` WHERE ( id = 10 ) LIMIT 1   [ RunTime:0.0005s ]
SQL: SELECT * FROM `atype_info` WHERE ( type_id = 104 ) ORDER BY num desc  [ RunTime:0.0005s ]
SQL: SHOW COLUMNS FROM `atype` [ RunTime:0.0183s ]
SQL: SELECT * FROM `atype` WHERE ( id = 128 ) LIMIT 1   [ RunTime:0.0006s ]
SQL: INSERT INTO `atype_info` (`type_id`,`num`,`cn_name`,`cn_title`,`cn_description`,`date1`) VALUES ('128','20','业务资讯2015-04-27 17:22:16','137084553@qq.com','哈哈，测试一下。','2015-04-27 17:22:16') [ RunTime:0.0006s ]
INFO: [ view_parse ] --START--
INFO: [ template_filter ] --START--
INFO: Run Behavior\ContentReplaceBehavior [ RunTime:0.000058s ]
INFO: [ template_filter ] --END-- [ RunTime:0.000157s ]
INFO: Run Behavior\ParseTemplateBehavior [ RunTime:0.009813s ]
INFO: [ view_parse ] --END-- [ RunTime:0.009893s ]
INFO: [ view_filter ] --START--
INFO: Run Behavior\WriteHtmlCacheBehavior [ RunTime:0.000488s ]
INFO: [ view_filter ] --END-- [ RunTime:0.000535s ]
INFO: [ app_end ] --START--
INFO: Run Behavior\ShowPageTraceBehavior [ RunTime:0.000883s ]
INFO: [ app_end ] --END-- [ RunTime:0.000931s ]

[ 2015-04-27T17:22:20+08:00 ] ::1 /1001hotel/index.php/Home/Join/index.html
INFO: [ app_init ] --START--
INFO: Run Behavior\BuildLiteBehavior [ RunTime:0.000016s ]
INFO: [ app_init ] --END-- [ RunTime:0.000532s ]
INFO: [ app_begin ] --START--
INFO: Run Behavior\ReadHtmlCacheBehavior [ RunTime:0.000795s ]
INFO: [ app_begin ] --END-- [ RunTime:0.000881s ]
SQL: SHOW COLUMNS FROM `atype_info` [ RunTime:0.0285s ]
SQL: SELECT * FROM `atype_info` WHERE ( id = 10 ) LIMIT 1   [ RunTime:0.0004s ]
SQL: SELECT * FROM `atype_info` WHERE ( type_id = 104 ) ORDER BY num desc  [ RunTime:0.0004s ]
SQL: SHOW COLUMNS FROM `atype` [ RunTime:0.0162s ]
SQL: SELECT * FROM `atype` WHERE ( type_id = 126 )  [ RunTime:0.0004s ]
SQL: SELECT * FROM `atype_info` WHERE ( type_id = 124 ) ORDER BY num desc  [ RunTime:0.0006s ]
INFO: [ view_parse ] --START--
INFO: [ template_filter ] --START--
INFO: Run Behavior\ContentReplaceBehavior [ RunTime:0.000062s ]
INFO: [ template_filter ] --END-- [ RunTime:0.000106s ]
INFO: Run Behavior\ParseTemplateBehavior [ RunTime:0.010789s ]
INFO: [ view_parse ] --END-- [ RunTime:0.010889s ]
INFO: [ view_filter ] --START--
INFO: Run Behavior\WriteHtmlCacheBehavior [ RunTime:0.000501s ]
INFO: [ view_filter ] --END-- [ RunTime:0.000543s ]
INFO: [ app_end ] --START--
INFO: Run Behavior\ShowPageTraceBehavior [ RunTime:0.000698s ]
INFO: [ app_end ] --END-- [ RunTime:0.000745s ]

[ 2015-04-27T17:30:04+08:00 ] ::1 /1001hotel/index.php/Home/Join/index.html
INFO: [ app_init ] --START--
INFO: Run Behavior\BuildLiteBehavior [ RunTime:0.000011s ]
INFO: [ app_init ] --END-- [ RunTime:0.000409s ]
INFO: [ app_begin ] --START--
INFO: Run Behavior\ReadHtmlCacheBehavior [ RunTime:0.000620s ]
INFO: [ app_begin ] --END-- [ RunTime:0.000664s ]
SQL: SHOW COLUMNS FROM `atype_info` [ RunTime:0.0444s ]
SQL: SELECT * FROM `atype_info` WHERE ( id = 10 ) LIMIT 1   [ RunTime:0.0006s ]
SQL: SELECT * FROM `atype_info` WHERE ( type_id = 104 ) ORDER BY num desc  [ RunTime:0.0004s ]
SQL: SHOW COLUMNS FROM `atype` [ RunTime:0.0164s ]
SQL: SELECT * FROM `atype` WHERE ( type_id = 126 )  [ RunTime:0.0003s ]
SQL: SELECT * FROM `atype_info` WHERE ( type_id = 124 ) ORDER BY num desc  [ RunTime:0.0003s ]
INFO: [ view_parse ] --START--
INFO: [ template_filter ] --START--
INFO: Run Behavior\ContentReplaceBehavior [ RunTime:0.000063s ]
INFO: [ template_filter ] --END-- [ RunTime:0.000106s ]
INFO: Run Behavior\ParseTemplateBehavior [ RunTime:0.010594s ]
INFO: [ view_parse ] --END-- [ RunTime:0.010662s ]
INFO: [ view_filter ] --START--
INFO: Run Behavior\WriteHtmlCacheBehavior [ RunTime:0.000397s ]
INFO: [ view_filter ] --END-- [ RunTime:0.000432s ]
INFO: [ app_end ] --START--
INFO: Run Behavior\ShowPageTraceBehavior [ RunTime:0.000639s ]
INFO: [ app_end ] --END-- [ RunTime:0.000675s ]

[ 2015-04-27T17:30:35+08:00 ] ::1 /1001hotel/index.php/Home/Join/handle.html
INFO: [ app_init ] --START--
INFO: Run Behavior\BuildLiteBehavior [ RunTime:0.000013s ]
INFO: [ app_init ] --END-- [ RunTime:0.000392s ]
INFO: [ app_begin ] --START--
INFO: Run Behavior\ReadHtmlCacheBehavior [ RunTime:0.000619s ]
INFO: [ app_begin ] --END-- [ RunTime:0.000666s ]
SQL: SHOW COLUMNS FROM `atype_info` [ RunTime:0.0281s ]
SQL: SELECT * FROM `atype_info` WHERE ( id = 10 ) LIMIT 1   [ RunTime:0.0004s ]
SQL: SELECT * FROM `atype_info` WHERE ( type_id = 104 ) ORDER BY num desc  [ RunTime:0.0005s ]
SQL: SHOW COLUMNS FROM `atype` [ RunTime:0.0162s ]
SQL: SELECT * FROM `atype` WHERE ( id = 128 ) LIMIT 1   [ RunTime:0.0004s ]
SQL: INSERT INTO `atype_info` (`type_id`,`num`,`cn_name`,`cn_title`,`cn_description`,`date1`) VALUES ('128','20','业务资讯2015-04-27 17:30:31','guanghong2005@163.com','fasdfsdfasdfsd巴萨的发生的纠纷','2015-04-27 17:30:31') [ RunTime:0.0005s ]
INFO: [ view_parse ] --START--
INFO: [ template_filter ] --START--
INFO: Run Behavior\ContentReplaceBehavior [ RunTime:0.000066s ]
INFO: [ template_filter ] --END-- [ RunTime:0.000136s ]
INFO: Run Behavior\ParseTemplateBehavior [ RunTime:0.011676s ]
INFO: [ view_parse ] --END-- [ RunTime:0.011769s ]
INFO: [ view_filter ] --START--
INFO: Run Behavior\WriteHtmlCacheBehavior [ RunTime:0.000645s ]
INFO: [ view_filter ] --END-- [ RunTime:0.000701s ]
INFO: [ app_end ] --START--
INFO: Run Behavior\ShowPageTraceBehavior [ RunTime:0.001344s ]
INFO: [ app_end ] --END-- [ RunTime:0.001405s ]

[ 2015-04-27T17:30:37+08:00 ] ::1 /1001hotel/index.php/Home/Join/index.html
INFO: [ app_init ] --START--
INFO: Run Behavior\BuildLiteBehavior [ RunTime:0.000026s ]
INFO: [ app_init ] --END-- [ RunTime:0.000932s ]
INFO: [ app_begin ] --START--
INFO: Run Behavior\ReadHtmlCacheBehavior [ RunTime:0.001190s ]
INFO: [ app_begin ] --END-- [ RunTime:0.001261s ]
SQL: SHOW COLUMNS FROM `atype_info` [ RunTime:0.0517s ]
SQL: SELECT * FROM `atype_info` WHERE ( id = 10 ) LIMIT 1   [ RunTime:0.0010s ]
SQL: SELECT * FROM `atype_info` WHERE ( type_id = 104 ) ORDER BY num desc  [ RunTime:0.0007s ]
SQL: SHOW COLUMNS FROM `atype` [ RunTime:0.0209s ]
SQL: SELECT * FROM `atype` WHERE ( type_id = 126 )  [ RunTime:0.0003s ]
SQL: SELECT * FROM `atype_info` WHERE ( type_id = 124 ) ORDER BY num desc  [ RunTime:0.0003s ]
INFO: [ view_parse ] --START--
INFO: [ template_filter ] --START--
INFO: Run Behavior\ContentReplaceBehavior [ RunTime:0.000063s ]
INFO: [ template_filter ] --END-- [ RunTime:0.000109s ]
INFO: Run Behavior\ParseTemplateBehavior [ RunTime:0.011042s ]
INFO: [ view_parse ] --END-- [ RunTime:0.011120s ]
INFO: [ view_filter ] --START--
INFO: Run Behavior\WriteHtmlCacheBehavior [ RunTime:0.000433s ]
INFO: [ view_filter ] --END-- [ RunTime:0.000470s ]
INFO: [ app_end ] --START--
INFO: Run Behavior\ShowPageTraceBehavior [ RunTime:0.000665s ]
INFO: [ app_end ] --END-- [ RunTime:0.000705s ]

[ 2015-04-27T17:32:26+08:00 ] ::1 /1001hotel/index.php/Home/Join/index.html
INFO: [ app_init ] --START--
INFO: Run Behavior\BuildLiteBehavior [ RunTime:0.000011s ]
INFO: [ app_init ] --END-- [ RunTime:0.000393s ]
INFO: [ app_begin ] --START--
INFO: Run Behavior\ReadHtmlCacheBehavior [ RunTime:0.000649s ]
INFO: [ app_begin ] --END-- [ RunTime:0.000692s ]
SQL: SHOW COLUMNS FROM `atype_info` [ RunTime:0.0212s ]
SQL: SELECT * FROM `atype_info` WHERE ( id = 10 ) LIMIT 1   [ RunTime:0.0005s ]
SQL: SELECT * FROM `atype_info` WHERE ( type_id = 104 ) ORDER BY num desc  [ RunTime:0.0007s ]
SQL: SHOW COLUMNS FROM `atype` [ RunTime:0.0158s ]
SQL: SELECT * FROM `atype` WHERE ( type_id = 126 )  [ RunTime:0.0004s ]
SQL: SELECT * FROM `atype_info` WHERE ( type_id = 124 ) ORDER BY num desc  [ RunTime:0.0005s ]
INFO: [ view_parse ] --START--
INFO: [ template_filter ] --START--
INFO: Run Behavior\ContentReplaceBehavior [ RunTime:0.000105s ]
INFO: [ template_filter ] --END-- [ RunTime:0.000159s ]
INFO: Run Behavior\ParseTemplateBehavior [ RunTime:0.011139s ]
INFO: [ view_parse ] --END-- [ RunTime:0.011235s ]
INFO: [ view_filter ] --START--
INFO: Run Behavior\WriteHtmlCacheBehavior [ RunTime:0.000471s ]
INFO: [ view_filter ] --END-- [ RunTime:0.000508s ]
INFO: [ app_end ] --START--
INFO: Run Behavior\ShowPageTraceBehavior [ RunTime:0.000750s ]
INFO: [ app_end ] --END-- [ RunTime:0.000789s ]

[ 2015-04-27T17:32:46+08:00 ] ::1 /1001hotel/index.php/Home/Join/handle.html
INFO: [ app_init ] --START--
INFO: Run Behavior\BuildLiteBehavior [ RunTime:0.000012s ]
INFO: [ app_init ] --END-- [ RunTime:0.000393s ]
INFO: [ app_begin ] --START--
INFO: Run Behavior\ReadHtmlCacheBehavior [ RunTime:0.000624s ]
INFO: [ app_begin ] --END-- [ RunTime:0.000670s ]
SQL: SHOW COLUMNS FROM `atype_info` [ RunTime:0.0452s ]
SQL: SELECT * FROM `atype_info` WHERE ( id = 10 ) LIMIT 1   [ RunTime:0.0006s ]
SQL: SELECT * FROM `atype_info` WHERE ( type_id = 104 ) ORDER BY num desc  [ RunTime:0.0006s ]
SQL: SHOW COLUMNS FROM `atype` [ RunTime:0.0199s ]
SQL: SELECT * FROM `atype` WHERE ( id = 129 ) LIMIT 1   [ RunTime:0.0003s ]
SQL: INSERT INTO `atype_info` (`type_id`,`num`,`cn_name`,`cn_title`,`cn_description`,`date1`) VALUES ('129','20','其他信息2015-04-27 17:32:45','guanghong2005@163.com','fasdfasdffa231423423142','2015-04-27 17:32:45') [ RunTime:0.0003s ]
INFO: [ view_parse ] --START--
INFO: [ template_filter ] --START--
INFO: Run Behavior\ContentReplaceBehavior [ RunTime:0.000124s ]
INFO: [ template_filter ] --END-- [ RunTime:0.000255s ]
INFO: Run Behavior\ParseTemplateBehavior [ RunTime:0.023319s ]
INFO: [ view_parse ] --END-- [ RunTime:0.023484s ]
INFO: [ view_filter ] --START--
INFO: Run Behavior\WriteHtmlCacheBehavior [ RunTime:0.001173s ]
INFO: [ view_filter ] --END-- [ RunTime:0.001280s ]
INFO: [ app_end ] --START--
INFO: Run Behavior\ShowPageTraceBehavior [ RunTime:0.002197s ]
INFO: [ app_end ] --END-- [ RunTime:0.002318s ]

[ 2015-04-27T17:32:48+08:00 ] ::1 /1001hotel/index.php/Home/Join/index.html
INFO: [ app_init ] --START--
INFO: Run Behavior\BuildLiteBehavior [ RunTime:0.000017s ]
INFO: [ app_init ] --END-- [ RunTime:0.000566s ]
INFO: [ app_begin ] --START--
INFO: Run Behavior\ReadHtmlCacheBehavior [ RunTime:0.000782s ]
INFO: [ app_begin ] --END-- [ RunTime:0.000839s ]
SQL: SHOW COLUMNS FROM `atype_info` [ RunTime:0.0218s ]
SQL: SELECT * FROM `atype_info` WHERE ( id = 10 ) LIMIT 1   [ RunTime:0.0006s ]
SQL: SELECT * FROM `atype_info` WHERE ( type_id = 104 ) ORDER BY num desc  [ RunTime:0.0006s ]
SQL: SHOW COLUMNS FROM `atype` [ RunTime:0.0171s ]
SQL: SELECT * FROM `atype` WHERE ( type_id = 126 )  [ RunTime:0.0008s ]
SQL: SELECT * FROM `atype_info` WHERE ( type_id = 124 ) ORDER BY num desc  [ RunTime:0.0005s ]
INFO: [ view_parse ] --START--
INFO: [ template_filter ] --START--
INFO: Run Behavior\ContentReplaceBehavior [ RunTime:0.000071s ]
INFO: [ template_filter ] --END-- [ RunTime:0.000120s ]
INFO: Run Behavior\ParseTemplateBehavior [ RunTime:0.011705s ]
INFO: [ view_parse ] --END-- [ RunTime:0.011842s ]
INFO: [ view_filter ] --START--
INFO: Run Behavior\WriteHtmlCacheBehavior [ RunTime:0.000435s ]
INFO: [ view_filter ] --END-- [ RunTime:0.000472s ]
INFO: [ app_end ] --START--
INFO: Run Behavior\ShowPageTraceBehavior [ RunTime:0.000689s ]
INFO: [ app_end ] --END-- [ RunTime:0.000734s ]

[ 2015-04-27T17:34:40+08:00 ] ::1 /1001hotel/index.php/Home/Join/index.html
INFO: [ app_init ] --START--
INFO: Run Behavior\BuildLiteBehavior [ RunTime:0.000016s ]
INFO: [ app_init ] --END-- [ RunTime:0.000585s ]
INFO: [ app_begin ] --START--
INFO: Run Behavior\ReadHtmlCacheBehavior [ RunTime:0.000692s ]
INFO: [ app_begin ] --END-- [ RunTime:0.000747s ]
SQL: SHOW COLUMNS FROM `atype_info` [ RunTime:0.0202s ]
SQL: SELECT * FROM `atype_info` WHERE ( id = 10 ) LIMIT 1   [ RunTime:0.0004s ]
SQL: SELECT * FROM `atype_info` WHERE ( type_id = 104 ) ORDER BY num desc  [ RunTime:0.0005s ]
SQL: SHOW COLUMNS FROM `atype` [ RunTime:0.0165s ]
SQL: SELECT * FROM `atype` WHERE ( type_id = 126 )  [ RunTime:0.0004s ]
SQL: SELECT * FROM `atype_info` WHERE ( type_id = 124 ) ORDER BY num desc  [ RunTime:0.0004s ]
INFO: [ view_parse ] --START--
INFO: [ template_filter ] --START--
INFO: Run Behavior\ContentReplaceBehavior [ RunTime:0.000062s ]
INFO: [ template_filter ] --END-- [ RunTime:0.000108s ]
INFO: Run Behavior\ParseTemplateBehavior [ RunTime:0.010422s ]
INFO: [ view_parse ] --END-- [ RunTime:0.010496s ]
INFO: [ view_filter ] --START--
INFO: Run Behavior\WriteHtmlCacheBehavior [ RunTime:0.000502s ]
INFO: [ view_filter ] --END-- [ RunTime:0.000545s ]
INFO: [ app_end ] --START--
INFO: Run Behavior\ShowPageTraceBehavior [ RunTime:0.000701s ]
INFO: [ app_end ] --END-- [ RunTime:0.000746s ]

[ 2015-04-27T17:34:58+08:00 ] ::1 /1001hotel/index.php/Home/Join/handle.html
INFO: [ app_init ] --START--
INFO: Run Behavior\BuildLiteBehavior [ RunTime:0.000014s ]
INFO: [ app_init ] --END-- [ RunTime:0.000442s ]
INFO: [ app_begin ] --START--
INFO: Run Behavior\ReadHtmlCacheBehavior [ RunTime:0.000658s ]
INFO: [ app_begin ] --END-- [ RunTime:0.000708s ]
SQL: SHOW COLUMNS FROM `atype_info` [ RunTime:0.0248s ]
SQL: SELECT * FROM `atype_info` WHERE ( id = 10 ) LIMIT 1   [ RunTime:0.0005s ]
SQL: SELECT * FROM `atype_info` WHERE ( type_id = 104 ) ORDER BY num desc  [ RunTime:0.0007s ]
SQL: SHOW COLUMNS FROM `atype` [ RunTime:0.0196s ]
SQL: SELECT * FROM `atype` WHERE ( id = 129 ) LIMIT 1   [ RunTime:0.0005s ]
SQL: INSERT INTO `atype_info` (`type_id`,`num`,`cn_name`,`cn_title`,`cn_description`,`date1`) VALUES ('129','20','其他信息2015-04-27 17:34:56','guanghong2005@163.com','fdfasdfsdffd231231232','2015-04-27 17:34:56') [ RunTime:0.0004s ]
INFO: [ view_parse ] --START--
INFO: [ template_filter ] --START--
INFO: Run Behavior\ContentReplaceBehavior [ RunTime:0.000072s ]
INFO: [ template_filter ] --END-- [ RunTime:0.000151s ]
INFO: Run Behavior\ParseTemplateBehavior [ RunTime:0.013829s ]
INFO: [ view_parse ] --END-- [ RunTime:0.013933s ]
INFO: [ view_filter ] --START--
INFO: Run Behavior\WriteHtmlCacheBehavior [ RunTime:0.000902s ]
INFO: [ view_filter ] --END-- [ RunTime:0.000977s ]
INFO: [ app_end ] --START--
INFO: Run Behavior\ShowPageTraceBehavior [ RunTime:0.001342s ]
INFO: [ app_end ] --END-- [ RunTime:0.001423s ]

[ 2015-04-27T17:35:00+08:00 ] ::1 /1001hotel/index.php/Home/Join/index.html
INFO: [ app_init ] --START--
INFO: Run Behavior\BuildLiteBehavior [ RunTime:0.000019s ]
INFO: [ app_init ] --END-- [ RunTime:0.000571s ]
INFO: [ app_begin ] --START--
INFO: Run Behavior\ReadHtmlCacheBehavior [ RunTime:0.000929s ]
INFO: [ app_begin ] --END-- [ RunTime:0.001001s ]
SQL: SHOW COLUMNS FROM `atype_info` [ RunTime:0.0339s ]
SQL: SELECT * FROM `atype_info` WHERE ( id = 10 ) LIMIT 1   [ RunTime:0.0005s ]
SQL: SELECT * FROM `atype_info` WHERE ( type_id = 104 ) ORDER BY num desc  [ RunTime:0.0005s ]
SQL: SHOW COLUMNS FROM `atype` [ RunTime:0.0162s ]
SQL: SELECT * FROM `atype` WHERE ( type_id = 126 )  [ RunTime:0.0003s ]
SQL: SELECT * FROM `atype_info` WHERE ( type_id = 124 ) ORDER BY num desc  [ RunTime:0.0003s ]
INFO: [ view_parse ] --START--
INFO: [ template_filter ] --START--
INFO: Run Behavior\ContentReplaceBehavior [ RunTime:0.000064s ]
INFO: [ template_filter ] --END-- [ RunTime:0.000110s ]
INFO: Run Behavior\ParseTemplateBehavior [ RunTime:0.010925s ]
INFO: [ view_parse ] --END-- [ RunTime:0.010991s ]
INFO: [ view_filter ] --START--
INFO: Run Behavior\WriteHtmlCacheBehavior [ RunTime:0.000424s ]
INFO: [ view_filter ] --END-- [ RunTime:0.000462s ]
INFO: [ app_end ] --START--
INFO: Run Behavior\ShowPageTraceBehavior [ RunTime:0.000720s ]
INFO: [ app_end ] --END-- [ RunTime:0.000765s ]

