[ 2015-04-27T15:03:48+08:00 ] ::1 /1001hotel/newwebadmin/UntitledFrame-1
INFO: [ app_init ] --START--
INFO: Run Behavior\BuildLiteBehavior [ RunTime:0.000017s ]
INFO: [ app_init ] --END-- [ RunTime:0.009651s ]
ERR: 无法加载模块:Newwebadmin

[ 2015-04-27T15:04:23+08:00 ] ::1 /1001hotel/newwebadmin/UntitledFrame-1
INFO: [ app_init ] --START--
INFO: Run Behavior\BuildLiteBehavior [ RunTime:0.000019s ]
INFO: [ app_init ] --END-- [ RunTime:0.001626s ]
ERR: 无法加载模块:Newwebadmin

[ 2015-04-27T15:04:53+08:00 ] ::1 /1001hotel/newwebadmin/UntitledFrame-1
INFO: [ app_init ] --START--
INFO: Run Behavior\BuildLiteBehavior [ RunTime:0.000017s ]
INFO: [ app_init ] --END-- [ RunTime:0.000522s ]
ERR: 无法加载模块:Newwebadmin

[ 2015-04-27T15:31:48+08:00 ] ::1 /1001hotel/newwebadmin/UntitledFrame-1
INFO: [ app_init ] --START--
INFO: Run Behavior\BuildLiteBehavior [ RunTime:0.000017s ]
INFO: [ app_init ] --END-- [ RunTime:0.000646s ]
ERR: 无法加载模块:Newwebadmin

[ 2015-04-27T15:56:14+08:00 ] ::1 /1001hotel/newwebadmin/css/css.css
INFO: [ app_init ] --START--
INFO: Run Behavior\BuildLiteBehavior [ RunTime:0.000014s ]
INFO: [ app_init ] --END-- [ RunTime:0.000475s ]
ERR: 无法加载模块:Newwebadmin

[ 2015-04-27T15:56:56+08:00 ] ::1 /1001hotel/newwebadmin/css/css.css
INFO: [ app_init ] --START--
INFO: Run Behavior\BuildLiteBehavior [ RunTime:0.000014s ]
INFO: [ app_init ] --END-- [ RunTime:0.000424s ]
ERR: 无法加载模块:Newwebadmin

[ 2015-04-27T15:57:05+08:00 ] ::1 /1001hotel/newwebadmin/css/css.css
INFO: [ app_init ] --START--
INFO: Run Behavior\BuildLiteBehavior [ RunTime:0.000016s ]
INFO: [ app_init ] --END-- [ RunTime:0.000472s ]
ERR: 无法加载模块:Newwebadmin

[ 2015-04-27T15:57:05+08:00 ] ::1 /1001hotel/newwebadmin/css/css.css
INFO: [ app_init ] --START--
INFO: Run Behavior\BuildLiteBehavior [ RunTime:0.000015s ]
INFO: [ app_init ] --END-- [ RunTime:0.000523s ]
ERR: 无法加载模块:Newwebadmin

[ 2015-04-27T15:57:58+08:00 ] ::1 /1001hotel/newwebadmin/css/css.css
INFO: [ app_init ] --START--
INFO: Run Behavior\BuildLiteBehavior [ RunTime:0.000013s ]
INFO: [ app_init ] --END-- [ RunTime:0.000418s ]
ERR: 无法加载模块:Newwebadmin

[ 2015-04-27T16:00:45+08:00 ] ::1 /1001hotel/newwebadmin/UntitledFrame-1
INFO: [ app_init ] --START--
INFO: Run Behavior\BuildLiteBehavior [ RunTime:0.000016s ]
INFO: [ app_init ] --END-- [ RunTime:0.000555s ]
ERR: 无法加载模块:Newwebadmin

[ 2015-04-27T16:03:20+08:00 ] ::1 /1001hotel/newwebadmin/UntitledFrame-1
INFO: [ app_init ] --START--
INFO: Run Behavior\BuildLiteBehavior [ RunTime:0.000017s ]
INFO: [ app_init ] --END-- [ RunTime:0.000731s ]
ERR: 无法加载模块:Newwebadmin

[ 2015-04-27T16:04:42+08:00 ] ::1 /1001hotel/newwebadmin/UntitledFrame-1
INFO: [ app_init ] --START--
INFO: Run Behavior\BuildLiteBehavior [ RunTime:0.000014s ]
INFO: [ app_init ] --END-- [ RunTime:0.000452s ]
ERR: 无法加载模块:Newwebadmin

