[ 2015-04-23T10:58:13+08:00 ] ::1 /1001hotel/newwebadmin/UntitledFrame-1
INFO: [ app_init ] --START--
INFO: Run Behavior\BuildLiteBehavior [ RunTime:0.000014s ]
INFO: [ app_init ] --END-- [ RunTime:0.000433s ]
ERR: 无法加载模块:Newwebadmin

[ 2015-04-23T11:29:16+08:00 ] ::1 /1001hotel/newwebadmin/UntitledFrame-1
INFO: [ app_init ] --START--
INFO: Run Behavior\BuildLiteBehavior [ RunTime:0.000016s ]
INFO: [ app_init ] --END-- [ RunTime:0.000476s ]
ERR: 无法加载模块:Newwebadmin

[ 2015-04-23T11:50:33+08:00 ] ::1 /1001hotel/newwebadmin/css/css.css
INFO: [ app_init ] --START--
INFO: Run Behavior\BuildLiteBehavior [ RunTime:0.000014s ]
INFO: [ app_init ] --END-- [ RunTime:0.000442s ]
ERR: 无法加载模块:Newwebadmin

[ 2015-04-23T11:51:20+08:00 ] ::1 /1001hotel/newwebadmin/css/css.css
INFO: [ app_init ] --START--
INFO: Run Behavior\BuildLiteBehavior [ RunTime:0.000014s ]
INFO: [ app_init ] --END-- [ RunTime:0.000390s ]
ERR: 无法加载模块:Newwebadmin

[ 2015-04-23T11:51:35+08:00 ] ::1 /1001hotel/newwebadmin/css/css.css
INFO: [ app_init ] --START--
INFO: Run Behavior\BuildLiteBehavior [ RunTime:0.000017s ]
INFO: [ app_init ] --END-- [ RunTime:0.000643s ]
ERR: 无法加载模块:Newwebadmin

[ 2015-04-23T11:51:35+08:00 ] ::1 /1001hotel/newwebadmin/css/css.css
INFO: [ app_init ] --START--
INFO: Run Behavior\BuildLiteBehavior [ RunTime:0.000012s ]
INFO: [ app_init ] --END-- [ RunTime:0.000401s ]
ERR: 无法加载模块:Newwebadmin

[ 2015-04-23T11:51:56+08:00 ] ::1 /1001hotel/newwebadmin/media/images/union-pic1.jpg
INFO: [ app_init ] --START--
INFO: Run Behavior\BuildLiteBehavior [ RunTime:0.000014s ]
INFO: [ app_init ] --END-- [ RunTime:0.000426s ]
ERR: 无法加载模块:Newwebadmin

[ 2015-04-23T11:52:20+08:00 ] ::1 /1001hotel/editor/dialogs/media/images/union-pic1.jpg
INFO: [ app_init ] --START--
INFO: Run Behavior\BuildLiteBehavior [ RunTime:0.000015s ]
INFO: [ app_init ] --END-- [ RunTime:0.000424s ]
ERR: 无法加载模块:Editor

[ 2015-04-23T11:52:37+08:00 ] ::1 /1001hotel/editor/dialogs/media/images/union-pic1.jpg
INFO: [ app_init ] --START--
INFO: Run Behavior\BuildLiteBehavior [ RunTime:0.000016s ]
INFO: [ app_init ] --END-- [ RunTime:0.000450s ]
ERR: 无法加载模块:Editor

[ 2015-04-23T11:53:32+08:00 ] ::1 /1001hotel/newwebadmin/css/css.css
INFO: [ app_init ] --START--
INFO: Run Behavior\BuildLiteBehavior [ RunTime:0.000014s ]
INFO: [ app_init ] --END-- [ RunTime:0.000462s ]
ERR: 无法加载模块:Newwebadmin

[ 2015-04-23T11:53:38+08:00 ] ::1 /1001hotel/newwebadmin/css/css.css
INFO: [ app_init ] --START--
INFO: Run Behavior\BuildLiteBehavior [ RunTime:0.000015s ]
INFO: [ app_init ] --END-- [ RunTime:0.000505s ]
ERR: 无法加载模块:Newwebadmin

[ 2015-04-23T11:53:38+08:00 ] ::1 /1001hotel/newwebadmin/css/css.css
INFO: [ app_init ] --START--
INFO: Run Behavior\BuildLiteBehavior [ RunTime:0.000012s ]
INFO: [ app_init ] --END-- [ RunTime:0.000381s ]
ERR: 无法加载模块:Newwebadmin

[ 2015-04-23T11:55:07+08:00 ] ::1 /1001hotel/newwebadmin/css/css.css
INFO: [ app_init ] --START--
INFO: Run Behavior\BuildLiteBehavior [ RunTime:0.000014s ]
INFO: [ app_init ] --END-- [ RunTime:0.000383s ]
ERR: 无法加载模块:Newwebadmin

[ 2015-04-23T11:55:17+08:00 ] ::1 /1001hotel/newwebadmin/css/css.css
INFO: [ app_init ] --START--
INFO: Run Behavior\BuildLiteBehavior [ RunTime:0.000013s ]
INFO: [ app_init ] --END-- [ RunTime:0.000382s ]
ERR: 无法加载模块:Newwebadmin

[ 2015-04-23T11:55:17+08:00 ] ::1 /1001hotel/newwebadmin/css/css.css
INFO: [ app_init ] --START--
INFO: Run Behavior\BuildLiteBehavior [ RunTime:0.000015s ]
INFO: [ app_init ] --END-- [ RunTime:0.000416s ]
ERR: 无法加载模块:Newwebadmin

[ 2015-04-23T11:55:56+08:00 ] ::1 /1001hotel/newwebadmin/css/css.css
INFO: [ app_init ] --START--
INFO: Run Behavior\BuildLiteBehavior [ RunTime:0.000013s ]
INFO: [ app_init ] --END-- [ RunTime:0.000408s ]
ERR: 无法加载模块:Newwebadmin

[ 2015-04-23T11:56:09+08:00 ] ::1 /1001hotel/newwebadmin/css/css.css
INFO: [ app_init ] --START--
INFO: Run Behavior\BuildLiteBehavior [ RunTime:0.000013s ]
INFO: [ app_init ] --END-- [ RunTime:0.000373s ]
ERR: 无法加载模块:Newwebadmin

[ 2015-04-23T11:56:09+08:00 ] ::1 /1001hotel/newwebadmin/css/css.css
INFO: [ app_init ] --START--
INFO: Run Behavior\BuildLiteBehavior [ RunTime:0.000015s ]
INFO: [ app_init ] --END-- [ RunTime:0.000570s ]
ERR: 无法加载模块:Newwebadmin

[ 2015-04-23T11:57:16+08:00 ] ::1 /1001hotel/newwebadmin/UntitledFrame-1
INFO: [ app_init ] --START--
INFO: Run Behavior\BuildLiteBehavior [ RunTime:0.000018s ]
INFO: [ app_init ] --END-- [ RunTime:0.000490s ]
ERR: 无法加载模块:Newwebadmin

[ 2015-04-23T15:21:46+08:00 ] ::1 /1001hotel/newwebadmin/css/css.css
INFO: [ app_init ] --START--
INFO: Run Behavior\BuildLiteBehavior [ RunTime:0.000012s ]
INFO: [ app_init ] --END-- [ RunTime:0.000371s ]
ERR: 无法加载模块:Newwebadmin

[ 2015-04-23T15:22:04+08:00 ] ::1 /1001hotel/newwebadmin/css/css.css
INFO: [ app_init ] --START--
INFO: Run Behavior\BuildLiteBehavior [ RunTime:0.000014s ]
INFO: [ app_init ] --END-- [ RunTime:0.000483s ]
ERR: 无法加载模块:Newwebadmin

[ 2015-04-23T15:22:04+08:00 ] ::1 /1001hotel/newwebadmin/css/css.css
INFO: [ app_init ] --START--
INFO: Run Behavior\BuildLiteBehavior [ RunTime:0.000016s ]
INFO: [ app_init ] --END-- [ RunTime:0.000636s ]
ERR: 无法加载模块:Newwebadmin

[ 2015-04-23T15:29:43+08:00 ] ::1 /1001hotel/newwebadmin/css/css.css
INFO: [ app_init ] --START--
INFO: Run Behavior\BuildLiteBehavior [ RunTime:0.000013s ]
INFO: [ app_init ] --END-- [ RunTime:0.000398s ]
ERR: 无法加载模块:Newwebadmin

